#
# A fatal error has been detected by the Java Runtime Environment:
#
#  EXCEPTION_ACCESS_VIOLATION (0xc0000005) at pc=0x00007ffe470d4445, pid=28436, tid=1120
#
# JRE version: Java(TM) SE Runtime Environment (22.0+36) (build 22+36-2370)
# Java VM: Java HotSpot(TM) 64-Bit Server VM (22+36-2370, mixed mode, sharing, tiered, compressed oops, compressed class ptrs, g1 gc, windows-amd64)
# Problematic frame:
# C  [atio6axx.dll+0x54445]
#
# No core dump will be written. Minidumps are not enabled by default on client versions of Windows
#
# If you would like to submit a bug report, please visit:
#   https://bugreport.java.com/bugreport/crash.jsp
# The crash happened outside the Java Virtual Machine in native code.
# See problematic frame for where to report the bug.
#

---------------  S U M M A R Y ------------

Command Line: -Dfile.encoding=UTF-8 -Duser.country=US -Duser.language=en -Duser.variant Main

Host: AMD Ryzen 7 5800HS with Radeon Graphics        , 16 cores, 11G,  Windows 11 , 64 bit Build 26100 (10.0.26100.3323)
Time: Sat Mar 29 01:01:18 2025 Eastern Daylight Time elapsed time: 0.588579 seconds (0d 0h 0m 0s)

---------------  T H R E A D  ---------------

Current thread (0x0000023492b6e200):  JavaThread "main"             [_thread_in_native, id=1120, stack(0x000000fdd6500000,0x000000fdd6600000) (1024K)]

Stack: [0x000000fdd6500000,0x000000fdd6600000],  sp=0x000000fdd65fedf8,  free space=1019k
Native frames: (J=compiled Java code, j=interpreted, Vv=VM code, C=native code)
C  [atio6axx.dll+0x54445]  (no source info available)

Java frames: (J=compiled Java code, j=interpreted, Vv=VM code)
j  org.lwjgl.opengl.GL11C.nglDrawElements(IIIJ)V+0
j  org.lwjgl.opengl.GL11C.glDrawElements(IIIJ)V+4
j  org.lwjgl.opengl.GL11.glDrawElements(IIIJ)V+4
j  Underworld.LevelEditorScene.update(F)V+32
j  Underworld.Window.loop()V+55
j  Underworld.Window.run()V+19
j  Main.main([Ljava/lang/String;)V+5
v  ~StubRoutines::call_stub 0x00000234a467100d

siginfo: EXCEPTION_ACCESS_VIOLATION (0xc0000005), reading address 0x0000000000000000


Registers:
RAX=0x00007ffe470d4445, RBX=0x0000023482724058, RCX=0x0000023482724080, RDX=0x0000000000000000
RSP=0x000000fdd65fedf8, RBP=0x00000234825ece00, RSI=0x00000234824a9080, RDI=0x00000234ff909078
R8 =0x0000000000000018, R9 =0x00007ffe47080000, R10=0x00000234f96b1ad8, R11=0x000000fdd65fea40
R12=0x0000000000000018, R13=0x0000000000000018, R14=0x0000000000000000, R15=0x0000000000000000
RIP=0x00007ffe470d4445, EFLAGS=0x0000000000010202


Register to memory mapping:

RAX=0x00007ffe470d4445 atio6axx.dll
RBX=0x0000023482724058 points into unknown readable memory: 0x0000000000000000 | 00 00 00 00 00 00 00 00
RCX=0x0000023482724080 points into unknown readable memory: 0x0000000000000000 | 00 00 00 00 00 00 00 00
RDX=0x0 is null
RSP=0x000000fdd65fedf8 is pointing into the stack for thread: 0x0000023492b6e200
RBP=0x00000234825ece00 points into unknown readable memory: 0x000002348271d040 | 40 d0 71 82 34 02 00 00
RSI=0x00000234824a9080 points into unknown readable memory: 0x00007ffe4aa89128 | 28 91 a8 4a fe 7f 00 00
RDI=0x00000234ff909078 points into unknown readable memory: 0x00007ffe4aa890d0 | d0 90 a8 4a fe 7f 00 00
R8 =0x0000000000000018 is an unknown value
R9 =0x00007ffe47080000 atio6axx.dll
R10=0x00000234f96b1ad8 points into unknown readable memory: 0x00007ffe4aa81748 | 48 17 a8 4a fe 7f 00 00
R11=0x000000fdd65fea40 is pointing into the stack for thread: 0x0000023492b6e200
R12=0x0000000000000018 is an unknown value
R13=0x0000000000000018 is an unknown value
R14=0x0 is null
R15=0x0 is null

Top of Stack: (sp=0x000000fdd65fedf8)
0x000000fdd65fedf8:   00007ffe474f107d 0000000000000004
0x000000fdd65fee08:   0000000000001405 00000234f96b1ad8
0x000000fdd65fee18:   0000000000000000 0000023482724080
0x000000fdd65fee28:   0000023482724058 0000000000000040
0x000000fdd65fee38:   0000000000000004 00000234824a9080
0x000000fdd65fee48:   0000000000000004 0000000000001405
0x000000fdd65fee58:   00000234f555ecf8 0000000000000000
0x000000fdd65fee68:   00000234ff909078 0000000000000006
0x000000fdd65fee78:   00000234824a9080 0000000000000000
0x000000fdd65fee88:   00007ffe4759b364 00000234824a9001
0x000000fdd65fee98:   0000023400000004 0000000000000006
0x000000fdd65feea8:   0000000000001405 0000000000000000
0x000000fdd65feeb8:   00007ffe470f9ca6 0000000000000000
0x000000fdd65feec8:   00007ffe00000004 00000234824a9080
0x000000fdd65feed8:   0000003800000000 00000234ff909078
0x000000fdd65feee8:   00000234f555ec00 0000000000000006
0x000000fdd65feef8:   0000000000000004 0000000000000000
0x000000fdd65fef08:   00007ffe471031be 0000023482d59f18
0x000000fdd65fef18:   0000000000001405 00000234824a9080
0x000000fdd65fef28:   00007ffe4b2a8ee0 000000000017555d
0x000000fdd65fef38:   0000023492b6e200 00000234f555ecf8
0x000000fdd65fef48:   0000023492b6e200 00000234a4678800
0x000000fdd65fef58:   00000234ff909078 00000234f555ec00
0x000000fdd65fef68:   00000234f555ecf8 0000023492b6e200
0x000000fdd65fef78:   000000fdd65ff068 0000000000000000
0x000000fdd65fef88:   00000234a467cfc7 00000234f555ecf8
0x000000fdd65fef98:   000000fdd65ff028 0000000000000118
0x000000fdd65fefa8:   00000234a46788c0 0000023400001405
0x000000fdd65fefb8:   0000000000000000 00000234a46788c0
0x000000fdd65fefc8:   00007ffe469c02df 3ff0000000000000
0x000000fdd65fefd8:   00000234a467cc5b fffffffffffffff7
0x000000fdd65fefe8:   00000234f555ecf8 0000000000000008 

Instructions: (pc=0x00007ffe470d4445)
0x00007ffe470d4345:   08 c3 f2 0f 10 02 f2 0f 11 01 0f b7 42 08 66 89
0x00007ffe470d4355:   41 08 0f b6 42 0a 88 41 0a c3 f2 0f 10 02 f2 0f
0x00007ffe470d4365:   11 01 8b 42 08 89 41 08 c3 f2 0f 10 02 f2 0f 11
0x00007ffe470d4375:   01 8b 42 08 89 41 08 0f b6 42 0c 88 41 0c c3 f2
0x00007ffe470d4385:   0f 10 02 f2 0f 11 01 8b 42 08 89 41 08 0f b7 42
0x00007ffe470d4395:   0c 66 89 41 0c c3 f2 0f 10 02 f2 0f 11 01 8b 42
0x00007ffe470d43a5:   08 89 41 08 0f b7 42 0c 66 89 41 0c 0f b6 42 0e
0x00007ffe470d43b5:   88 41 0e c3 0f 10 02 0f 11 01 c3 0f 10 02 0f 11
0x00007ffe470d43c5:   01 0f b6 42 10 88 41 10 c3 0f 10 02 0f 11 01 0f
0x00007ffe470d43d5:   b7 42 10 66 89 41 10 c3 0f 10 02 0f 11 01 0f b7
0x00007ffe470d43e5:   42 10 66 89 41 10 0f b6 42 12 88 41 12 c3 0f 10
0x00007ffe470d43f5:   02 0f 11 01 8b 42 10 89 41 10 c3 0f 10 02 0f 11
0x00007ffe470d4405:   01 8b 42 10 89 41 10 0f b6 42 14 88 41 14 c3 0f
0x00007ffe470d4415:   10 02 0f 11 01 8b 42 10 89 41 10 0f b7 42 14 66
0x00007ffe470d4425:   89 41 14 c3 0f 10 02 0f 11 01 8b 42 10 89 41 10
0x00007ffe470d4435:   0f b7 42 14 66 89 41 14 0f b6 42 16 88 41 16 c3
0x00007ffe470d4445:   0f 10 02 0f 11 01 f2 0f 10 4a 10 f2 0f 11 49 10
0x00007ffe470d4455:   c3 0f 10 02 0f 11 01 f2 0f 10 4a 10 f2 0f 11 49
0x00007ffe470d4465:   10 0f b6 42 18 88 41 18 c3 0f 10 02 0f 11 01 f2
0x00007ffe470d4475:   0f 10 4a 10 f2 0f 11 49 10 0f b7 42 18 66 89 41
0x00007ffe470d4485:   18 c3 0f 10 02 0f 11 01 f2 0f 10 4a 10 f2 0f 11
0x00007ffe470d4495:   49 10 0f b7 42 18 66 89 41 18 0f b6 42 1a 88 41
0x00007ffe470d44a5:   1a c3 0f 10 02 0f 11 01 f2 0f 10 4a 10 f2 0f 11
0x00007ffe470d44b5:   49 10 8b 42 18 89 41 18 c3 0f 10 02 0f 11 01 f2
0x00007ffe470d44c5:   0f 10 4a 10 f2 0f 11 49 10 8b 42 18 89 41 18 0f
0x00007ffe470d44d5:   b6 42 1c 88 41 1c c3 0f 10 02 0f 11 01 f2 0f 10
0x00007ffe470d44e5:   4a 10 f2 0f 11 49 10 8b 42 18 89 41 18 0f b7 42
0x00007ffe470d44f5:   1c 66 89 41 1c c3 0f 10 02 0f 11 01 f2 0f 10 4a
0x00007ffe470d4505:   10 f2 0f 11 49 10 8b 42 18 89 41 18 0f b7 42 1c
0x00007ffe470d4515:   66 89 41 1c 0f b6 42 1e 88 41 1e c3 0f 10 02 0f
0x00007ffe470d4525:   11 01 0f 10 4a 10 0f 11 49 10 c3 0f 10 02 0f 11
0x00007ffe470d4535:   01 0f 10 4a 10 0f 11 49 10 0f b6 42 20 88 41 20 


Stack slot to memory mapping:

stack at sp + 0 slots: 0x00007ffe474f107d atio6axx.dll
stack at sp + 1 slots: 0x0000000000000004 is an unknown value
stack at sp + 2 slots: 0x0000000000001405 is an unknown value
stack at sp + 3 slots: 0x00000234f96b1ad8 points into unknown readable memory: 0x00007ffe4aa81748 | 48 17 a8 4a fe 7f 00 00
stack at sp + 4 slots: 0x0 is null
stack at sp + 5 slots: 0x0000023482724080 points into unknown readable memory: 0x0000000000000000 | 00 00 00 00 00 00 00 00
stack at sp + 6 slots: 0x0000023482724058 points into unknown readable memory: 0x0000000000000000 | 00 00 00 00 00 00 00 00
stack at sp + 7 slots: 0x0000000000000040 is an unknown value


---------------  P R O C E S S  ---------------

Threads class SMR info:
_java_thread_list=0x00000234f91c8d30, length=14, elements={
0x0000023492b6e200, 0x00000234b33478c0, 0x00000234b334c440, 0x00000234b334f240,
0x00000234b3350320, 0x00000234b3351210, 0x00000234b3353db0, 0x00000234b3365b00,
0x00000234b33866f0, 0x00000234b339e510, 0x00000234b36236a0, 0x00000234b364f2a0,
0x00000234ff843d60, 0x00000234ff846430
}

Java Threads: ( => current thread )
=>0x0000023492b6e200 JavaThread "main"                              [_thread_in_native, id=1120, stack(0x000000fdd6500000,0x000000fdd6600000) (1024K)]
  0x00000234b33478c0 JavaThread "Reference Handler"          daemon [_thread_blocked, id=15048, stack(0x000000fdd6d00000,0x000000fdd6e00000) (1024K)]
  0x00000234b334c440 JavaThread "Finalizer"                  daemon [_thread_blocked, id=30056, stack(0x000000fdd6e00000,0x000000fdd6f00000) (1024K)]
  0x00000234b334f240 JavaThread "Signal Dispatcher"          daemon [_thread_blocked, id=23852, stack(0x000000fdd6f00000,0x000000fdd7000000) (1024K)]
  0x00000234b3350320 JavaThread "Attach Listener"            daemon [_thread_blocked, id=7688, stack(0x000000fdd7000000,0x000000fdd7100000) (1024K)]
  0x00000234b3351210 JavaThread "Service Thread"             daemon [_thread_blocked, id=24568, stack(0x000000fdd7100000,0x000000fdd7200000) (1024K)]
  0x00000234b3353db0 JavaThread "Monitor Deflation Thread"   daemon [_thread_blocked, id=16376, stack(0x000000fdd7200000,0x000000fdd7300000) (1024K)]
  0x00000234b3365b00 JavaThread "C2 CompilerThread0"         daemon [_thread_blocked, id=7464, stack(0x000000fdd7300000,0x000000fdd7400000) (1024K)]
  0x00000234b33866f0 JavaThread "C1 CompilerThread0"         daemon [_thread_blocked, id=9344, stack(0x000000fdd7400000,0x000000fdd7500000) (1024K)]
  0x00000234b339e510 JavaThread "C1 CompilerThread1"         daemon [_thread_blocked, id=8588, stack(0x000000fdd7500000,0x000000fdd7600000) (1024K)]
  0x00000234b36236a0 JavaThread "Notification Thread"        daemon [_thread_blocked, id=20804, stack(0x000000fdd7600000,0x000000fdd7700000) (1024K)]
  0x00000234b364f2a0 JavaThread "Common-Cleaner"             daemon [_thread_blocked, id=2820, stack(0x000000fdd7700000,0x000000fdd7800000) (1024K)]
  0x00000234ff843d60 JavaThread "C1 CompilerThread2"         daemon [_thread_blocked, id=26760, stack(0x000000fdd7800000,0x000000fdd7900000) (1024K)]
  0x00000234ff846430 JavaThread "C1 CompilerThread3"         daemon [_thread_blocked, id=10688, stack(0x000000fdd7f00000,0x000000fdd8000000) (1024K)]
Total: 14

Other Threads:
  0x00000234b3328fa0 VMThread "VM Thread"                           [id=17048, stack(0x000000fdd6c00000,0x000000fdd6d00000) (1024K)]
  0x00000234b3309a20 WatcherThread "VM Periodic Task Thread"        [id=29644, stack(0x000000fdd6b00000,0x000000fdd6c00000) (1024K)]
  0x0000023494f2e000 WorkerThread "GC Thread#0"                     [id=26588, stack(0x000000fdd6600000,0x000000fdd6700000) (1024K)]
  0x0000023494f3a670 ConcurrentGCThread "G1 Main Marker"            [id=10252, stack(0x000000fdd6700000,0x000000fdd6800000) (1024K)]
  0x0000023494f3c8b0 WorkerThread "G1 Conc#0"                       [id=26964, stack(0x000000fdd6800000,0x000000fdd6900000) (1024K)]
  0x0000023494f9e620 ConcurrentGCThread "G1 Refine#0"               [id=8036, stack(0x000000fdd6900000,0x000000fdd6a00000) (1024K)]
  0x00000234b31db620 ConcurrentGCThread "G1 Service"                [id=28888, stack(0x000000fdd6a00000,0x000000fdd6b00000) (1024K)]
Total: 7

Threads with active compile tasks:
Total: 0

VM state: not at safepoint (normal execution)

VM Mutex/Monitor currently owned by a thread: None

Heap address: 0x0000000749800000, size: 2920 MB, Compressed Oops mode: Zero based, Oop shift amount: 3

CDS archive(s) mapped at: [0x00000234b4000000-0x00000234b4c60000-0x00000234b4c60000), size 12976128, SharedBaseAddress: 0x00000234b4000000, ArchiveRelocationMode: 1.
Compressed class space mapped at: 0x00000234b5000000-0x00000234f5000000, reserved size: 1073741824
Narrow klass base: 0x00000234b4000000, Narrow klass shift: 0, Narrow klass range: 0x41000000

GC Precious Log:
 CardTable entry size: 512
 Card Set container configuration: InlinePtr #cards 4 size 8 Array Of Cards #cards 16 size 48 Howl #buckets 8 coarsen threshold 3686 Howl Bitmap #cards 512 size 80 coarsen threshold 460 Card regions per heap region 1 cards per card region 4096
 CPUs: 16 total, 16 available
 Memory: 11677M
 Large Page Support: Disabled
 NUMA Support: Disabled
 Compressed Oops: Enabled (Zero based)
 Heap Region Size: 2M
 Heap Min Capacity: 8M
 Heap Initial Capacity: 184M
 Heap Max Capacity: 2920M
 Pre-touch: Disabled
 Parallel Workers: 13
 Concurrent Workers: 3
 Concurrent Refinement Workers: 13
 Periodic GC: Disabled

Heap:
 garbage-first heap   total reserved 2990080K, committed 188416K, used 6144K [0x0000000749800000, 0x0000000800000000)
  region size 2048K, 5 young (10240K), 0 survivors (0K)
 Metaspace       used 3866K, committed 4032K, reserved 1114112K
  class space    used 223K, committed 256K, reserved 1048576K

Heap Regions: E=young(eden), S=young(survivor), O=old, HS=humongous(starts), HC=humongous(continues), CS=collection set, F=free, TAMS=top-at-mark-start, PB=parsable bottom
|   0|0x0000000749800000, 0x0000000749800000, 0x0000000749a00000|  0%| F|  |TAMS 0x0000000749800000| PB 0x0000000749800000| Untracked |  0
|   1|0x0000000749a00000, 0x0000000749a00000, 0x0000000749c00000|  0%| F|  |TAMS 0x0000000749a00000| PB 0x0000000749a00000| Untracked |  0
|   2|0x0000000749c00000, 0x0000000749c00000, 0x0000000749e00000|  0%| F|  |TAMS 0x0000000749c00000| PB 0x0000000749c00000| Untracked |  0
|   3|0x0000000749e00000, 0x0000000749e00000, 0x000000074a000000|  0%| F|  |TAMS 0x0000000749e00000| PB 0x0000000749e00000| Untracked |  0
|   4|0x000000074a000000, 0x000000074a000000, 0x000000074a200000|  0%| F|  |TAMS 0x000000074a000000| PB 0x000000074a000000| Untracked |  0
|   5|0x000000074a200000, 0x000000074a200000, 0x000000074a400000|  0%| F|  |TAMS 0x000000074a200000| PB 0x000000074a200000| Untracked |  0
|   6|0x000000074a400000, 0x000000074a400000, 0x000000074a600000|  0%| F|  |TAMS 0x000000074a400000| PB 0x000000074a400000| Untracked |  0
|   7|0x000000074a600000, 0x000000074a600000, 0x000000074a800000|  0%| F|  |TAMS 0x000000074a600000| PB 0x000000074a600000| Untracked |  0
|   8|0x000000074a800000, 0x000000074a800000, 0x000000074aa00000|  0%| F|  |TAMS 0x000000074a800000| PB 0x000000074a800000| Untracked |  0
|   9|0x000000074aa00000, 0x000000074aa00000, 0x000000074ac00000|  0%| F|  |TAMS 0x000000074aa00000| PB 0x000000074aa00000| Untracked |  0
|  10|0x000000074ac00000, 0x000000074ac00000, 0x000000074ae00000|  0%| F|  |TAMS 0x000000074ac00000| PB 0x000000074ac00000| Untracked |  0
|  11|0x000000074ae00000, 0x000000074ae00000, 0x000000074b000000|  0%| F|  |TAMS 0x000000074ae00000| PB 0x000000074ae00000| Untracked |  0
|  12|0x000000074b000000, 0x000000074b000000, 0x000000074b200000|  0%| F|  |TAMS 0x000000074b000000| PB 0x000000074b000000| Untracked |  0
|  13|0x000000074b200000, 0x000000074b200000, 0x000000074b400000|  0%| F|  |TAMS 0x000000074b200000| PB 0x000000074b200000| Untracked |  0
|  14|0x000000074b400000, 0x000000074b400000, 0x000000074b600000|  0%| F|  |TAMS 0x000000074b400000| PB 0x000000074b400000| Untracked |  0
|  15|0x000000074b600000, 0x000000074b600000, 0x000000074b800000|  0%| F|  |TAMS 0x000000074b600000| PB 0x000000074b600000| Untracked |  0
|  16|0x000000074b800000, 0x000000074b800000, 0x000000074ba00000|  0%| F|  |TAMS 0x000000074b800000| PB 0x000000074b800000| Untracked |  0
|  17|0x000000074ba00000, 0x000000074ba00000, 0x000000074bc00000|  0%| F|  |TAMS 0x000000074ba00000| PB 0x000000074ba00000| Untracked |  0
|  18|0x000000074bc00000, 0x000000074bc00000, 0x000000074be00000|  0%| F|  |TAMS 0x000000074bc00000| PB 0x000000074bc00000| Untracked |  0
|  19|0x000000074be00000, 0x000000074be00000, 0x000000074c000000|  0%| F|  |TAMS 0x000000074be00000| PB 0x000000074be00000| Untracked |  0
|  20|0x000000074c000000, 0x000000074c000000, 0x000000074c200000|  0%| F|  |TAMS 0x000000074c000000| PB 0x000000074c000000| Untracked |  0
|  21|0x000000074c200000, 0x000000074c200000, 0x000000074c400000|  0%| F|  |TAMS 0x000000074c200000| PB 0x000000074c200000| Untracked |  0
|  22|0x000000074c400000, 0x000000074c400000, 0x000000074c600000|  0%| F|  |TAMS 0x000000074c400000| PB 0x000000074c400000| Untracked |  0
|  23|0x000000074c600000, 0x000000074c600000, 0x000000074c800000|  0%| F|  |TAMS 0x000000074c600000| PB 0x000000074c600000| Untracked |  0
|  24|0x000000074c800000, 0x000000074c800000, 0x000000074ca00000|  0%| F|  |TAMS 0x000000074c800000| PB 0x000000074c800000| Untracked |  0
|  25|0x000000074ca00000, 0x000000074ca00000, 0x000000074cc00000|  0%| F|  |TAMS 0x000000074ca00000| PB 0x000000074ca00000| Untracked |  0
|  26|0x000000074cc00000, 0x000000074cc00000, 0x000000074ce00000|  0%| F|  |TAMS 0x000000074cc00000| PB 0x000000074cc00000| Untracked |  0
|  27|0x000000074ce00000, 0x000000074ce00000, 0x000000074d000000|  0%| F|  |TAMS 0x000000074ce00000| PB 0x000000074ce00000| Untracked |  0
|  28|0x000000074d000000, 0x000000074d000000, 0x000000074d200000|  0%| F|  |TAMS 0x000000074d000000| PB 0x000000074d000000| Untracked |  0
|  29|0x000000074d200000, 0x000000074d200000, 0x000000074d400000|  0%| F|  |TAMS 0x000000074d200000| PB 0x000000074d200000| Untracked |  0
|  30|0x000000074d400000, 0x000000074d400000, 0x000000074d600000|  0%| F|  |TAMS 0x000000074d400000| PB 0x000000074d400000| Untracked |  0
|  31|0x000000074d600000, 0x000000074d600000, 0x000000074d800000|  0%| F|  |TAMS 0x000000074d600000| PB 0x000000074d600000| Untracked |  0
|  32|0x000000074d800000, 0x000000074d800000, 0x000000074da00000|  0%| F|  |TAMS 0x000000074d800000| PB 0x000000074d800000| Untracked |  0
|  33|0x000000074da00000, 0x000000074da00000, 0x000000074dc00000|  0%| F|  |TAMS 0x000000074da00000| PB 0x000000074da00000| Untracked |  0
|  34|0x000000074dc00000, 0x000000074dc00000, 0x000000074de00000|  0%| F|  |TAMS 0x000000074dc00000| PB 0x000000074dc00000| Untracked |  0
|  35|0x000000074de00000, 0x000000074de00000, 0x000000074e000000|  0%| F|  |TAMS 0x000000074de00000| PB 0x000000074de00000| Untracked |  0
|  36|0x000000074e000000, 0x000000074e000000, 0x000000074e200000|  0%| F|  |TAMS 0x000000074e000000| PB 0x000000074e000000| Untracked |  0
|  37|0x000000074e200000, 0x000000074e200000, 0x000000074e400000|  0%| F|  |TAMS 0x000000074e200000| PB 0x000000074e200000| Untracked |  0
|  38|0x000000074e400000, 0x000000074e400000, 0x000000074e600000|  0%| F|  |TAMS 0x000000074e400000| PB 0x000000074e400000| Untracked |  0
|  39|0x000000074e600000, 0x000000074e600000, 0x000000074e800000|  0%| F|  |TAMS 0x000000074e600000| PB 0x000000074e600000| Untracked |  0
|  40|0x000000074e800000, 0x000000074e800000, 0x000000074ea00000|  0%| F|  |TAMS 0x000000074e800000| PB 0x000000074e800000| Untracked |  0
|  41|0x000000074ea00000, 0x000000074ea00000, 0x000000074ec00000|  0%| F|  |TAMS 0x000000074ea00000| PB 0x000000074ea00000| Untracked |  0
|  42|0x000000074ec00000, 0x000000074ec00000, 0x000000074ee00000|  0%| F|  |TAMS 0x000000074ec00000| PB 0x000000074ec00000| Untracked |  0
|  43|0x000000074ee00000, 0x000000074ee00000, 0x000000074f000000|  0%| F|  |TAMS 0x000000074ee00000| PB 0x000000074ee00000| Untracked |  0
|  44|0x000000074f000000, 0x000000074f000000, 0x000000074f200000|  0%| F|  |TAMS 0x000000074f000000| PB 0x000000074f000000| Untracked |  0
|  45|0x000000074f200000, 0x000000074f200000, 0x000000074f400000|  0%| F|  |TAMS 0x000000074f200000| PB 0x000000074f200000| Untracked |  0
|  46|0x000000074f400000, 0x000000074f400000, 0x000000074f600000|  0%| F|  |TAMS 0x000000074f400000| PB 0x000000074f400000| Untracked |  0
|  47|0x000000074f600000, 0x000000074f600000, 0x000000074f800000|  0%| F|  |TAMS 0x000000074f600000| PB 0x000000074f600000| Untracked |  0
|  48|0x000000074f800000, 0x000000074f800000, 0x000000074fa00000|  0%| F|  |TAMS 0x000000074f800000| PB 0x000000074f800000| Untracked |  0
|  49|0x000000074fa00000, 0x000000074fa00000, 0x000000074fc00000|  0%| F|  |TAMS 0x000000074fa00000| PB 0x000000074fa00000| Untracked |  0
|  50|0x000000074fc00000, 0x000000074fc00000, 0x000000074fe00000|  0%| F|  |TAMS 0x000000074fc00000| PB 0x000000074fc00000| Untracked |  0
|  51|0x000000074fe00000, 0x000000074fe00000, 0x0000000750000000|  0%| F|  |TAMS 0x000000074fe00000| PB 0x000000074fe00000| Untracked |  0
|  52|0x0000000750000000, 0x0000000750000000, 0x0000000750200000|  0%| F|  |TAMS 0x0000000750000000| PB 0x0000000750000000| Untracked |  0
|  53|0x0000000750200000, 0x0000000750200000, 0x0000000750400000|  0%| F|  |TAMS 0x0000000750200000| PB 0x0000000750200000| Untracked |  0
|  54|0x0000000750400000, 0x0000000750400000, 0x0000000750600000|  0%| F|  |TAMS 0x0000000750400000| PB 0x0000000750400000| Untracked |  0
|  55|0x0000000750600000, 0x0000000750600000, 0x0000000750800000|  0%| F|  |TAMS 0x0000000750600000| PB 0x0000000750600000| Untracked |  0
|  56|0x0000000750800000, 0x0000000750800000, 0x0000000750a00000|  0%| F|  |TAMS 0x0000000750800000| PB 0x0000000750800000| Untracked |  0
|  57|0x0000000750a00000, 0x0000000750a00000, 0x0000000750c00000|  0%| F|  |TAMS 0x0000000750a00000| PB 0x0000000750a00000| Untracked |  0
|  58|0x0000000750c00000, 0x0000000750c00000, 0x0000000750e00000|  0%| F|  |TAMS 0x0000000750c00000| PB 0x0000000750c00000| Untracked |  0
|  59|0x0000000750e00000, 0x0000000750e00000, 0x0000000751000000|  0%| F|  |TAMS 0x0000000750e00000| PB 0x0000000750e00000| Untracked |  0
|  60|0x0000000751000000, 0x0000000751000000, 0x0000000751200000|  0%| F|  |TAMS 0x0000000751000000| PB 0x0000000751000000| Untracked |  0
|  61|0x0000000751200000, 0x0000000751200000, 0x0000000751400000|  0%| F|  |TAMS 0x0000000751200000| PB 0x0000000751200000| Untracked |  0
|  62|0x0000000751400000, 0x0000000751400000, 0x0000000751600000|  0%| F|  |TAMS 0x0000000751400000| PB 0x0000000751400000| Untracked |  0
|  63|0x0000000751600000, 0x0000000751600000, 0x0000000751800000|  0%| F|  |TAMS 0x0000000751600000| PB 0x0000000751600000| Untracked |  0
|  64|0x0000000751800000, 0x0000000751800000, 0x0000000751a00000|  0%| F|  |TAMS 0x0000000751800000| PB 0x0000000751800000| Untracked |  0
|  65|0x0000000751a00000, 0x0000000751a00000, 0x0000000751c00000|  0%| F|  |TAMS 0x0000000751a00000| PB 0x0000000751a00000| Untracked |  0
|  66|0x0000000751c00000, 0x0000000751c00000, 0x0000000751e00000|  0%| F|  |TAMS 0x0000000751c00000| PB 0x0000000751c00000| Untracked |  0
|  67|0x0000000751e00000, 0x0000000751e00000, 0x0000000752000000|  0%| F|  |TAMS 0x0000000751e00000| PB 0x0000000751e00000| Untracked |  0
|  68|0x0000000752000000, 0x0000000752000000, 0x0000000752200000|  0%| F|  |TAMS 0x0000000752000000| PB 0x0000000752000000| Untracked |  0
|  69|0x0000000752200000, 0x0000000752200000, 0x0000000752400000|  0%| F|  |TAMS 0x0000000752200000| PB 0x0000000752200000| Untracked |  0
|  70|0x0000000752400000, 0x0000000752400000, 0x0000000752600000|  0%| F|  |TAMS 0x0000000752400000| PB 0x0000000752400000| Untracked |  0
|  71|0x0000000752600000, 0x0000000752600000, 0x0000000752800000|  0%| F|  |TAMS 0x0000000752600000| PB 0x0000000752600000| Untracked |  0
|  72|0x0000000752800000, 0x0000000752800000, 0x0000000752a00000|  0%| F|  |TAMS 0x0000000752800000| PB 0x0000000752800000| Untracked |  0
|  73|0x0000000752a00000, 0x0000000752a00000, 0x0000000752c00000|  0%| F|  |TAMS 0x0000000752a00000| PB 0x0000000752a00000| Untracked |  0
|  74|0x0000000752c00000, 0x0000000752c00000, 0x0000000752e00000|  0%| F|  |TAMS 0x0000000752c00000| PB 0x0000000752c00000| Untracked |  0
|  75|0x0000000752e00000, 0x0000000752e00000, 0x0000000753000000|  0%| F|  |TAMS 0x0000000752e00000| PB 0x0000000752e00000| Untracked |  0
|  76|0x0000000753000000, 0x0000000753000000, 0x0000000753200000|  0%| F|  |TAMS 0x0000000753000000| PB 0x0000000753000000| Untracked |  0
|  77|0x0000000753200000, 0x0000000753200000, 0x0000000753400000|  0%| F|  |TAMS 0x0000000753200000| PB 0x0000000753200000| Untracked |  0
|  78|0x0000000753400000, 0x0000000753400000, 0x0000000753600000|  0%| F|  |TAMS 0x0000000753400000| PB 0x0000000753400000| Untracked |  0
|  79|0x0000000753600000, 0x0000000753600000, 0x0000000753800000|  0%| F|  |TAMS 0x0000000753600000| PB 0x0000000753600000| Untracked |  0
|  80|0x0000000753800000, 0x0000000753800000, 0x0000000753a00000|  0%| F|  |TAMS 0x0000000753800000| PB 0x0000000753800000| Untracked |  0
|  81|0x0000000753a00000, 0x0000000753a00000, 0x0000000753c00000|  0%| F|  |TAMS 0x0000000753a00000| PB 0x0000000753a00000| Untracked |  0
|  82|0x0000000753c00000, 0x0000000753c00000, 0x0000000753e00000|  0%| F|  |TAMS 0x0000000753c00000| PB 0x0000000753c00000| Untracked |  0
|  83|0x0000000753e00000, 0x0000000753e00000, 0x0000000754000000|  0%| F|  |TAMS 0x0000000753e00000| PB 0x0000000753e00000| Untracked |  0
|  84|0x0000000754000000, 0x0000000754000000, 0x0000000754200000|  0%| F|  |TAMS 0x0000000754000000| PB 0x0000000754000000| Untracked |  0
|  85|0x0000000754200000, 0x0000000754200000, 0x0000000754400000|  0%| F|  |TAMS 0x0000000754200000| PB 0x0000000754200000| Untracked |  0
|  86|0x0000000754400000, 0x0000000754400000, 0x0000000754600000|  0%| F|  |TAMS 0x0000000754400000| PB 0x0000000754400000| Untracked |  0
|  87|0x0000000754600000, 0x00000007547943b0, 0x0000000754800000| 78%| E|  |TAMS 0x0000000754600000| PB 0x0000000754600000| Complete |  0
|  88|0x0000000754800000, 0x0000000754a00000, 0x0000000754a00000|100%| E|CS|TAMS 0x0000000754800000| PB 0x0000000754800000| Complete |  0
|  89|0x0000000754a00000, 0x0000000754c00000, 0x0000000754c00000|100%| E|  |TAMS 0x0000000754a00000| PB 0x0000000754a00000| Complete |  0
|  90|0x0000000754c00000, 0x0000000754e00000, 0x0000000754e00000|100%| E|CS|TAMS 0x0000000754c00000| PB 0x0000000754c00000| Complete |  0
|  91|0x0000000754e00000, 0x0000000755000000, 0x0000000755000000|100%| E|CS|TAMS 0x0000000754e00000| PB 0x0000000754e00000| Complete |  0

Card table byte_map: [0x00000234ad060000,0x00000234ad620000] _byte_map_base: 0x00000234a9614000

Marking Bits: (CMBitMap*) 0x0000023494f2e710
 Bits: [0x00000234ad620000, 0x00000234b03c0000)

Polling page: 0x0000023494600000

Metaspace:

Usage:
  Non-class:      3.56 MB used.
      Class:    223.85 KB used.
       Both:      3.78 MB used.

Virtual space:
  Non-class space:       64.00 MB reserved,       3.69 MB (  6%) committed,  1 nodes.
      Class space:        1.00 GB reserved,     256.00 KB ( <1%) committed,  1 nodes.
             Both:        1.06 GB reserved,       3.94 MB ( <1%) committed. 

Chunk freelists:
   Non-Class:  9.92 MB
       Class:  15.63 MB
        Both:  25.55 MB

MaxMetaspaceSize: unlimited
CompressedClassSpaceSize: 1.00 GB
Initial GC threshold: 21.00 MB
Current GC threshold: 21.00 MB
CDS: on
 - commit_granule_bytes: 65536.
 - commit_granule_words: 8192.
 - virtual_space_node_default_size: 8388608.
 - enlarge_chunks_in_place: 1.
 - use_allocation_guard: 0.


Internal statistics:

num_allocs_failed_limit: 0.
num_arena_births: 92.
num_arena_deaths: 0.
num_vsnodes_births: 2.
num_vsnodes_deaths: 0.
num_space_committed: 62.
num_space_uncommitted: 0.
num_chunks_returned_to_freelist: 0.
num_chunks_taken_from_freelist: 194.
num_chunk_merges: 0.
num_chunk_splits: 130.
num_chunks_enlarged: 86.
num_inconsistent_stats: 0.

CodeHeap 'non-profiled nmethods': size=119168Kb used=220Kb max_used=220Kb free=118947Kb
 bounds [0x00000234a4dc0000, 0x00000234a5030000, 0x00000234ac220000]
CodeHeap 'profiled nmethods': size=119104Kb used=1277Kb max_used=1277Kb free=117826Kb
 bounds [0x000002349d220000, 0x000002349d490000, 0x00000234a4670000]
CodeHeap 'non-nmethods': size=7488Kb used=3800Kb max_used=3815Kb free=3687Kb
 bounds [0x00000234a4670000, 0x00000234a4a30000, 0x00000234a4dc0000]
 total_blobs=1906 nmethods=827 adapters=981
 compilation: enabled
              stopped_count=0, restarted_count=0
 full_count=0

Compilation events (20 events):
Event: 0.572 Thread 0x00000234ff846430 nmethod 817 0x00000234a4df6390 code [0x00000234a4df6520, 0x00000234a4df65e8]
Event: 0.578 Thread 0x00000234ff843d60  818       3       java.net.URL::isBuiltinStreamHandler (32 bytes)
Event: 0.578 Thread 0x00000234b33866f0  819       3       java.net.URL::isBuiltinStreamHandler (8 bytes)
Event: 0.578 Thread 0x00000234ff846430  820       3       sun.net.util.IPAddressUtil::checkHostString (65 bytes)
Event: 0.578 Thread 0x00000234b339e510  821       3       sun.net.util.IPAddressUtil::checkHost (157 bytes)
Event: 0.578 Thread 0x00000234ff846430 nmethod 820 0x000002349d357990 code [0x000002349d357b40, 0x000002349d357d48]
Event: 0.578 Thread 0x00000234b33866f0 nmethod 819 0x000002349d357e10 code [0x000002349d357fc0, 0x000002349d358188]
Event: 0.578 Thread 0x00000234ff846430  822       3       sun.net.util.IPAddressUtil::scan (92 bytes)
Event: 0.579 Thread 0x00000234ff843d60 nmethod 818 0x000002349d358290 code [0x000002349d3584c0, 0x000002349d358d00]
Event: 0.579 Thread 0x00000234b3365b00  823       4       java.lang.StringLatin1::replace (198 bytes)
Event: 0.579 Thread 0x00000234ff846430 nmethod 822 0x000002349d359010 code [0x000002349d359280, 0x000002349d359d88]
Event: 0.579 Thread 0x00000234ff846430  824       3       java.lang.String::equalsIgnoreCase (45 bytes)
Event: 0.580 Thread 0x00000234b339e510 nmethod 821 0x000002349d35a290 code [0x000002349d35a720, 0x000002349d35c390]
Event: 0.580 Thread 0x00000234ff846430 nmethod 824 0x000002349d35ce90 code [0x000002349d35d080, 0x000002349d35d5b8]
Event: 0.581 Thread 0x00000234ff846430  825   !   3       java.util.zip.ZipFile$ZipFileInputStream::close (59 bytes)
Event: 0.581 Thread 0x00000234b33866f0  826       3       java.util.Collections$SetFromMap::remove (19 bytes)
Event: 0.581 Thread 0x00000234b339e510  827       3       java.util.WeakHashMap::remove (131 bytes)
Event: 0.581 Thread 0x00000234b33866f0 nmethod 826 0x000002349d35d790 code [0x000002349d35d940, 0x000002349d35db70]
Event: 0.581 Thread 0x00000234ff846430 nmethod 825 0x000002349d35dc10 code [0x000002349d35dde0, 0x000002349d35e178]
Event: 0.582 Thread 0x00000234b339e510 nmethod 827 0x000002349d35e390 code [0x000002349d35e5e0, 0x000002349d35f0f8]

GC Heap History (0 events):
No events

Dll operation events (8 events):
Event: 0.006 Loaded shared library C:\Program Files\Java\jdk-22\bin\java.dll
Event: 0.030 Loaded shared library C:\Program Files\Java\jdk-22\bin\jsvml.dll
Event: 0.053 Loaded shared library C:\Program Files\Java\jdk-22\bin\net.dll
Event: 0.054 Loaded shared library C:\Program Files\Java\jdk-22\bin\nio.dll
Event: 0.057 Loaded shared library C:\Program Files\Java\jdk-22\bin\zip.dll
Event: 0.107 Loaded shared library C:\Program Files\Java\jdk-22\bin\jimage.dll
Event: 0.123 Loaded shared library C:\Users\willf\AppData\Local\Temp\lwjgl_willf\3.3.6+1\x64\lwjgl.dll
Event: 0.361 Loaded shared library C:\Users\willf\AppData\Local\Temp\lwjgl_willf\3.3.6+1\x64\lwjgl_opengl.dll

Deoptimization events (14 events):
Event: 0.069 Thread 0x0000023492b6e200 Uncommon trap: trap_request=0xffffff45 fr.pc=0x00000234a4dc6978 relative=0x00000000000002b8
Event: 0.069 Thread 0x0000023492b6e200 Uncommon trap: reason=unstable_if action=reinterpret pc=0x00000234a4dc6978 method=java.lang.StringLatin1.hashCode([B)I @ 2 c2
Event: 0.069 Thread 0x0000023492b6e200 DEOPT PACKING pc=0x00000234a4dc6978 sp=0x000000fdd65fd630
Event: 0.069 Thread 0x0000023492b6e200 DEOPT UNPACKING pc=0x00000234a46c46a2 sp=0x000000fdd65fd568 mode 2
Event: 0.116 Thread 0x0000023492b6e200 DEOPT PACKING pc=0x000002349d23c4fc sp=0x000000fdd65fc170
Event: 0.116 Thread 0x0000023492b6e200 DEOPT UNPACKING pc=0x00000234a46c4e42 sp=0x000000fdd65fb590 mode 0
Event: 0.369 Thread 0x0000023492b6e200 Uncommon trap: trap_request=0xffffff54 fr.pc=0x00000234a4df3b70 relative=0x0000000000000070
Event: 0.369 Thread 0x0000023492b6e200 Uncommon trap: reason=speculate_null_assert action=make_not_entrant pc=0x00000234a4df3b70 method=sun.misc.Unsafe.putLong(Ljava/lang/Object;JJ)V @ 7 c2
Event: 0.369 Thread 0x0000023492b6e200 DEOPT PACKING pc=0x00000234a4df3b70 sp=0x000000fdd65fede0
Event: 0.369 Thread 0x0000023492b6e200 DEOPT UNPACKING pc=0x00000234a46c46a2 sp=0x000000fdd65fed58 mode 2
Event: 0.464 Thread 0x0000023492b6e200 Uncommon trap: trap_request=0xffffff54 fr.pc=0x00000234a4df4b6c relative=0x000000000000006c
Event: 0.464 Thread 0x0000023492b6e200 Uncommon trap: reason=speculate_null_assert action=make_not_entrant pc=0x00000234a4df4b6c method=sun.misc.Unsafe.getLong(Ljava/lang/Object;J)J @ 5 c2
Event: 0.464 Thread 0x0000023492b6e200 DEOPT PACKING pc=0x00000234a4df4b6c sp=0x000000fdd65fec30
Event: 0.464 Thread 0x0000023492b6e200 DEOPT UNPACKING pc=0x00000234a46c46a2 sp=0x000000fdd65febb8 mode 2

Classes loaded (20 events):
Event: 0.167 Loading class java/lang/invoke/DirectMethodHandle$StaticAccessor
Event: 0.167 Loading class java/lang/invoke/DirectMethodHandle$StaticAccessor done
Event: 0.169 Loading class java/util/function/LongPredicate
Event: 0.169 Loading class java/util/function/LongPredicate done
Event: 0.171 Loading class java/lang/foreign/MemorySegment
Event: 0.171 Loading class java/lang/foreign/MemorySegment done
Event: 0.174 Loading class java/nio/InvalidMarkException
Event: 0.174 Loading class java/nio/InvalidMarkException done
Event: 0.174 Loading class java/nio/BufferUnderflowException
Event: 0.174 Loading class java/nio/BufferUnderflowException done
Event: 0.179 Loading class java/util/Formatter$FixedString
Event: 0.179 Loading class java/util/Formatter$FixedString done
Event: 0.191 Loading class java/lang/NoSuchFieldError
Event: 0.191 Loading class java/lang/NoSuchFieldError done
Event: 0.196 Loading class jdk/internal/reflect/MethodHandleIntegerFieldAccessorImpl
Event: 0.196 Loading class jdk/internal/reflect/MethodHandleIntegerFieldAccessorImpl done
Event: 0.368 Loading class jdk/internal/foreign/MemorySessionImpl
Event: 0.368 Loading class java/lang/foreign/MemorySegment$Scope
Event: 0.368 Loading class java/lang/foreign/MemorySegment$Scope done
Event: 0.368 Loading class jdk/internal/foreign/MemorySessionImpl done

Classes unloaded (0 events):
No events

Classes redefined (0 events):
No events

Internal exceptions (20 events):
Event: 0.127 Thread 0x0000023492b6e200 Exception <a 'sun/nio/fs/WindowsException'{0x0000000754aaa570}> (0x0000000754aaa570) 
thrown [s\open\src\hotspot\share\prims\jni.cpp, line 520]
Event: 0.127 Thread 0x0000023492b6e200 Exception <a 'sun/nio/fs/WindowsException'{0x0000000754aaaaa0}> (0x0000000754aaaaa0) 
thrown [s\open\src\hotspot\share\prims\jni.cpp, line 520]
Event: 0.170 Thread 0x0000023492b6e200 Exception <a 'java/lang/NoSuchMethodError'{0x0000000754b7bd90}: 'int java.lang.invoke.DirectMethodHandle$Holder.invokeStaticInit(java.lang.Object, java.lang.Object, int, long)'> (0x0000000754b7bd90) 
thrown [s\open\src\hotspot\share\interpreter\linkResolver.cpp, line 774]
Event: 0.170 Thread 0x0000023492b6e200 Exception <a 'java/lang/NoSuchMethodError'{0x0000000754b813f0}: 'java.lang.Object java.lang.invoke.DirectMethodHandle$Holder.newInvokeSpecial(java.lang.Object, java.lang.Object, int)'> (0x0000000754b813f0) 
thrown [s\open\src\hotspot\share\interpreter\linkResolver.cpp, line 774]
Event: 0.172 Thread 0x0000023492b6e200 Exception <a 'java/lang/NoSuchMethodError'{0x0000000754b90bc0}: 'int java.lang.invoke.DirectMethodHandle$Holder.invokeStaticInit(java.lang.Object, java.lang.Object, long, long)'> (0x0000000754b90bc0) 
thrown [s\open\src\hotspot\share\interpreter\linkResolver.cpp, line 774]
Event: 0.172 Thread 0x0000023492b6e200 Exception <a 'java/lang/NoSuchMethodError'{0x0000000754b961f0}: 'java.lang.Object java.lang.invoke.DirectMethodHandle$Holder.newInvokeSpecial(java.lang.Object, java.lang.Object, long)'> (0x0000000754b961f0) 
thrown [s\open\src\hotspot\share\interpreter\linkResolver.cpp, line 774]
Event: 0.172 Thread 0x0000023492b6e200 Exception <a 'java/lang/NoSuchMethodError'{0x0000000754b99b38}: 'java.lang.Object java.lang.invoke.Invokers$Holder.linkToTargetMethod(java.lang.Object, long, java.lang.Object)'> (0x0000000754b99b38) 
thrown [s\open\src\hotspot\share\interpreter\linkResolver.cpp, line 774]
Event: 0.173 Thread 0x0000023492b6e200 Exception <a 'java/lang/NoSuchMethodError'{0x0000000754ba0c30}: 'int java.lang.invoke.DirectMethodHandle$Holder.invokeStaticInit(java.lang.Object, java.lang.Object, java.lang.Object, long)'> (0x0000000754ba0c30) 
thrown [s\open\src\hotspot\share\interpreter\linkResolver.cpp, line 774]
Event: 0.191 Thread 0x0000023492b6e200 Exception <a 'sun/nio/fs/WindowsException'{0x000000075485f8d0}> (0x000000075485f8d0) 
thrown [s\open\src\hotspot\share\prims\jni.cpp, line 520]
Event: 0.191 Thread 0x0000023492b6e200 Exception <a 'sun/nio/fs/WindowsException'{0x000000075485fc30}> (0x000000075485fc30) 
thrown [s\open\src\hotspot\share\prims\jni.cpp, line 520]
Event: 0.196 Thread 0x0000023492b6e200 Exception <a 'java/lang/NoSuchMethodError'{0x0000000754876448}: 'int java.lang.invoke.Invokers$Holder.invokeExact_MT(java.lang.Object, java.lang.Object)'> (0x0000000754876448) 
thrown [s\open\src\hotspot\share\interpreter\linkResolver.cpp, line 774]
Event: 0.321 Thread 0x0000023492b6e200 Exception <a 'java/lang/NoSuchMethodError'{0x00000007548cb000}: 'void java.lang.invoke.DirectMethodHandle$Holder.invokeStaticInit(java.lang.Object, long, double, double)'> (0x00000007548cb000) 
thrown [s\open\src\hotspot\share\interpreter\linkResolver.cpp, line 774]
Event: 0.323 Thread 0x0000023492b6e200 Exception <a 'java/lang/NoSuchMethodError'{0x00000007548d9488}: 'void java.lang.invoke.DirectMethodHandle$Holder.invokeStaticInit(java.lang.Object, long, int, int, int)'> (0x00000007548d9488) 
thrown [s\open\src\hotspot\share\interpreter\linkResolver.cpp, line 774]
Event: 0.326 Thread 0x0000023492b6e200 Exception <a 'java/lang/NoSuchMethodError'{0x00000007548f02f0}: 'void java.lang.invoke.DirectMethodHandle$Holder.invokeStaticInit(java.lang.Object, long, int, int, int, int)'> (0x00000007548f02f0) 
thrown [s\open\src\hotspot\share\interpreter\linkResolver.cpp, line 774]
Event: 0.354 Thread 0x0000023492b6e200 Exception <a 'java/lang/NoSuchMethodError'{0x0000000754912b70}: 'void java.lang.System.load(java.lang.String, java.lang.Class)'> (0x0000000754912b70) 
thrown [s\open\src\hotspot\share\interpreter\linkResolver.cpp, line 774]
Event: 0.355 Thread 0x0000023492b6e200 Exception <a 'java/lang/NoSuchMethodError'{0x00000007549155c0}: 'void java.lang.System.loadLibrary(java.lang.String, java.lang.Class)'> (0x00000007549155c0) 
thrown [s\open\src\hotspot\share\interpreter\linkResolver.cpp, line 774]
Event: 0.360 Thread 0x0000023492b6e200 Exception <a 'sun/nio/fs/WindowsException'{0x0000000754924918}> (0x0000000754924918) 
thrown [s\open\src\hotspot\share\prims\jni.cpp, line 520]
Event: 0.360 Thread 0x0000023492b6e200 Exception <a 'sun/nio/fs/WindowsException'{0x0000000754924cb8}> (0x0000000754924cb8) 
thrown [s\open\src\hotspot\share\prims\jni.cpp, line 520]
Event: 0.366 Thread 0x0000023492b6e200 Exception <a 'sun/nio/fs/WindowsException'{0x00000007549307a0}> (0x00000007549307a0) 
thrown [s\open\src\hotspot\share\prims\jni.cpp, line 520]
Event: 0.366 Thread 0x0000023492b6e200 Exception <a 'sun/nio/fs/WindowsException'{0x0000000754930a70}> (0x0000000754930a70) 
thrown [s\open\src\hotspot\share\prims\jni.cpp, line 520]

ZGC Phase Switch (0 events):
No events

VM Operations (4 events):
Event: 0.057 Executing VM operation: HandshakeAllThreads (Deoptimize)
Event: 0.057 Executing VM operation: HandshakeAllThreads (Deoptimize) done
Event: 0.117 Executing VM operation: HandshakeAllThreads (Deoptimize)
Event: 0.117 Executing VM operation: HandshakeAllThreads (Deoptimize) done

Events (16 events):
Event: 0.019 Thread 0x0000023492b6e200 Thread added: 0x0000023492b6e200
Event: 0.028 Thread 0x00000234b33478c0 Thread added: 0x00000234b33478c0
Event: 0.028 Thread 0x00000234b334c440 Thread added: 0x00000234b334c440
Event: 0.028 Thread 0x00000234b334f240 Thread added: 0x00000234b334f240
Event: 0.028 Thread 0x00000234b3350320 Thread added: 0x00000234b3350320
Event: 0.028 Thread 0x00000234b3351210 Thread added: 0x00000234b3351210
Event: 0.028 Thread 0x00000234b3353db0 Thread added: 0x00000234b3353db0
Event: 0.028 Thread 0x00000234b3365b00 Thread added: 0x00000234b3365b00
Event: 0.028 Thread 0x00000234b33866f0 Thread added: 0x00000234b33866f0
Event: 0.033 Thread 0x00000234b339e510 Thread added: 0x00000234b339e510
Event: 0.047 Thread 0x00000234b36236a0 Thread added: 0x00000234b36236a0
Event: 0.049 Thread 0x00000234b364f2a0 Thread added: 0x00000234b364f2a0
Event: 0.167 Thread 0x00000234f915e190 Thread added: 0x00000234f915e190
Event: 0.321 Thread 0x00000234f915e190 Thread exited: 0x00000234f915e190
Event: 0.364 Thread 0x00000234ff843d60 Thread added: 0x00000234ff843d60
Event: 0.364 Thread 0x00000234ff846430 Thread added: 0x00000234ff846430


Dynamic libraries:
0x00007ff6ccce0000 - 0x00007ff6cccf0000 	C:\Program Files\Java\jdk-22\bin\java.exe
0x00007fff25da0000 - 0x00007fff26003000 	C:\WINDOWS\SYSTEM32\ntdll.dll
0x00007fff25140000 - 0x00007fff25207000 	C:\WINDOWS\System32\KERNEL32.DLL
0x00007fff237f0000 - 0x00007fff23bb9000 	C:\WINDOWS\System32\KERNELBASE.dll
0x00007fff22fa0000 - 0x00007fff230ec000 	C:\WINDOWS\System32\ucrtbase.dll
0x00007fff0e2a0000 - 0x00007fff0e2b7000 	C:\Program Files\Java\jdk-22\bin\jli.dll
0x00007fff11880000 - 0x00007fff1189b000 	C:\Program Files\Java\jdk-22\bin\VCRUNTIME140.dll
0x00007fff256b0000 - 0x00007fff25762000 	C:\WINDOWS\System32\ADVAPI32.dll
0x00007fff23da0000 - 0x00007fff23e49000 	C:\WINDOWS\System32\msvcrt.dll
0x00007fff25ad0000 - 0x00007fff25b76000 	C:\WINDOWS\System32\sechost.dll
0x00007fff252f0000 - 0x00007fff25406000 	C:\WINDOWS\System32\RPCRT4.dll
0x00007fff25770000 - 0x00007fff2593a000 	C:\WINDOWS\System32\USER32.dll
0x00007fff234a0000 - 0x00007fff234c7000 	C:\WINDOWS\System32\win32u.dll
0x00007fff132e0000 - 0x00007fff13570000 	C:\WINDOWS\WinSxS\amd64_microsoft.windows.common-controls_6595b64144ccf1df_6.0.26100.3323_none_3e088096e3344490\COMCTL32.dll
0x00007fff23cc0000 - 0x00007fff23cea000 	C:\WINDOWS\System32\GDI32.dll
0x00007fff23620000 - 0x00007fff23751000 	C:\WINDOWS\System32\gdi32full.dll
0x00007fff234d0000 - 0x00007fff23573000 	C:\WINDOWS\System32\msvcp_win.dll
0x00007fff14de0000 - 0x00007fff14deb000 	C:\WINDOWS\SYSTEM32\VERSION.dll
0x00007fff25660000 - 0x00007fff2568f000 	C:\WINDOWS\System32\IMM32.DLL
0x00007fff14a20000 - 0x00007fff14a2c000 	C:\Program Files\Java\jdk-22\bin\vcruntime140_1.dll
0x00007ffef0db0000 - 0x00007ffef0e3e000 	C:\Program Files\Java\jdk-22\bin\msvcp140.dll
0x00007ffe46330000 - 0x00007ffe47078000 	C:\Program Files\Java\jdk-22\bin\server\jvm.dll
0x00007fff24c40000 - 0x00007fff24cb4000 	C:\WINDOWS\System32\WS2_32.dll
0x00007fff22e30000 - 0x00007fff22e7e000 	C:\WINDOWS\SYSTEM32\POWRPROF.dll
0x00007fff0ffc0000 - 0x00007fff0fff6000 	C:\WINDOWS\SYSTEM32\WINMM.dll
0x00007fff22e10000 - 0x00007fff22e24000 	C:\WINDOWS\SYSTEM32\UMPDC.dll
0x00007fff21da0000 - 0x00007fff21dba000 	C:\WINDOWS\SYSTEM32\kernel.appcore.dll
0x00007fff12810000 - 0x00007fff1281a000 	C:\Program Files\Java\jdk-22\bin\jimage.dll
0x00007fff1a380000 - 0x00007fff1a5c1000 	C:\WINDOWS\SYSTEM32\DBGHELP.DLL
0x00007fff24db0000 - 0x00007fff25132000 	C:\WINDOWS\System32\combase.dll
0x00007fff25210000 - 0x00007fff252e6000 	C:\WINDOWS\System32\OLEAUT32.dll
0x00007fff145c0000 - 0x00007fff145f9000 	C:\WINDOWS\SYSTEM32\dbgcore.DLL
0x00007fff23580000 - 0x00007fff23619000 	C:\WINDOWS\System32\bcryptPrimitives.dll
0x00007fff09c00000 - 0x00007fff09c1e000 	C:\Program Files\Java\jdk-22\bin\java.dll
0x00007fff23e50000 - 0x00007fff24565000 	C:\WINDOWS\System32\SHELL32.dll
0x00007fff230f0000 - 0x00007fff23258000 	C:\WINDOWS\System32\wintypes.dll
0x00007fff254c0000 - 0x00007fff25655000 	C:\WINDOWS\System32\ole32.dll
0x00007fff20c50000 - 0x00007fff21495000 	C:\WINDOWS\SYSTEM32\windows.storage.dll
0x00007fff24cc0000 - 0x00007fff24dab000 	C:\WINDOWS\System32\SHCORE.dll
0x00007fff23d40000 - 0x00007fff23d9d000 	C:\WINDOWS\System32\shlwapi.dll
0x00007fff22eb0000 - 0x00007fff22edf000 	C:\WINDOWS\SYSTEM32\profapi.dll
0x00007ffee6180000 - 0x00007ffee6257000 	C:\Program Files\Java\jdk-22\bin\jsvml.dll
0x00007fff0a630000 - 0x00007fff0a640000 	C:\Program Files\Java\jdk-22\bin\net.dll
0x00007fff222e0000 - 0x00007fff2234a000 	C:\WINDOWS\system32\mswsock.dll
0x00007fff06a60000 - 0x00007fff06a76000 	C:\Program Files\Java\jdk-22\bin\nio.dll
0x00007fff099a0000 - 0x00007fff099b7000 	C:\Program Files\Java\jdk-22\bin\zip.dll
0x00007ffefb5b0000 - 0x00007ffefb62e000 	C:\Users\willf\AppData\Local\Temp\lwjgl_willf\3.3.6+1\x64\lwjgl.dll
0x00007ffeee6a0000 - 0x00007ffeee729000 	C:\Users\willf\AppData\Local\Temp\lwjgl_willf\3.3.6+1\x64\glfw.dll
0x00007fff05f60000 - 0x00007fff05fab000 	C:\WINDOWS\SYSTEM32\dinput8.dll
0x00007fff06240000 - 0x00007fff06252000 	C:\WINDOWS\SYSTEM32\xinput1_4.dll
0x00007fff22b60000 - 0x00007fff22b8d000 	C:\WINDOWS\SYSTEM32\DEVOBJ.dll
0x00007fff22af0000 - 0x00007fff22b4f000 	C:\WINDOWS\SYSTEM32\cfgmgr32.dll
0x00007fff205a0000 - 0x00007fff205d5000 	C:\WINDOWS\SYSTEM32\dwmapi.dll
0x00007fff070c0000 - 0x00007fff0729f000 	C:\WINDOWS\SYSTEM32\inputhost.dll
0x00007fff1d8e0000 - 0x00007fff1da06000 	C:\WINDOWS\SYSTEM32\CoreMessaging.dll
0x00007fff201d0000 - 0x00007fff2027e000 	C:\WINDOWS\system32\uxtheme.dll
0x00007fff25940000 - 0x00007fff25a9b000 	C:\WINDOWS\System32\MSCTF.dll
0x00007fff225a0000 - 0x00007fff225ac000 	C:\WINDOWS\SYSTEM32\CRYPTBASE.DLL
0x00007ffe9cd10000 - 0x00007ffe9ce1c000 	C:\WINDOWS\SYSTEM32\opengl32.dll
0x00007ffe9c820000 - 0x00007ffe9c84d000 	C:\WINDOWS\SYSTEM32\GLU32.dll
0x00007fff20550000 - 0x00007fff20597000 	C:\WINDOWS\SYSTEM32\dxcore.dll
0x00007fff20370000 - 0x00007fff203cd000 	C:\WINDOWS\SYSTEM32\directxdatabasehelper.dll
0x00007fff16cc0000 - 0x00007fff16cda000 	C:\WINDOWS\SYSTEM32\windows.staterepositorycore.dll
0x00007fff0e330000 - 0x00007fff0e35e000 	C:\WINDOWS\System32\DriverStore\FileRepository\u0405562.inf_amd64_833d6fa62fbc9b88\B405308\atig6pxx.dll
0x00007ffe47080000 - 0x00007ffe4b55d000 	C:\WINDOWS\System32\DriverStore\FileRepository\u0405562.inf_amd64_833d6fa62fbc9b88\B405308\atio6axx.dll
0x00007fff24570000 - 0x00007fff249f6000 	C:\WINDOWS\System32\SETUPAPI.dll
0x00007fff0b160000 - 0x00007fff0b195000 	C:\WINDOWS\SYSTEM32\amdihk64.dll
0x00007fff23760000 - 0x00007fff237df000 	C:\WINDOWS\System32\WINTRUST.dll
0x00007fff23260000 - 0x00007fff233d7000 	C:\WINDOWS\System32\CRYPT32.dll
0x00007fff225f0000 - 0x00007fff22603000 	C:\WINDOWS\SYSTEM32\MSASN1.dll
0x00007fff22750000 - 0x00007fff22776000 	C:\WINDOWS\SYSTEM32\BCrypt.dll
0x00007fff0d500000 - 0x00007fff0d646000 	C:\WINDOWS\SYSTEM32\textinputframework.dll
0x00007fff0d650000 - 0x00007fff0d933000 	C:\WINDOWS\SYSTEM32\CoreUIComponents.dll
0x00007ffefa940000 - 0x00007ffefa99d000 	C:\Users\willf\AppData\Local\Temp\lwjgl_willf\3.3.6+1\x64\lwjgl_opengl.dll

dbghelp: loaded successfully - version: 4.0.5 - missing functions: none
symbol engine: initialized successfully - sym options: 0x614 - pdb path: .;C:\Program Files\Java\jdk-22\bin;C:\WINDOWS\SYSTEM32;C:\WINDOWS\WinSxS\amd64_microsoft.windows.common-controls_6595b64144ccf1df_6.0.26100.3323_none_3e088096e3344490;C:\Program Files\Java\jdk-22\bin\server;C:\Users\willf\AppData\Local\Temp\lwjgl_willf\3.3.6+1\x64;C:\WINDOWS\System32\DriverStore\FileRepository\u0405562.inf_amd64_833d6fa62fbc9b88\B405308

VM Arguments:
jvm_args: -Dfile.encoding=UTF-8 -Duser.country=US -Duser.language=en -Duser.variant 
java_command: Main
java_class_path (initial): C:\Users\willf\IdeaProjects\GameEngine\build\classes\java\main;C:\Users\willf\IdeaProjects\GameEngine\build\resources\main;C:\Users\willf\.gradle\caches\modules-2\files-2.1\org.lwjgl\lwjgl-assimp\3.3.6\931a8de55dd5ee546689119c85ed4d4af7fa68f2\lwjgl-assimp-3.3.6.jar;C:\Users\willf\.gradle\caches\modules-2\files-2.1\org.lwjgl\lwjgl-assimp\3.3.6\486fa1e2db9fc903a0cab984604cef1a895b0e28\lwjgl-assimp-3.3.6-natives-windows.jar;C:\Users\willf\.gradle\caches\modules-2\files-2.1\org.lwjgl\lwjgl-glfw\3.3.6\7119f7d0eeb1e5502ff0ca71d2b4d47317da015\lwjgl-glfw-3.3.6.jar;C:\Users\willf\.gradle\caches\modules-2\files-2.1\org.lwjgl\lwjgl-glfw\3.3.6\99ef08056feb9627f90425a4d2a22cd9fae8e39b\lwjgl-glfw-3.3.6-natives-windows.jar;C:\Users\willf\.gradle\caches\modules-2\files-2.1\org.lwjgl\lwjgl-nfd\3.3.6\e8059ffaf90c86b061fd89ddf3092979581ec72b\lwjgl-nfd-3.3.6.jar;C:\Users\willf\.gradle\caches\modules-2\files-2.1\org.lwjgl\lwjgl-nfd\3.3.6\749514157757f81256cf28c029fc3ec0dabe9135\lwjgl-nfd-3.3.6-natives-windows.jar;C:\Users\willf\.gradle\caches\modules-2\files-2.1\org.lwjgl\lwjgl-openal\3.3.6\ad313317ff399fd2a7f4dd74716a68cf3976c6ad\lwjgl-openal-3.3.6.jar;C:\Users\willf\.gradle\caches\modules-2\files-2.1\org.lwjgl\lwjgl-openal\3.3.6\9c2b9b660e085bb0b47a4453dc0e26f24a5475e4\lwjgl-openal-3.3.6-natives-windows.jar;C:\Users\willf\.gradle\caches\modules-2\files-2.1\org.lwjgl\lwjgl-opengl\3.3.6\ac2532612a4df374e9a9282bcf8ce2573018ebbb\lwjgl-opengl-3.3.6.jar;C:\Users\willf\.gradle\caches\modules-2\files-2.1\org.lwjgl\lwjgl-opengl\3.3.6\18dc639ebc94aa5202c2157f7490d28997b697c5\lwjgl-opengl-3.3.6-natives-windows.jar;C:\Users\willf\.gradle\caches\modules-2\files-2.1\org.lwjgl\lwjgl-stb\3.3.6\e2d3739dcfe7b672b626ded66d94f6587083306e\lwjgl-stb-3.3.6.jar;C:\Users\willf\.gradle\caches\modules-2\files-2.1\org.lwjgl\lwjgl-stb\3.3.6\334cf885b39e2db9070c39e70e65efb136435f10\lwjgl-stb-3.3.6-natives-windows.jar;C:\Users\willf\.gradle\caches\modules-2\files-2.1\org.lwjgl\lwjgl\3.3.6\ce7721d30cfaf47feaed10213e0c43eb55c49d68\lwjgl-3.3.6.jar;C:\Users\willf\.gradle\caches\modules-2\files-2.1\org.lwjgl\lwjgl\3.3.6\9a29b6a22fc5184604b8cb434ee5d5ecc4bfcbee\lwjgl-3.3.6-natives-windows.jar;C:\Users\willf\.gradle\caches\modules-2\files-2.1\org.joml\joml\1.10.7\f8c3f2e7db281bde099342dd36133de4bbba390c\joml-1.10.7.jar;C:\Users\willf\.gradle\caches\modules-2\files-2.1\org.jetbrains.kotlin\kotlin-stdlib-jdk8\1.8.20\73576ddf378c5b4f1f6b449fe6b119b8183fc078\kotlin-stdlib-jdk8-1.8.20.jar;C:\Users\willf\.gradle\caches\modules-2\files-2.1\org.jetbrains.kotlin\kotlin-stdlib-jdk7\1.8.20\3aa51faf20aae8b31e1a4bc54f8370673d7b7df4\kotlin-stdlib-jdk7-1.8.20.jar;C:\Users\willf\.gradle\caches\modules-2\files-2.1\org.jetbrains.kotlin\kotlin-stdlib\1.8.20\e72fc5e03ec6c064c678a6bd0d955c88d55b0c4a\kotlin-stdlib-1.8.20.jar;C:\Users\willf\.gradle\caches\modules-2\files-2.1\org.jetbrains.kotlin\kotlin-stdlib-common\1.8.20\5eddaaf234c8c49d03eebeb6a14feb7f90faca71\kotlin-stdlib-common-1.8.20.jar;C:\Users\willf\.gradle\caches\modules-2\files-2.1\org.jetbrains\annotations\13.0\919f0dfe192fb4e063e7dacadee7f8bb9a2672a9\annotations-13.0.jar
Launcher Type: SUN_STANDARD

[Global flags]
     intx CICompilerCount                          = 12                                        {product} {ergonomic}
     uint ConcGCThreads                            = 3                                         {product} {ergonomic}
     uint G1ConcRefinementThreads                  = 13                                        {product} {ergonomic}
   size_t G1HeapRegionSize                         = 2097152                                   {product} {ergonomic}
   size_t InitialHeapSize                          = 192937984                                 {product} {ergonomic}
   size_t MarkStackSize                            = 4194304                                   {product} {ergonomic}
   size_t MaxHeapSize                              = 3061841920                                {product} {ergonomic}
   size_t MaxNewSize                               = 1837105152                                {product} {ergonomic}
   size_t MinHeapDeltaBytes                        = 2097152                                   {product} {ergonomic}
   size_t MinHeapSize                              = 8388608                                   {product} {ergonomic}
    uintx NonNMethodCodeHeapSize                   = 7602480                                {pd product} {ergonomic}
    uintx NonProfiledCodeHeapSize                  = 122027880                              {pd product} {ergonomic}
    uintx ProfiledCodeHeapSize                     = 122027880                              {pd product} {ergonomic}
    uintx ReservedCodeCacheSize                    = 251658240                              {pd product} {ergonomic}
     bool SegmentedCodeCache                       = true                                      {product} {ergonomic}
   size_t SoftMaxHeapSize                          = 3061841920                             {manageable} {ergonomic}
     bool UseCompressedOops                        = true                           {product lp64_product} {ergonomic}
     bool UseG1GC                                  = true                                      {product} {ergonomic}
     bool UseLargePagesIndividualAllocation        = false                                  {pd product} {ergonomic}

Logging:
Log output configuration:
 #0: stdout all=warning uptime,level,tags foldmultilines=false
 #1: stderr all=off uptime,level,tags foldmultilines=false

Environment Variables:
PATH=C:\Program Files\Common Files\Oracle\Java\javapath;C:\WINDOWS\system32;C:\WINDOWS;C:\WINDOWS\System32\Wbem;C:\WINDOWS\System32\WindowsPowerShell\v1.0\;C:\WINDOWS\System32\OpenSSH\;C:\Program Files\dotnet\;C:\Program Files\Git\cmd;C:\Users\willf\AppData\Local\Microsoft\WindowsApps;C:\Program Files (x86)\Brackets\;C:\Users\willf\.deno\bin;C:\Users\willf\AppData\Local\GitHubDesktop\bin;C:\Users\willf\slack_cli\bin;C:\Users\willf\AppData\Local\Programs\Microsoft VS Code\bin;C:\Users\willf\.dotnet\tools;C:\Users\willf\AppData\Local\JetBrains\IntelliJ IDEA Community Edition 2024.3.5\bin;;C:\Users\willf\AppData\Local\Microsoft\WindowsApps;
USERNAME=willf
OS=Windows_NT
PROCESSOR_IDENTIFIER=AMD64 Family 25 Model 80 Stepping 0, AuthenticAMD
TMP=C:\Users\willf\AppData\Local\Temp
TEMP=C:\Users\willf\AppData\Local\Temp




Periodic native trim disabled

---------------  S Y S T E M  ---------------

OS:
 Windows 11 , 64 bit Build 26100 (10.0.26100.3323)
OS uptime: 8 days 23:44 hours
Hyper-V role detected

CPU: total 16 (initial active 16) (16 cores per cpu, 2 threads per core) family 25 model 80 stepping 0 microcode 0xa50000d, cx8, cmov, fxsr, ht, mmx, 3dnowpref, sse, sse2, sse3, ssse3, sse4a, sse4.1, sse4.2, popcnt, lzcnt, tsc, tscinvbit, avx, avx2, aes, erms, clmul, bmi1, bmi2, adx, sha, fma, vzeroupper, clflush, clflushopt, hv, rdtscp, rdpid, fsrm, f16c, cet_ss
Processor Information for processor 0
  Max Mhz: 3201, Current Mhz: 2555, Mhz Limit: 3201
Processor Information for processor 1
  Max Mhz: 3201, Current Mhz: 3201, Mhz Limit: 3201
Processor Information for processor 2
  Max Mhz: 3201, Current Mhz: 2555, Mhz Limit: 3201
Processor Information for processor 3
  Max Mhz: 3201, Current Mhz: 3201, Mhz Limit: 3201
Processor Information for processor 4
  Max Mhz: 3201, Current Mhz: 2555, Mhz Limit: 3201
Processor Information for processor 5
  Max Mhz: 3201, Current Mhz: 2555, Mhz Limit: 3201
Processor Information for processor 6
  Max Mhz: 3201, Current Mhz: 2555, Mhz Limit: 3201
Processor Information for processor 7
  Max Mhz: 3201, Current Mhz: 2555, Mhz Limit: 3201
Processor Information for processor 8
  Max Mhz: 3201, Current Mhz: 2555, Mhz Limit: 3201
Processor Information for processor 9
  Max Mhz: 3201, Current Mhz: 2555, Mhz Limit: 3201
Processor Information for processor 10
  Max Mhz: 3201, Current Mhz: 3201, Mhz Limit: 3201
Processor Information for processor 11
  Max Mhz: 3201, Current Mhz: 2555, Mhz Limit: 3201
Processor Information for processor 12
  Max Mhz: 3201, Current Mhz: 2555, Mhz Limit: 3201
Processor Information for processor 13
  Max Mhz: 3201, Current Mhz: 2555, Mhz Limit: 3201
Processor Information for processor 14
  Max Mhz: 3201, Current Mhz: 2555, Mhz Limit: 3201
Processor Information for processor 15
  Max Mhz: 3201, Current Mhz: 2555, Mhz Limit: 3201

Memory: 4k page, system-wide physical 11677M (1868M free)
TotalPageFile size 21064M (AvailPageFile size 2083M)
current process WorkingSet (physical memory assigned to process): 111M, peak: 111M
current process commit charge ("private bytes"): 350M, peak: 350M

vm_info: Java HotSpot(TM) 64-Bit Server VM (22+36-2370) for windows-amd64 JRE (22+36-2370), built on 2024-02-15T22:15:19Z by "mach5one" with MS VC++ 17.6 (VS2022)

END.
