#
# A fatal error has been detected by the Java Runtime Environment:
#
#  EXCEPTION_ACCESS_VIOLATION (0xc0000005) at pc=0x00007ffe470d4445, pid=30208, tid=26116
#
# JRE version: Java(TM) SE Runtime Environment (22.0+36) (build 22+36-2370)
# Java VM: Java HotSpot(TM) 64-Bit Server VM (22+36-2370, mixed mode, sharing, tiered, compressed oops, compressed class ptrs, g1 gc, windows-amd64)
# Problematic frame:
# C  [atio6axx.dll+0x54445]
#
# No core dump will be written. Minidumps are not enabled by default on client versions of Windows
#
# If you would like to submit a bug report, please visit:
#   https://bugreport.java.com/bugreport/crash.jsp
# The crash happened outside the Java Virtual Machine in native code.
# See problematic frame for where to report the bug.
#

---------------  S U M M A R Y ------------

Command Line: -Dfile.encoding=UTF-8 -Duser.country=US -Duser.language=en -Duser.variant Main

Host: AMD Ryzen 7 5800HS with Radeon Graphics        , 16 cores, 11G,  Windows 11 , 64 bit Build 26100 (10.0.26100.3323)
Time: Mon Mar 31 20:47:03 2025 Eastern Daylight Time elapsed time: 0.694358 seconds (0d 0h 0m 0s)

---------------  T H R E A D  ---------------

Current thread (0x00000218cd6af910):  JavaThread "main"             [_thread_in_native, id=26116, stack(0x000000a50dc00000,0x000000a50dd00000) (1024K)]

Stack: [0x000000a50dc00000,0x000000a50dd00000],  sp=0x000000a50dcff0e8,  free space=1020k
Native frames: (J=compiled Java code, j=interpreted, Vv=VM code, C=native code)
C  [atio6axx.dll+0x54445]  (no source info available)

Java frames: (J=compiled Java code, j=interpreted, Vv=VM code)
j  org.lwjgl.opengl.GL11C.nglDrawElements(IIIJ)V+0
j  org.lwjgl.opengl.GL11C.glDrawElements(IIIJ)V+4
j  org.lwjgl.opengl.GL11.glDrawElements(IIIJ)V+4
j  Underworld.LevelEditorScene.update(F)V+32
j  Underworld.Window.loop()V+55
j  Underworld.Window.run()V+19
j  Main.main([Ljava/lang/String;)V+5
v  ~StubRoutines::call_stub 0x00000218dcf1100d

siginfo: EXCEPTION_ACCESS_VIOLATION (0xc0000005), reading address 0x0000000000000000


Registers:
RAX=0x00007ffe470d4445, RBX=0x00000218efb38058, RCX=0x00000218efb38080, RDX=0x0000000000000000
RSP=0x000000a50dcff0e8, RBP=0x00000218ee6c5e00, RSI=0x00000218ee582080, RDI=0x00000218ee7c4058
R8 =0x0000000000000018, R9 =0x00007ffe47080000, R10=0x00000218c5b7aae8, R11=0x000000a50dcfed30
R12=0x0000000000000018, R13=0x0000000000000018, R14=0x0000000000000000, R15=0x0000000000000000
RIP=0x00007ffe470d4445, EFLAGS=0x0000000000010202


Register to memory mapping:

RAX=0x00007ffe470d4445 atio6axx.dll
RBX=0x00000218efb38058 points into unknown readable memory: 0x0000000000000000 | 00 00 00 00 00 00 00 00
RCX=0x00000218efb38080 points into unknown readable memory: 0x0000000000000000 | 00 00 00 00 00 00 00 00
RDX=0x0 is null
RSP=0x000000a50dcff0e8 is pointing into the stack for thread: 0x00000218cd6af910
RBP=0x00000218ee6c5e00 points into unknown readable memory: 0x00000218efb31040 | 40 10 b3 ef 18 02 00 00
RSI=0x00000218ee582080 points into unknown readable memory: 0x00007ffe4aa89128 | 28 91 a8 4a fe 7f 00 00
RDI=0x00000218ee7c4058 points into unknown readable memory: 0x00007ffe4aa890d0 | d0 90 a8 4a fe 7f 00 00
R8 =0x0000000000000018 is an unknown value
R9 =0x00007ffe47080000 atio6axx.dll
R10=0x00000218c5b7aae8 points into unknown readable memory: 0x00007ffe4aa81748 | 48 17 a8 4a fe 7f 00 00
R11=0x000000a50dcfed30 is pointing into the stack for thread: 0x00000218cd6af910
R12=0x0000000000000018 is an unknown value
R13=0x0000000000000018 is an unknown value
R14=0x0 is null
R15=0x0 is null

Top of Stack: (sp=0x000000a50dcff0e8)
0x000000a50dcff0e8:   00007ffe474f107d 0000000000000004
0x000000a50dcff0f8:   0000000000001405 00000218c5b7aae8
0x000000a50dcff108:   0000000000000000 00000218efb38080
0x000000a50dcff118:   00000218efb38058 0000000000000040
0x000000a50dcff128:   0000000000000004 00000218ee582080
0x000000a50dcff138:   0000000000000004 0000000000001405
0x000000a50dcff148:   00000218c155ed58 0000000000000000
0x000000a50dcff158:   00000218ee7c4058 0000000000000006
0x000000a50dcff168:   00000218ee582080 0000000000000000
0x000000a50dcff178:   00007ffe4759b364 00000218ee582001
0x000000a50dcff188:   0000021800000004 0000000000000006
0x000000a50dcff198:   0000000000001405 0000000000000000
0x000000a50dcff1a8:   00007ffe470f9ca6 0000000000000000
0x000000a50dcff1b8:   00007ffe00000004 00000218ee582080
0x000000a50dcff1c8:   0000003800000000 00000218ee7c4058
0x000000a50dcff1d8:   00000218c155ed00 0000000000000006
0x000000a50dcff1e8:   0000000000000004 0000000000000000
0x000000a50dcff1f8:   00007ffe471031be 00000218f01879b8
0x000000a50dcff208:   0000000000001405 00000218ee582080
0x000000a50dcff218:   00007ffe4b2a8ee0 000000000017555d
0x000000a50dcff228:   00000218cd6af910 00000218c155ed58
0x000000a50dcff238:   00000218cd6af910 00000218dcf18800
0x000000a50dcff248:   00000218ee7c4058 00000218c155ed00
0x000000a50dcff258:   00000218c155ed58 00000218cd6af910
0x000000a50dcff268:   000000a50dcff358 0000000000000000
0x000000a50dcff278:   00000218dcf1cfc7 00000218c155ed58
0x000000a50dcff288:   000000a50dcff318 0000000000000118
0x000000a50dcff298:   00000218dcf188c0 0000021800001405
0x000000a50dcff2a8:   0000000000000000 00000218dcf188c0
0x000000a50dcff2b8:   00007ffeb5d402df 3ff0000000000000
0x000000a50dcff2c8:   00000218dcf1cc5b fffffffffffffff7
0x000000a50dcff2d8:   00000218c155ed58 0000000000000008 

Instructions: (pc=0x00007ffe470d4445)
0x00007ffe470d4345:   08 c3 f2 0f 10 02 f2 0f 11 01 0f b7 42 08 66 89
0x00007ffe470d4355:   41 08 0f b6 42 0a 88 41 0a c3 f2 0f 10 02 f2 0f
0x00007ffe470d4365:   11 01 8b 42 08 89 41 08 c3 f2 0f 10 02 f2 0f 11
0x00007ffe470d4375:   01 8b 42 08 89 41 08 0f b6 42 0c 88 41 0c c3 f2
0x00007ffe470d4385:   0f 10 02 f2 0f 11 01 8b 42 08 89 41 08 0f b7 42
0x00007ffe470d4395:   0c 66 89 41 0c c3 f2 0f 10 02 f2 0f 11 01 8b 42
0x00007ffe470d43a5:   08 89 41 08 0f b7 42 0c 66 89 41 0c 0f b6 42 0e
0x00007ffe470d43b5:   88 41 0e c3 0f 10 02 0f 11 01 c3 0f 10 02 0f 11
0x00007ffe470d43c5:   01 0f b6 42 10 88 41 10 c3 0f 10 02 0f 11 01 0f
0x00007ffe470d43d5:   b7 42 10 66 89 41 10 c3 0f 10 02 0f 11 01 0f b7
0x00007ffe470d43e5:   42 10 66 89 41 10 0f b6 42 12 88 41 12 c3 0f 10
0x00007ffe470d43f5:   02 0f 11 01 8b 42 10 89 41 10 c3 0f 10 02 0f 11
0x00007ffe470d4405:   01 8b 42 10 89 41 10 0f b6 42 14 88 41 14 c3 0f
0x00007ffe470d4415:   10 02 0f 11 01 8b 42 10 89 41 10 0f b7 42 14 66
0x00007ffe470d4425:   89 41 14 c3 0f 10 02 0f 11 01 8b 42 10 89 41 10
0x00007ffe470d4435:   0f b7 42 14 66 89 41 14 0f b6 42 16 88 41 16 c3
0x00007ffe470d4445:   0f 10 02 0f 11 01 f2 0f 10 4a 10 f2 0f 11 49 10
0x00007ffe470d4455:   c3 0f 10 02 0f 11 01 f2 0f 10 4a 10 f2 0f 11 49
0x00007ffe470d4465:   10 0f b6 42 18 88 41 18 c3 0f 10 02 0f 11 01 f2
0x00007ffe470d4475:   0f 10 4a 10 f2 0f 11 49 10 0f b7 42 18 66 89 41
0x00007ffe470d4485:   18 c3 0f 10 02 0f 11 01 f2 0f 10 4a 10 f2 0f 11
0x00007ffe470d4495:   49 10 0f b7 42 18 66 89 41 18 0f b6 42 1a 88 41
0x00007ffe470d44a5:   1a c3 0f 10 02 0f 11 01 f2 0f 10 4a 10 f2 0f 11
0x00007ffe470d44b5:   49 10 8b 42 18 89 41 18 c3 0f 10 02 0f 11 01 f2
0x00007ffe470d44c5:   0f 10 4a 10 f2 0f 11 49 10 8b 42 18 89 41 18 0f
0x00007ffe470d44d5:   b6 42 1c 88 41 1c c3 0f 10 02 0f 11 01 f2 0f 10
0x00007ffe470d44e5:   4a 10 f2 0f 11 49 10 8b 42 18 89 41 18 0f b7 42
0x00007ffe470d44f5:   1c 66 89 41 1c c3 0f 10 02 0f 11 01 f2 0f 10 4a
0x00007ffe470d4505:   10 f2 0f 11 49 10 8b 42 18 89 41 18 0f b7 42 1c
0x00007ffe470d4515:   66 89 41 1c 0f b6 42 1e 88 41 1e c3 0f 10 02 0f
0x00007ffe470d4525:   11 01 0f 10 4a 10 0f 11 49 10 c3 0f 10 02 0f 11
0x00007ffe470d4535:   01 0f 10 4a 10 0f 11 49 10 0f b6 42 20 88 41 20 


Stack slot to memory mapping:

stack at sp + 0 slots: 0x00007ffe474f107d atio6axx.dll
stack at sp + 1 slots: 0x0000000000000004 is an unknown value
stack at sp + 2 slots: 0x0000000000001405 is an unknown value
stack at sp + 3 slots: 0x00000218c5b7aae8 points into unknown readable memory: 0x00007ffe4aa81748 | 48 17 a8 4a fe 7f 00 00
stack at sp + 4 slots: 0x0 is null
stack at sp + 5 slots: 0x00000218efb38080 points into unknown readable memory: 0x0000000000000000 | 00 00 00 00 00 00 00 00
stack at sp + 6 slots: 0x00000218efb38058 points into unknown readable memory: 0x0000000000000000 | 00 00 00 00 00 00 00 00
stack at sp + 7 slots: 0x0000000000000040 is an unknown value


---------------  P R O C E S S  ---------------

Threads class SMR info:
_java_thread_list=0x00000218eeec4d20, length=14, elements={
0x00000218cd6af910, 0x00000218ec319770, 0x00000218ec31a1d0, 0x00000218ec31ae90,
0x00000218ec31be40, 0x00000218ec31cb20, 0x00000218ec329d60, 0x00000218ec33e150,
0x00000218ec34a2e0, 0x00000218ec348e70, 0x00000218ec32aa80, 0x00000218ec32c4c0,
0x00000218ec3480d0, 0x00000218eef0b6c0
}

Java Threads: ( => current thread )
=>0x00000218cd6af910 JavaThread "main"                              [_thread_in_native, id=26116, stack(0x000000a50dc00000,0x000000a50dd00000) (1024K)]
  0x00000218ec319770 JavaThread "Reference Handler"          daemon [_thread_blocked, id=8952, stack(0x000000a50e400000,0x000000a50e500000) (1024K)]
  0x00000218ec31a1d0 JavaThread "Finalizer"                  daemon [_thread_blocked, id=22380, stack(0x000000a50e500000,0x000000a50e600000) (1024K)]
  0x00000218ec31ae90 JavaThread "Signal Dispatcher"          daemon [_thread_blocked, id=15568, stack(0x000000a50e600000,0x000000a50e700000) (1024K)]
  0x00000218ec31be40 JavaThread "Attach Listener"            daemon [_thread_blocked, id=8872, stack(0x000000a50e700000,0x000000a50e800000) (1024K)]
  0x00000218ec31cb20 JavaThread "Service Thread"             daemon [_thread_blocked, id=26180, stack(0x000000a50e800000,0x000000a50e900000) (1024K)]
  0x00000218ec329d60 JavaThread "Monitor Deflation Thread"   daemon [_thread_blocked, id=28564, stack(0x000000a50e900000,0x000000a50ea00000) (1024K)]
  0x00000218ec33e150 JavaThread "C2 CompilerThread0"         daemon [_thread_blocked, id=5304, stack(0x000000a50ea00000,0x000000a50eb00000) (1024K)]
  0x00000218ec34a2e0 JavaThread "C1 CompilerThread0"         daemon [_thread_blocked, id=4196, stack(0x000000a50eb00000,0x000000a50ec00000) (1024K)]
  0x00000218ec348e70 JavaThread "C1 CompilerThread1"         daemon [_thread_blocked, id=26764, stack(0x000000a50ec00000,0x000000a50ed00000) (1024K)]
  0x00000218ec32aa80 JavaThread "Notification Thread"        daemon [_thread_blocked, id=8344, stack(0x000000a50ed00000,0x000000a50ee00000) (1024K)]
  0x00000218ec32c4c0 JavaThread "Common-Cleaner"             daemon [_thread_blocked, id=26228, stack(0x000000a50ee00000,0x000000a50ef00000) (1024K)]
  0x00000218ec3480d0 JavaThread "C1 CompilerThread2"         daemon [_thread_blocked, id=29684, stack(0x000000a50ef00000,0x000000a50f000000) (1024K)]
  0x00000218eef0b6c0 JavaThread "C1 CompilerThread3"         daemon [_thread_blocked, id=19360, stack(0x000000a50f600000,0x000000a50f700000) (1024K)]
Total: 14

Other Threads:
  0x00000218ec2f9030 VMThread "VM Thread"                           [id=5812, stack(0x000000a50e300000,0x000000a50e400000) (1024K)]
  0x00000218ec2dead0 WatcherThread "VM Periodic Task Thread"        [id=28496, stack(0x000000a50e200000,0x000000a50e300000) (1024K)]
  0x00000218cd6fce70 WorkerThread "GC Thread#0"                     [id=8244, stack(0x000000a50dd00000,0x000000a50de00000) (1024K)]
  0x00000218cd7094e0 ConcurrentGCThread "G1 Main Marker"            [id=24752, stack(0x000000a50de00000,0x000000a50df00000) (1024K)]
  0x00000218cd70c9d0 WorkerThread "G1 Conc#0"                       [id=20824, stack(0x000000a50df00000,0x000000a50e000000) (1024K)]
  0x00000218ec1b59a0 ConcurrentGCThread "G1 Refine#0"               [id=24448, stack(0x000000a50e000000,0x000000a50e100000) (1024K)]
  0x00000218ec1b61d0 ConcurrentGCThread "G1 Service"                [id=18172, stack(0x000000a50e100000,0x000000a50e200000) (1024K)]
Total: 7

Threads with active compile tasks:
Total: 0

VM state: not at safepoint (normal execution)

VM Mutex/Monitor currently owned by a thread: None

Heap address: 0x0000000749800000, size: 2920 MB, Compressed Oops mode: Zero based, Oop shift amount: 3

CDS archive(s) mapped at: [0x0000021880000000-0x0000021880c60000-0x0000021880c60000), size 12976128, SharedBaseAddress: 0x0000021880000000, ArchiveRelocationMode: 1.
Compressed class space mapped at: 0x0000021881000000-0x00000218c1000000, reserved size: 1073741824
Narrow klass base: 0x0000021880000000, Narrow klass shift: 0, Narrow klass range: 0x41000000

GC Precious Log:
 CardTable entry size: 512
 Card Set container configuration: InlinePtr #cards 4 size 8 Array Of Cards #cards 16 size 48 Howl #buckets 8 coarsen threshold 3686 Howl Bitmap #cards 512 size 80 coarsen threshold 460 Card regions per heap region 1 cards per card region 4096
 CPUs: 16 total, 16 available
 Memory: 11677M
 Large Page Support: Disabled
 NUMA Support: Disabled
 Compressed Oops: Enabled (Zero based)
 Heap Region Size: 2M
 Heap Min Capacity: 8M
 Heap Initial Capacity: 184M
 Heap Max Capacity: 2920M
 Pre-touch: Disabled
 Parallel Workers: 13
 Concurrent Workers: 3
 Concurrent Refinement Workers: 13
 Periodic GC: Disabled

Heap:
 garbage-first heap   total reserved 2990080K, committed 188416K, used 10240K [0x0000000749800000, 0x0000000800000000)
  region size 2048K, 6 young (12288K), 0 survivors (0K)
 Metaspace       used 3865K, committed 4032K, reserved 1114112K
  class space    used 223K, committed 256K, reserved 1048576K

Heap Regions: E=young(eden), S=young(survivor), O=old, HS=humongous(starts), HC=humongous(continues), CS=collection set, F=free, TAMS=top-at-mark-start, PB=parsable bottom
|   0|0x0000000749800000, 0x0000000749800000, 0x0000000749a00000|  0%| F|  |TAMS 0x0000000749800000| PB 0x0000000749800000| Untracked |  0
|   1|0x0000000749a00000, 0x0000000749a00000, 0x0000000749c00000|  0%| F|  |TAMS 0x0000000749a00000| PB 0x0000000749a00000| Untracked |  0
|   2|0x0000000749c00000, 0x0000000749c00000, 0x0000000749e00000|  0%| F|  |TAMS 0x0000000749c00000| PB 0x0000000749c00000| Untracked |  0
|   3|0x0000000749e00000, 0x0000000749e00000, 0x000000074a000000|  0%| F|  |TAMS 0x0000000749e00000| PB 0x0000000749e00000| Untracked |  0
|   4|0x000000074a000000, 0x000000074a000000, 0x000000074a200000|  0%| F|  |TAMS 0x000000074a000000| PB 0x000000074a000000| Untracked |  0
|   5|0x000000074a200000, 0x000000074a200000, 0x000000074a400000|  0%| F|  |TAMS 0x000000074a200000| PB 0x000000074a200000| Untracked |  0
|   6|0x000000074a400000, 0x000000074a400000, 0x000000074a600000|  0%| F|  |TAMS 0x000000074a400000| PB 0x000000074a400000| Untracked |  0
|   7|0x000000074a600000, 0x000000074a600000, 0x000000074a800000|  0%| F|  |TAMS 0x000000074a600000| PB 0x000000074a600000| Untracked |  0
|   8|0x000000074a800000, 0x000000074a800000, 0x000000074aa00000|  0%| F|  |TAMS 0x000000074a800000| PB 0x000000074a800000| Untracked |  0
|   9|0x000000074aa00000, 0x000000074aa00000, 0x000000074ac00000|  0%| F|  |TAMS 0x000000074aa00000| PB 0x000000074aa00000| Untracked |  0
|  10|0x000000074ac00000, 0x000000074ac00000, 0x000000074ae00000|  0%| F|  |TAMS 0x000000074ac00000| PB 0x000000074ac00000| Untracked |  0
|  11|0x000000074ae00000, 0x000000074ae00000, 0x000000074b000000|  0%| F|  |TAMS 0x000000074ae00000| PB 0x000000074ae00000| Untracked |  0
|  12|0x000000074b000000, 0x000000074b000000, 0x000000074b200000|  0%| F|  |TAMS 0x000000074b000000| PB 0x000000074b000000| Untracked |  0
|  13|0x000000074b200000, 0x000000074b200000, 0x000000074b400000|  0%| F|  |TAMS 0x000000074b200000| PB 0x000000074b200000| Untracked |  0
|  14|0x000000074b400000, 0x000000074b400000, 0x000000074b600000|  0%| F|  |TAMS 0x000000074b400000| PB 0x000000074b400000| Untracked |  0
|  15|0x000000074b600000, 0x000000074b600000, 0x000000074b800000|  0%| F|  |TAMS 0x000000074b600000| PB 0x000000074b600000| Untracked |  0
|  16|0x000000074b800000, 0x000000074b800000, 0x000000074ba00000|  0%| F|  |TAMS 0x000000074b800000| PB 0x000000074b800000| Untracked |  0
|  17|0x000000074ba00000, 0x000000074ba00000, 0x000000074bc00000|  0%| F|  |TAMS 0x000000074ba00000| PB 0x000000074ba00000| Untracked |  0
|  18|0x000000074bc00000, 0x000000074bc00000, 0x000000074be00000|  0%| F|  |TAMS 0x000000074bc00000| PB 0x000000074bc00000| Untracked |  0
|  19|0x000000074be00000, 0x000000074be00000, 0x000000074c000000|  0%| F|  |TAMS 0x000000074be00000| PB 0x000000074be00000| Untracked |  0
|  20|0x000000074c000000, 0x000000074c000000, 0x000000074c200000|  0%| F|  |TAMS 0x000000074c000000| PB 0x000000074c000000| Untracked |  0
|  21|0x000000074c200000, 0x000000074c200000, 0x000000074c400000|  0%| F|  |TAMS 0x000000074c200000| PB 0x000000074c200000| Untracked |  0
|  22|0x000000074c400000, 0x000000074c400000, 0x000000074c600000|  0%| F|  |TAMS 0x000000074c400000| PB 0x000000074c400000| Untracked |  0
|  23|0x000000074c600000, 0x000000074c600000, 0x000000074c800000|  0%| F|  |TAMS 0x000000074c600000| PB 0x000000074c600000| Untracked |  0
|  24|0x000000074c800000, 0x000000074c800000, 0x000000074ca00000|  0%| F|  |TAMS 0x000000074c800000| PB 0x000000074c800000| Untracked |  0
|  25|0x000000074ca00000, 0x000000074ca00000, 0x000000074cc00000|  0%| F|  |TAMS 0x000000074ca00000| PB 0x000000074ca00000| Untracked |  0
|  26|0x000000074cc00000, 0x000000074cc00000, 0x000000074ce00000|  0%| F|  |TAMS 0x000000074cc00000| PB 0x000000074cc00000| Untracked |  0
|  27|0x000000074ce00000, 0x000000074ce00000, 0x000000074d000000|  0%| F|  |TAMS 0x000000074ce00000| PB 0x000000074ce00000| Untracked |  0
|  28|0x000000074d000000, 0x000000074d000000, 0x000000074d200000|  0%| F|  |TAMS 0x000000074d000000| PB 0x000000074d000000| Untracked |  0
|  29|0x000000074d200000, 0x000000074d200000, 0x000000074d400000|  0%| F|  |TAMS 0x000000074d200000| PB 0x000000074d200000| Untracked |  0
|  30|0x000000074d400000, 0x000000074d400000, 0x000000074d600000|  0%| F|  |TAMS 0x000000074d400000| PB 0x000000074d400000| Untracked |  0
|  31|0x000000074d600000, 0x000000074d600000, 0x000000074d800000|  0%| F|  |TAMS 0x000000074d600000| PB 0x000000074d600000| Untracked |  0
|  32|0x000000074d800000, 0x000000074d800000, 0x000000074da00000|  0%| F|  |TAMS 0x000000074d800000| PB 0x000000074d800000| Untracked |  0
|  33|0x000000074da00000, 0x000000074da00000, 0x000000074dc00000|  0%| F|  |TAMS 0x000000074da00000| PB 0x000000074da00000| Untracked |  0
|  34|0x000000074dc00000, 0x000000074dc00000, 0x000000074de00000|  0%| F|  |TAMS 0x000000074dc00000| PB 0x000000074dc00000| Untracked |  0
|  35|0x000000074de00000, 0x000000074de00000, 0x000000074e000000|  0%| F|  |TAMS 0x000000074de00000| PB 0x000000074de00000| Untracked |  0
|  36|0x000000074e000000, 0x000000074e000000, 0x000000074e200000|  0%| F|  |TAMS 0x000000074e000000| PB 0x000000074e000000| Untracked |  0
|  37|0x000000074e200000, 0x000000074e200000, 0x000000074e400000|  0%| F|  |TAMS 0x000000074e200000| PB 0x000000074e200000| Untracked |  0
|  38|0x000000074e400000, 0x000000074e400000, 0x000000074e600000|  0%| F|  |TAMS 0x000000074e400000| PB 0x000000074e400000| Untracked |  0
|  39|0x000000074e600000, 0x000000074e600000, 0x000000074e800000|  0%| F|  |TAMS 0x000000074e600000| PB 0x000000074e600000| Untracked |  0
|  40|0x000000074e800000, 0x000000074e800000, 0x000000074ea00000|  0%| F|  |TAMS 0x000000074e800000| PB 0x000000074e800000| Untracked |  0
|  41|0x000000074ea00000, 0x000000074ea00000, 0x000000074ec00000|  0%| F|  |TAMS 0x000000074ea00000| PB 0x000000074ea00000| Untracked |  0
|  42|0x000000074ec00000, 0x000000074ec00000, 0x000000074ee00000|  0%| F|  |TAMS 0x000000074ec00000| PB 0x000000074ec00000| Untracked |  0
|  43|0x000000074ee00000, 0x000000074ee00000, 0x000000074f000000|  0%| F|  |TAMS 0x000000074ee00000| PB 0x000000074ee00000| Untracked |  0
|  44|0x000000074f000000, 0x000000074f000000, 0x000000074f200000|  0%| F|  |TAMS 0x000000074f000000| PB 0x000000074f000000| Untracked |  0
|  45|0x000000074f200000, 0x000000074f200000, 0x000000074f400000|  0%| F|  |TAMS 0x000000074f200000| PB 0x000000074f200000| Untracked |  0
|  46|0x000000074f400000, 0x000000074f400000, 0x000000074f600000|  0%| F|  |TAMS 0x000000074f400000| PB 0x000000074f400000| Untracked |  0
|  47|0x000000074f600000, 0x000000074f600000, 0x000000074f800000|  0%| F|  |TAMS 0x000000074f600000| PB 0x000000074f600000| Untracked |  0
|  48|0x000000074f800000, 0x000000074f800000, 0x000000074fa00000|  0%| F|  |TAMS 0x000000074f800000| PB 0x000000074f800000| Untracked |  0
|  49|0x000000074fa00000, 0x000000074fa00000, 0x000000074fc00000|  0%| F|  |TAMS 0x000000074fa00000| PB 0x000000074fa00000| Untracked |  0
|  50|0x000000074fc00000, 0x000000074fc00000, 0x000000074fe00000|  0%| F|  |TAMS 0x000000074fc00000| PB 0x000000074fc00000| Untracked |  0
|  51|0x000000074fe00000, 0x000000074fe00000, 0x0000000750000000|  0%| F|  |TAMS 0x000000074fe00000| PB 0x000000074fe00000| Untracked |  0
|  52|0x0000000750000000, 0x0000000750000000, 0x0000000750200000|  0%| F|  |TAMS 0x0000000750000000| PB 0x0000000750000000| Untracked |  0
|  53|0x0000000750200000, 0x0000000750200000, 0x0000000750400000|  0%| F|  |TAMS 0x0000000750200000| PB 0x0000000750200000| Untracked |  0
|  54|0x0000000750400000, 0x0000000750400000, 0x0000000750600000|  0%| F|  |TAMS 0x0000000750400000| PB 0x0000000750400000| Untracked |  0
|  55|0x0000000750600000, 0x0000000750600000, 0x0000000750800000|  0%| F|  |TAMS 0x0000000750600000| PB 0x0000000750600000| Untracked |  0
|  56|0x0000000750800000, 0x0000000750800000, 0x0000000750a00000|  0%| F|  |TAMS 0x0000000750800000| PB 0x0000000750800000| Untracked |  0
|  57|0x0000000750a00000, 0x0000000750a00000, 0x0000000750c00000|  0%| F|  |TAMS 0x0000000750a00000| PB 0x0000000750a00000| Untracked |  0
|  58|0x0000000750c00000, 0x0000000750c00000, 0x0000000750e00000|  0%| F|  |TAMS 0x0000000750c00000| PB 0x0000000750c00000| Untracked |  0
|  59|0x0000000750e00000, 0x0000000750e00000, 0x0000000751000000|  0%| F|  |TAMS 0x0000000750e00000| PB 0x0000000750e00000| Untracked |  0
|  60|0x0000000751000000, 0x0000000751000000, 0x0000000751200000|  0%| F|  |TAMS 0x0000000751000000| PB 0x0000000751000000| Untracked |  0
|  61|0x0000000751200000, 0x0000000751200000, 0x0000000751400000|  0%| F|  |TAMS 0x0000000751200000| PB 0x0000000751200000| Untracked |  0
|  62|0x0000000751400000, 0x0000000751400000, 0x0000000751600000|  0%| F|  |TAMS 0x0000000751400000| PB 0x0000000751400000| Untracked |  0
|  63|0x0000000751600000, 0x0000000751600000, 0x0000000751800000|  0%| F|  |TAMS 0x0000000751600000| PB 0x0000000751600000| Untracked |  0
|  64|0x0000000751800000, 0x0000000751800000, 0x0000000751a00000|  0%| F|  |TAMS 0x0000000751800000| PB 0x0000000751800000| Untracked |  0
|  65|0x0000000751a00000, 0x0000000751a00000, 0x0000000751c00000|  0%| F|  |TAMS 0x0000000751a00000| PB 0x0000000751a00000| Untracked |  0
|  66|0x0000000751c00000, 0x0000000751c00000, 0x0000000751e00000|  0%| F|  |TAMS 0x0000000751c00000| PB 0x0000000751c00000| Untracked |  0
|  67|0x0000000751e00000, 0x0000000751e00000, 0x0000000752000000|  0%| F|  |TAMS 0x0000000751e00000| PB 0x0000000751e00000| Untracked |  0
|  68|0x0000000752000000, 0x0000000752000000, 0x0000000752200000|  0%| F|  |TAMS 0x0000000752000000| PB 0x0000000752000000| Untracked |  0
|  69|0x0000000752200000, 0x0000000752200000, 0x0000000752400000|  0%| F|  |TAMS 0x0000000752200000| PB 0x0000000752200000| Untracked |  0
|  70|0x0000000752400000, 0x0000000752400000, 0x0000000752600000|  0%| F|  |TAMS 0x0000000752400000| PB 0x0000000752400000| Untracked |  0
|  71|0x0000000752600000, 0x0000000752600000, 0x0000000752800000|  0%| F|  |TAMS 0x0000000752600000| PB 0x0000000752600000| Untracked |  0
|  72|0x0000000752800000, 0x0000000752800000, 0x0000000752a00000|  0%| F|  |TAMS 0x0000000752800000| PB 0x0000000752800000| Untracked |  0
|  73|0x0000000752a00000, 0x0000000752a00000, 0x0000000752c00000|  0%| F|  |TAMS 0x0000000752a00000| PB 0x0000000752a00000| Untracked |  0
|  74|0x0000000752c00000, 0x0000000752c00000, 0x0000000752e00000|  0%| F|  |TAMS 0x0000000752c00000| PB 0x0000000752c00000| Untracked |  0
|  75|0x0000000752e00000, 0x0000000752e00000, 0x0000000753000000|  0%| F|  |TAMS 0x0000000752e00000| PB 0x0000000752e00000| Untracked |  0
|  76|0x0000000753000000, 0x0000000753000000, 0x0000000753200000|  0%| F|  |TAMS 0x0000000753000000| PB 0x0000000753000000| Untracked |  0
|  77|0x0000000753200000, 0x0000000753200000, 0x0000000753400000|  0%| F|  |TAMS 0x0000000753200000| PB 0x0000000753200000| Untracked |  0
|  78|0x0000000753400000, 0x0000000753400000, 0x0000000753600000|  0%| F|  |TAMS 0x0000000753400000| PB 0x0000000753400000| Untracked |  0
|  79|0x0000000753600000, 0x0000000753600000, 0x0000000753800000|  0%| F|  |TAMS 0x0000000753600000| PB 0x0000000753600000| Untracked |  0
|  80|0x0000000753800000, 0x0000000753800000, 0x0000000753a00000|  0%| F|  |TAMS 0x0000000753800000| PB 0x0000000753800000| Untracked |  0
|  81|0x0000000753a00000, 0x0000000753a00000, 0x0000000753c00000|  0%| F|  |TAMS 0x0000000753a00000| PB 0x0000000753a00000| Untracked |  0
|  82|0x0000000753c00000, 0x0000000753c00000, 0x0000000753e00000|  0%| F|  |TAMS 0x0000000753c00000| PB 0x0000000753c00000| Untracked |  0
|  83|0x0000000753e00000, 0x0000000753e00000, 0x0000000754000000|  0%| F|  |TAMS 0x0000000753e00000| PB 0x0000000753e00000| Untracked |  0
|  84|0x0000000754000000, 0x0000000754000000, 0x0000000754200000|  0%| F|  |TAMS 0x0000000754000000| PB 0x0000000754000000| Untracked |  0
|  85|0x0000000754200000, 0x0000000754200000, 0x0000000754400000|  0%| F|  |TAMS 0x0000000754200000| PB 0x0000000754200000| Untracked |  0
|  86|0x0000000754400000, 0x00000007544fa780, 0x0000000754600000| 48%| E|  |TAMS 0x0000000754400000| PB 0x0000000754400000| Complete |  0
|  87|0x0000000754600000, 0x0000000754800000, 0x0000000754800000|100%| E|CS|TAMS 0x0000000754600000| PB 0x0000000754600000| Complete |  0
|  88|0x0000000754800000, 0x0000000754a00000, 0x0000000754a00000|100%| E|CS|TAMS 0x0000000754800000| PB 0x0000000754800000| Complete |  0
|  89|0x0000000754a00000, 0x0000000754c00000, 0x0000000754c00000|100%| E|CS|TAMS 0x0000000754a00000| PB 0x0000000754a00000| Complete |  0
|  90|0x0000000754c00000, 0x0000000754e00000, 0x0000000754e00000|100%| E|CS|TAMS 0x0000000754c00000| PB 0x0000000754c00000| Complete |  0
|  91|0x0000000754e00000, 0x0000000755000000, 0x0000000755000000|100%| E|CS|TAMS 0x0000000754e00000| PB 0x0000000754e00000| Complete |  0

Card table byte_map: [0x00000218e6040000,0x00000218e6600000] _byte_map_base: 0x00000218e25f4000

Marking Bits: (CMBitMap*) 0x00000218cd6fd580
 Bits: [0x00000218e6600000, 0x00000218e93a0000)

Polling page: 0x00000218cbe40000

Metaspace:

Usage:
  Non-class:      3.56 MB used.
      Class:    223.85 KB used.
       Both:      3.78 MB used.

Virtual space:
  Non-class space:       64.00 MB reserved,       3.69 MB (  6%) committed,  1 nodes.
      Class space:        1.00 GB reserved,     256.00 KB ( <1%) committed,  1 nodes.
             Both:        1.06 GB reserved,       3.94 MB ( <1%) committed. 

Chunk freelists:
   Non-Class:  9.92 MB
       Class:  15.63 MB
        Both:  25.55 MB

MaxMetaspaceSize: unlimited
CompressedClassSpaceSize: 1.00 GB
Initial GC threshold: 21.00 MB
Current GC threshold: 21.00 MB
CDS: on
 - commit_granule_bytes: 65536.
 - commit_granule_words: 8192.
 - virtual_space_node_default_size: 8388608.
 - enlarge_chunks_in_place: 1.
 - use_allocation_guard: 0.


Internal statistics:

num_allocs_failed_limit: 0.
num_arena_births: 92.
num_arena_deaths: 0.
num_vsnodes_births: 2.
num_vsnodes_deaths: 0.
num_space_committed: 62.
num_space_uncommitted: 0.
num_chunks_returned_to_freelist: 0.
num_chunks_taken_from_freelist: 194.
num_chunk_merges: 0.
num_chunk_splits: 130.
num_chunks_enlarged: 86.
num_inconsistent_stats: 0.

CodeHeap 'non-profiled nmethods': size=119168Kb used=219Kb max_used=219Kb free=118948Kb
 bounds [0x00000218dd660000, 0x00000218dd8d0000, 0x00000218e4ac0000]
CodeHeap 'profiled nmethods': size=119104Kb used=1271Kb max_used=1271Kb free=117832Kb
 bounds [0x00000218d5ac0000, 0x00000218d5d30000, 0x00000218dcf10000]
CodeHeap 'non-nmethods': size=7488Kb used=3799Kb max_used=3813Kb free=3688Kb
 bounds [0x00000218dcf10000, 0x00000218dd2d0000, 0x00000218dd660000]
 total_blobs=1904 nmethods=825 adapters=981
 compilation: enabled
              stopped_count=0, restarted_count=0
 full_count=0

Compilation events (20 events):
Event: 0.677 Thread 0x00000218ec3480d0  816       3       java.net.URL::isBuiltinStreamHandler (32 bytes)
Event: 0.677 Thread 0x00000218ec348e70  817       3       java.net.URL::isBuiltinStreamHandler (8 bytes)
Event: 0.677 Thread 0x00000218ec34a2e0  818       3       sun.net.util.IPAddressUtil::checkHostString (65 bytes)
Event: 0.677 Thread 0x00000218eef0b6c0  819       3       sun.net.util.IPAddressUtil::checkHost (157 bytes)
Event: 0.677 Thread 0x00000218ec348e70 nmethod 817 0x00000218d5bf6310 code [0x00000218d5bf64c0, 0x00000218d5bf6688]
Event: 0.677 Thread 0x00000218ec34a2e0 nmethod 818 0x00000218d5bf6790 code [0x00000218d5bf6940, 0x00000218d5bf6b48]
Event: 0.677 Thread 0x00000218ec348e70  820       3       sun.net.util.IPAddressUtil::scan (92 bytes)
Event: 0.678 Thread 0x00000218ec3480d0 nmethod 816 0x00000218d5bf6c10 code [0x00000218d5bf6e40, 0x00000218d5bf7680]
Event: 0.678 Thread 0x00000218ec33e150  821       4       java.lang.StringLatin1::replace (198 bytes)
Event: 0.678 Thread 0x00000218ec348e70 nmethod 820 0x00000218d5bf7990 code [0x00000218d5bf7c00, 0x00000218d5bf8708]
Event: 0.678 Thread 0x00000218eef0b6c0 nmethod 819 0x00000218d5bf8c10 code [0x00000218d5bf90a0, 0x00000218d5bfad10]
Event: 0.678 Thread 0x00000218ec348e70  822       3       java.lang.String::equalsIgnoreCase (45 bytes)
Event: 0.679 Thread 0x00000218ec348e70 nmethod 822 0x00000218d5bfb810 code [0x00000218d5bfba00, 0x00000218d5bfbf38]
Event: 0.680 Thread 0x00000218ec348e70  823   !   3       java.util.zip.ZipFile$ZipFileInputStream::close (59 bytes)
Event: 0.680 Thread 0x00000218eef0b6c0  824       3       java.util.Collections$SetFromMap::remove (19 bytes)
Event: 0.680 Thread 0x00000218ec3480d0  825       3       java.util.WeakHashMap::remove (131 bytes)
Event: 0.680 Thread 0x00000218eef0b6c0 nmethod 824 0x00000218d5bfc110 code [0x00000218d5bfc2c0, 0x00000218d5bfc4f0]
Event: 0.680 Thread 0x00000218ec348e70 nmethod 823 0x00000218d5bfc590 code [0x00000218d5bfc760, 0x00000218d5bfcaf8]
Event: 0.681 Thread 0x00000218ec3480d0 nmethod 825 0x00000218d5bfcd10 code [0x00000218d5bfcf60, 0x00000218d5bfda78]
Event: 0.684 Thread 0x00000218ec33e150 nmethod 821 0x00000218dd696210 code [0x00000218dd6963e0, 0x00000218dd696980]

GC Heap History (0 events):
No events

Dll operation events (8 events):
Event: 0.007 Loaded shared library C:\Program Files\Java\jdk-22\bin\java.dll
Event: 0.029 Loaded shared library C:\Program Files\Java\jdk-22\bin\jsvml.dll
Event: 0.053 Loaded shared library C:\Program Files\Java\jdk-22\bin\net.dll
Event: 0.054 Loaded shared library C:\Program Files\Java\jdk-22\bin\nio.dll
Event: 0.057 Loaded shared library C:\Program Files\Java\jdk-22\bin\zip.dll
Event: 0.105 Loaded shared library C:\Program Files\Java\jdk-22\bin\jimage.dll
Event: 0.121 Loaded shared library C:\Users\willf\AppData\Local\Temp\lwjgl_willf\3.3.6+1\x64\lwjgl.dll
Event: 0.472 Loaded shared library C:\Users\willf\AppData\Local\Temp\lwjgl_willf\3.3.6+1\x64\lwjgl_opengl.dll

Deoptimization events (14 events):
Event: 0.069 Thread 0x00000218cd6af910 Uncommon trap: trap_request=0xffffff45 fr.pc=0x00000218dd666a78 relative=0x00000000000002b8
Event: 0.069 Thread 0x00000218cd6af910 Uncommon trap: reason=unstable_if action=reinterpret pc=0x00000218dd666a78 method=java.lang.StringLatin1.hashCode([B)I @ 2 c2
Event: 0.069 Thread 0x00000218cd6af910 DEOPT PACKING pc=0x00000218dd666a78 sp=0x000000a50dcfd920
Event: 0.069 Thread 0x00000218cd6af910 DEOPT UNPACKING pc=0x00000218dcf646a2 sp=0x000000a50dcfd858 mode 2
Event: 0.113 Thread 0x00000218cd6af910 DEOPT PACKING pc=0x00000218d5adaffc sp=0x000000a50dcfc460
Event: 0.113 Thread 0x00000218cd6af910 DEOPT UNPACKING pc=0x00000218dcf64e42 sp=0x000000a50dcfb880 mode 0
Event: 0.478 Thread 0x00000218cd6af910 Uncommon trap: trap_request=0xffffff54 fr.pc=0x00000218dd6936f0 relative=0x0000000000000070
Event: 0.478 Thread 0x00000218cd6af910 Uncommon trap: reason=speculate_null_assert action=make_not_entrant pc=0x00000218dd6936f0 method=sun.misc.Unsafe.putLong(Ljava/lang/Object;JJ)V @ 7 c2
Event: 0.478 Thread 0x00000218cd6af910 DEOPT PACKING pc=0x00000218dd6936f0 sp=0x000000a50dcff0d0
Event: 0.478 Thread 0x00000218cd6af910 DEOPT UNPACKING pc=0x00000218dcf646a2 sp=0x000000a50dcff048 mode 2
Event: 0.567 Thread 0x00000218cd6af910 Uncommon trap: trap_request=0xffffff54 fr.pc=0x00000218dd6946ec relative=0x000000000000006c
Event: 0.567 Thread 0x00000218cd6af910 Uncommon trap: reason=speculate_null_assert action=make_not_entrant pc=0x00000218dd6946ec method=sun.misc.Unsafe.getLong(Ljava/lang/Object;J)J @ 5 c2
Event: 0.567 Thread 0x00000218cd6af910 DEOPT PACKING pc=0x00000218dd6946ec sp=0x000000a50dcfef30
Event: 0.567 Thread 0x00000218cd6af910 DEOPT UNPACKING pc=0x00000218dcf646a2 sp=0x000000a50dcfeeb8 mode 2

Classes loaded (20 events):
Event: 0.165 Loading class java/lang/invoke/DirectMethodHandle$StaticAccessor
Event: 0.165 Loading class java/lang/invoke/DirectMethodHandle$StaticAccessor done
Event: 0.167 Loading class java/util/function/LongPredicate
Event: 0.167 Loading class java/util/function/LongPredicate done
Event: 0.169 Loading class java/lang/foreign/MemorySegment
Event: 0.169 Loading class java/lang/foreign/MemorySegment done
Event: 0.172 Loading class java/nio/InvalidMarkException
Event: 0.172 Loading class java/nio/InvalidMarkException done
Event: 0.172 Loading class java/nio/BufferUnderflowException
Event: 0.172 Loading class java/nio/BufferUnderflowException done
Event: 0.177 Loading class java/util/Formatter$FixedString
Event: 0.177 Loading class java/util/Formatter$FixedString done
Event: 0.188 Loading class java/lang/NoSuchFieldError
Event: 0.188 Loading class java/lang/NoSuchFieldError done
Event: 0.193 Loading class jdk/internal/reflect/MethodHandleIntegerFieldAccessorImpl
Event: 0.193 Loading class jdk/internal/reflect/MethodHandleIntegerFieldAccessorImpl done
Event: 0.478 Loading class jdk/internal/foreign/MemorySessionImpl
Event: 0.478 Loading class java/lang/foreign/MemorySegment$Scope
Event: 0.478 Loading class java/lang/foreign/MemorySegment$Scope done
Event: 0.478 Loading class jdk/internal/foreign/MemorySessionImpl done

Classes unloaded (0 events):
No events

Classes redefined (0 events):
No events

Internal exceptions (20 events):
Event: 0.124 Thread 0x00000218cd6af910 Exception <a 'sun/nio/fs/WindowsException'{0x0000000754b119b8}> (0x0000000754b119b8) 
thrown [s\open\src\hotspot\share\prims\jni.cpp, line 520]
Event: 0.125 Thread 0x00000218cd6af910 Exception <a 'sun/nio/fs/WindowsException'{0x0000000754b11ee8}> (0x0000000754b11ee8) 
thrown [s\open\src\hotspot\share\prims\jni.cpp, line 520]
Event: 0.168 Thread 0x00000218cd6af910 Exception <a 'java/lang/NoSuchMethodError'{0x0000000754be41b0}: 'int java.lang.invoke.DirectMethodHandle$Holder.invokeStaticInit(java.lang.Object, java.lang.Object, int, long)'> (0x0000000754be41b0) 
thrown [s\open\src\hotspot\share\interpreter\linkResolver.cpp, line 774]
Event: 0.168 Thread 0x00000218cd6af910 Exception <a 'java/lang/NoSuchMethodError'{0x0000000754be9568}: 'java.lang.Object java.lang.invoke.DirectMethodHandle$Holder.newInvokeSpecial(java.lang.Object, java.lang.Object, int)'> (0x0000000754be9568) 
thrown [s\open\src\hotspot\share\interpreter\linkResolver.cpp, line 774]
Event: 0.170 Thread 0x00000218cd6af910 Exception <a 'java/lang/NoSuchMethodError'{0x0000000754bf8f90}: 'int java.lang.invoke.DirectMethodHandle$Holder.invokeStaticInit(java.lang.Object, java.lang.Object, long, long)'> (0x0000000754bf8f90) 
thrown [s\open\src\hotspot\share\interpreter\linkResolver.cpp, line 774]
Event: 0.170 Thread 0x00000218cd6af910 Exception <a 'java/lang/NoSuchMethodError'{0x0000000754bfe5c0}: 'java.lang.Object java.lang.invoke.DirectMethodHandle$Holder.newInvokeSpecial(java.lang.Object, java.lang.Object, long)'> (0x0000000754bfe5c0) 
thrown [s\open\src\hotspot\share\interpreter\linkResolver.cpp, line 774]
Event: 0.170 Thread 0x00000218cd6af910 Exception <a 'java/lang/NoSuchMethodError'{0x0000000754802150}: 'java.lang.Object java.lang.invoke.Invokers$Holder.linkToTargetMethod(java.lang.Object, long, java.lang.Object)'> (0x0000000754802150) 
thrown [s\open\src\hotspot\share\interpreter\linkResolver.cpp, line 774]
Event: 0.171 Thread 0x00000218cd6af910 Exception <a 'java/lang/NoSuchMethodError'{0x0000000754809248}: 'int java.lang.invoke.DirectMethodHandle$Holder.invokeStaticInit(java.lang.Object, java.lang.Object, java.lang.Object, long)'> (0x0000000754809248) 
thrown [s\open\src\hotspot\share\interpreter\linkResolver.cpp, line 774]
Event: 0.187 Thread 0x00000218cd6af910 Exception <a 'sun/nio/fs/WindowsException'{0x00000007548c2c80}> (0x00000007548c2c80) 
thrown [s\open\src\hotspot\share\prims\jni.cpp, line 520]
Event: 0.187 Thread 0x00000218cd6af910 Exception <a 'sun/nio/fs/WindowsException'{0x00000007548c2fe0}> (0x00000007548c2fe0) 
thrown [s\open\src\hotspot\share\prims\jni.cpp, line 520]
Event: 0.193 Thread 0x00000218cd6af910 Exception <a 'java/lang/NoSuchMethodError'{0x00000007548d97f8}: 'int java.lang.invoke.Invokers$Holder.invokeExact_MT(java.lang.Object, java.lang.Object)'> (0x00000007548d97f8) 
thrown [s\open\src\hotspot\share\interpreter\linkResolver.cpp, line 774]
Event: 0.431 Thread 0x00000218cd6af910 Exception <a 'java/lang/NoSuchMethodError'{0x0000000754933828}: 'void java.lang.invoke.DirectMethodHandle$Holder.invokeStaticInit(java.lang.Object, long, double, double)'> (0x0000000754933828) 
thrown [s\open\src\hotspot\share\interpreter\linkResolver.cpp, line 774]
Event: 0.433 Thread 0x00000218cd6af910 Exception <a 'java/lang/NoSuchMethodError'{0x0000000754941cb0}: 'void java.lang.invoke.DirectMethodHandle$Holder.invokeStaticInit(java.lang.Object, long, int, int, int)'> (0x0000000754941cb0) 
thrown [s\open\src\hotspot\share\interpreter\linkResolver.cpp, line 774]
Event: 0.436 Thread 0x00000218cd6af910 Exception <a 'java/lang/NoSuchMethodError'{0x00000007549588a0}: 'void java.lang.invoke.DirectMethodHandle$Holder.invokeStaticInit(java.lang.Object, long, int, int, int, int)'> (0x00000007549588a0) 
thrown [s\open\src\hotspot\share\interpreter\linkResolver.cpp, line 774]
Event: 0.464 Thread 0x00000218cd6af910 Exception <a 'java/lang/NoSuchMethodError'{0x000000075497aeb0}: 'void java.lang.System.load(java.lang.String, java.lang.Class)'> (0x000000075497aeb0) 
thrown [s\open\src\hotspot\share\interpreter\linkResolver.cpp, line 774]
Event: 0.464 Thread 0x00000218cd6af910 Exception <a 'java/lang/NoSuchMethodError'{0x000000075497d900}: 'void java.lang.System.loadLibrary(java.lang.String, java.lang.Class)'> (0x000000075497d900) 
thrown [s\open\src\hotspot\share\interpreter\linkResolver.cpp, line 774]
Event: 0.470 Thread 0x00000218cd6af910 Exception <a 'sun/nio/fs/WindowsException'{0x000000075498da18}> (0x000000075498da18) 
thrown [s\open\src\hotspot\share\prims\jni.cpp, line 520]
Event: 0.470 Thread 0x00000218cd6af910 Exception <a 'sun/nio/fs/WindowsException'{0x000000075498ddb8}> (0x000000075498ddb8) 
thrown [s\open\src\hotspot\share\prims\jni.cpp, line 520]
Event: 0.475 Thread 0x00000218cd6af910 Exception <a 'sun/nio/fs/WindowsException'{0x00000007549998a0}> (0x00000007549998a0) 
thrown [s\open\src\hotspot\share\prims\jni.cpp, line 520]
Event: 0.475 Thread 0x00000218cd6af910 Exception <a 'sun/nio/fs/WindowsException'{0x0000000754999b70}> (0x0000000754999b70) 
thrown [s\open\src\hotspot\share\prims\jni.cpp, line 520]

ZGC Phase Switch (0 events):
No events

VM Operations (4 events):
Event: 0.057 Executing VM operation: HandshakeAllThreads (Deoptimize)
Event: 0.057 Executing VM operation: HandshakeAllThreads (Deoptimize) done
Event: 0.114 Executing VM operation: HandshakeAllThreads (Deoptimize)
Event: 0.114 Executing VM operation: HandshakeAllThreads (Deoptimize) done

Events (16 events):
Event: 0.019 Thread 0x00000218cd6af910 Thread added: 0x00000218cd6af910
Event: 0.028 Thread 0x00000218ec319770 Thread added: 0x00000218ec319770
Event: 0.028 Thread 0x00000218ec31a1d0 Thread added: 0x00000218ec31a1d0
Event: 0.028 Thread 0x00000218ec31ae90 Thread added: 0x00000218ec31ae90
Event: 0.028 Thread 0x00000218ec31be40 Thread added: 0x00000218ec31be40
Event: 0.028 Thread 0x00000218ec31cb20 Thread added: 0x00000218ec31cb20
Event: 0.028 Thread 0x00000218ec329d60 Thread added: 0x00000218ec329d60
Event: 0.028 Thread 0x00000218ec33e150 Thread added: 0x00000218ec33e150
Event: 0.029 Thread 0x00000218ec34a2e0 Thread added: 0x00000218ec34a2e0
Event: 0.043 Thread 0x00000218ec348e70 Thread added: 0x00000218ec348e70
Event: 0.046 Thread 0x00000218ec32aa80 Thread added: 0x00000218ec32aa80
Event: 0.048 Thread 0x00000218ec32c4c0 Thread added: 0x00000218ec32c4c0
Event: 0.165 Thread 0x00000218ec3480d0 Thread added: 0x00000218ec3480d0
Event: 0.431 Thread 0x00000218ec3480d0 Thread exited: 0x00000218ec3480d0
Event: 0.474 Thread 0x00000218ec3480d0 Thread added: 0x00000218ec3480d0
Event: 0.474 Thread 0x00000218eef0b6c0 Thread added: 0x00000218eef0b6c0


Dynamic libraries:
0x00007ff632d80000 - 0x00007ff632d90000 	C:\Program Files\Java\jdk-22\bin\java.exe
0x00007fff25da0000 - 0x00007fff26003000 	C:\WINDOWS\SYSTEM32\ntdll.dll
0x00007fff25140000 - 0x00007fff25207000 	C:\WINDOWS\System32\KERNEL32.DLL
0x00007fff237f0000 - 0x00007fff23bb9000 	C:\WINDOWS\System32\KERNELBASE.dll
0x00007fff22fa0000 - 0x00007fff230ec000 	C:\WINDOWS\System32\ucrtbase.dll
0x00007fff0db20000 - 0x00007fff0db37000 	C:\Program Files\Java\jdk-22\bin\jli.dll
0x00007fff0dae0000 - 0x00007fff0dafb000 	C:\Program Files\Java\jdk-22\bin\VCRUNTIME140.dll
0x00007fff256b0000 - 0x00007fff25762000 	C:\WINDOWS\System32\ADVAPI32.dll
0x00007fff23da0000 - 0x00007fff23e49000 	C:\WINDOWS\System32\msvcrt.dll
0x00007fff25ad0000 - 0x00007fff25b76000 	C:\WINDOWS\System32\sechost.dll
0x00007fff252f0000 - 0x00007fff25406000 	C:\WINDOWS\System32\RPCRT4.dll
0x00007fff25770000 - 0x00007fff2593a000 	C:\WINDOWS\System32\USER32.dll
0x00007fff132e0000 - 0x00007fff13570000 	C:\WINDOWS\WinSxS\amd64_microsoft.windows.common-controls_6595b64144ccf1df_6.0.26100.3323_none_3e088096e3344490\COMCTL32.dll
0x00007fff234a0000 - 0x00007fff234c7000 	C:\WINDOWS\System32\win32u.dll
0x00007fff23cc0000 - 0x00007fff23cea000 	C:\WINDOWS\System32\GDI32.dll
0x00007fff23620000 - 0x00007fff23751000 	C:\WINDOWS\System32\gdi32full.dll
0x00007fff234d0000 - 0x00007fff23573000 	C:\WINDOWS\System32\msvcp_win.dll
0x00007fff14de0000 - 0x00007fff14deb000 	C:\WINDOWS\SYSTEM32\VERSION.dll
0x00007fff25660000 - 0x00007fff2568f000 	C:\WINDOWS\System32\IMM32.DLL
0x00007fff1a340000 - 0x00007fff1a34c000 	C:\Program Files\Java\jdk-22\bin\vcruntime140_1.dll
0x00007fff05f20000 - 0x00007fff05fae000 	C:\Program Files\Java\jdk-22\bin\msvcp140.dll
0x00007ffeb56b0000 - 0x00007ffeb63f8000 	C:\Program Files\Java\jdk-22\bin\server\jvm.dll
0x00007fff24c40000 - 0x00007fff24cb4000 	C:\WINDOWS\System32\WS2_32.dll
0x00007fff22e30000 - 0x00007fff22e7e000 	C:\WINDOWS\SYSTEM32\POWRPROF.dll
0x00007fff0ffc0000 - 0x00007fff0fff6000 	C:\WINDOWS\SYSTEM32\WINMM.dll
0x00007fff22e10000 - 0x00007fff22e24000 	C:\WINDOWS\SYSTEM32\UMPDC.dll
0x00007fff21da0000 - 0x00007fff21dba000 	C:\WINDOWS\SYSTEM32\kernel.appcore.dll
0x00007fff14b90000 - 0x00007fff14b9a000 	C:\Program Files\Java\jdk-22\bin\jimage.dll
0x00007fff1a380000 - 0x00007fff1a5c1000 	C:\WINDOWS\SYSTEM32\DBGHELP.DLL
0x00007fff24db0000 - 0x00007fff25132000 	C:\WINDOWS\System32\combase.dll
0x00007fff25210000 - 0x00007fff252e6000 	C:\WINDOWS\System32\OLEAUT32.dll
0x00007fff145c0000 - 0x00007fff145f9000 	C:\WINDOWS\SYSTEM32\dbgcore.DLL
0x00007fff23580000 - 0x00007fff23619000 	C:\WINDOWS\System32\bcryptPrimitives.dll
0x00007fff0a4b0000 - 0x00007fff0a4ce000 	C:\Program Files\Java\jdk-22\bin\java.dll
0x00007fff23e50000 - 0x00007fff24565000 	C:\WINDOWS\System32\SHELL32.dll
0x00007fff230f0000 - 0x00007fff23258000 	C:\WINDOWS\System32\wintypes.dll
0x00007fff254c0000 - 0x00007fff25655000 	C:\WINDOWS\System32\ole32.dll
0x00007fff20c50000 - 0x00007fff21495000 	C:\WINDOWS\SYSTEM32\windows.storage.dll
0x00007fff24cc0000 - 0x00007fff24dab000 	C:\WINDOWS\System32\SHCORE.dll
0x00007fff23d40000 - 0x00007fff23d9d000 	C:\WINDOWS\System32\shlwapi.dll
0x00007fff22eb0000 - 0x00007fff22edf000 	C:\WINDOWS\SYSTEM32\profapi.dll
0x00007ffee5c90000 - 0x00007ffee5d67000 	C:\Program Files\Java\jdk-22\bin\jsvml.dll
0x00007fff11d80000 - 0x00007fff11d90000 	C:\Program Files\Java\jdk-22\bin\net.dll
0x00007fff222e0000 - 0x00007fff2234a000 	C:\WINDOWS\system32\mswsock.dll
0x00007fff0a440000 - 0x00007fff0a456000 	C:\Program Files\Java\jdk-22\bin\nio.dll
0x00007fff0a460000 - 0x00007fff0a477000 	C:\Program Files\Java\jdk-22\bin\zip.dll
0x00007ffefb5b0000 - 0x00007ffefb62e000 	C:\Users\willf\AppData\Local\Temp\lwjgl_willf\3.3.6+1\x64\lwjgl.dll
0x00007ffef0db0000 - 0x00007ffef0e39000 	C:\Users\willf\AppData\Local\Temp\lwjgl_willf\3.3.6+1\x64\glfw.dll
0x00007fff06a30000 - 0x00007fff06a7b000 	C:\WINDOWS\SYSTEM32\dinput8.dll
0x00007fff09c00000 - 0x00007fff09c12000 	C:\WINDOWS\SYSTEM32\xinput1_4.dll
0x00007fff22af0000 - 0x00007fff22b4f000 	C:\WINDOWS\SYSTEM32\cfgmgr32.dll
0x00007fff22b60000 - 0x00007fff22b8d000 	C:\WINDOWS\SYSTEM32\DEVOBJ.dll
0x00007fff205a0000 - 0x00007fff205d5000 	C:\WINDOWS\SYSTEM32\dwmapi.dll
0x00007fff070c0000 - 0x00007fff0729f000 	C:\WINDOWS\SYSTEM32\inputhost.dll
0x00007fff1d8e0000 - 0x00007fff1da06000 	C:\WINDOWS\SYSTEM32\CoreMessaging.dll
0x00007fff201d0000 - 0x00007fff2027e000 	C:\WINDOWS\system32\uxtheme.dll
0x00007fff25940000 - 0x00007fff25a9b000 	C:\WINDOWS\System32\MSCTF.dll
0x00007fff225a0000 - 0x00007fff225ac000 	C:\WINDOWS\SYSTEM32\CRYPTBASE.DLL
0x00007ffe9cd10000 - 0x00007ffe9ce1c000 	C:\WINDOWS\SYSTEM32\opengl32.dll
0x00007ffe9c820000 - 0x00007ffe9c84d000 	C:\WINDOWS\SYSTEM32\GLU32.dll
0x00007fff20550000 - 0x00007fff20597000 	C:\WINDOWS\SYSTEM32\dxcore.dll
0x00007fff20370000 - 0x00007fff203cd000 	C:\WINDOWS\SYSTEM32\directxdatabasehelper.dll
0x00007fff16cc0000 - 0x00007fff16cda000 	C:\WINDOWS\SYSTEM32\windows.staterepositorycore.dll
0x00007fff0e330000 - 0x00007fff0e35e000 	C:\WINDOWS\System32\DriverStore\FileRepository\u0405562.inf_amd64_833d6fa62fbc9b88\B405308\atig6pxx.dll
0x00007ffe47080000 - 0x00007ffe4b55d000 	C:\WINDOWS\System32\DriverStore\FileRepository\u0405562.inf_amd64_833d6fa62fbc9b88\B405308\atio6axx.dll
0x00007fff24570000 - 0x00007fff249f6000 	C:\WINDOWS\System32\SETUPAPI.dll
0x00007fff0b160000 - 0x00007fff0b195000 	C:\WINDOWS\SYSTEM32\amdihk64.dll
0x00007fff23760000 - 0x00007fff237df000 	C:\WINDOWS\System32\WINTRUST.dll
0x00007fff23260000 - 0x00007fff233d7000 	C:\WINDOWS\System32\CRYPT32.dll
0x00007fff225f0000 - 0x00007fff22603000 	C:\WINDOWS\SYSTEM32\MSASN1.dll
0x00007fff22750000 - 0x00007fff22776000 	C:\WINDOWS\SYSTEM32\BCrypt.dll
0x00007fff0d500000 - 0x00007fff0d646000 	C:\WINDOWS\SYSTEM32\textinputframework.dll
0x00007fff0d650000 - 0x00007fff0d933000 	C:\WINDOWS\SYSTEM32\CoreUIComponents.dll
0x00007fff05c50000 - 0x00007fff05cad000 	C:\Users\willf\AppData\Local\Temp\lwjgl_willf\3.3.6+1\x64\lwjgl_opengl.dll

dbghelp: loaded successfully - version: 4.0.5 - missing functions: none
symbol engine: initialized successfully - sym options: 0x614 - pdb path: .;C:\Program Files\Java\jdk-22\bin;C:\WINDOWS\SYSTEM32;C:\WINDOWS\WinSxS\amd64_microsoft.windows.common-controls_6595b64144ccf1df_6.0.26100.3323_none_3e088096e3344490;C:\Program Files\Java\jdk-22\bin\server;C:\Users\willf\AppData\Local\Temp\lwjgl_willf\3.3.6+1\x64;C:\WINDOWS\System32\DriverStore\FileRepository\u0405562.inf_amd64_833d6fa62fbc9b88\B405308

VM Arguments:
jvm_args: -Dfile.encoding=UTF-8 -Duser.country=US -Duser.language=en -Duser.variant 
java_command: Main
java_class_path (initial): C:\Users\willf\IdeaProjects\GameEngine\build\classes\java\main;C:\Users\willf\IdeaProjects\GameEngine\build\resources\main;C:\Users\willf\.gradle\caches\modules-2\files-2.1\org.lwjgl\lwjgl-assimp\3.3.6\931a8de55dd5ee546689119c85ed4d4af7fa68f2\lwjgl-assimp-3.3.6.jar;C:\Users\willf\.gradle\caches\modules-2\files-2.1\org.lwjgl\lwjgl-assimp\3.3.6\486fa1e2db9fc903a0cab984604cef1a895b0e28\lwjgl-assimp-3.3.6-natives-windows.jar;C:\Users\willf\.gradle\caches\modules-2\files-2.1\org.lwjgl\lwjgl-glfw\3.3.6\7119f7d0eeb1e5502ff0ca71d2b4d47317da015\lwjgl-glfw-3.3.6.jar;C:\Users\willf\.gradle\caches\modules-2\files-2.1\org.lwjgl\lwjgl-glfw\3.3.6\99ef08056feb9627f90425a4d2a22cd9fae8e39b\lwjgl-glfw-3.3.6-natives-windows.jar;C:\Users\willf\.gradle\caches\modules-2\files-2.1\org.lwjgl\lwjgl-nfd\3.3.6\e8059ffaf90c86b061fd89ddf3092979581ec72b\lwjgl-nfd-3.3.6.jar;C:\Users\willf\.gradle\caches\modules-2\files-2.1\org.lwjgl\lwjgl-nfd\3.3.6\749514157757f81256cf28c029fc3ec0dabe9135\lwjgl-nfd-3.3.6-natives-windows.jar;C:\Users\willf\.gradle\caches\modules-2\files-2.1\org.lwjgl\lwjgl-openal\3.3.6\ad313317ff399fd2a7f4dd74716a68cf3976c6ad\lwjgl-openal-3.3.6.jar;C:\Users\willf\.gradle\caches\modules-2\files-2.1\org.lwjgl\lwjgl-openal\3.3.6\9c2b9b660e085bb0b47a4453dc0e26f24a5475e4\lwjgl-openal-3.3.6-natives-windows.jar;C:\Users\willf\.gradle\caches\modules-2\files-2.1\org.lwjgl\lwjgl-opengl\3.3.6\ac2532612a4df374e9a9282bcf8ce2573018ebbb\lwjgl-opengl-3.3.6.jar;C:\Users\willf\.gradle\caches\modules-2\files-2.1\org.lwjgl\lwjgl-opengl\3.3.6\18dc639ebc94aa5202c2157f7490d28997b697c5\lwjgl-opengl-3.3.6-natives-windows.jar;C:\Users\willf\.gradle\caches\modules-2\files-2.1\org.lwjgl\lwjgl-stb\3.3.6\e2d3739dcfe7b672b626ded66d94f6587083306e\lwjgl-stb-3.3.6.jar;C:\Users\willf\.gradle\caches\modules-2\files-2.1\org.lwjgl\lwjgl-stb\3.3.6\334cf885b39e2db9070c39e70e65efb136435f10\lwjgl-stb-3.3.6-natives-windows.jar;C:\Users\willf\.gradle\caches\modules-2\files-2.1\org.lwjgl\lwjgl\3.3.6\ce7721d30cfaf47feaed10213e0c43eb55c49d68\lwjgl-3.3.6.jar;C:\Users\willf\.gradle\caches\modules-2\files-2.1\org.lwjgl\lwjgl\3.3.6\9a29b6a22fc5184604b8cb434ee5d5ecc4bfcbee\lwjgl-3.3.6-natives-windows.jar;C:\Users\willf\.gradle\caches\modules-2\files-2.1\org.joml\joml\1.10.7\f8c3f2e7db281bde099342dd36133de4bbba390c\joml-1.10.7.jar;C:\Users\willf\.gradle\caches\modules-2\files-2.1\org.jetbrains.kotlin\kotlin-stdlib-jdk8\1.8.20\73576ddf378c5b4f1f6b449fe6b119b8183fc078\kotlin-stdlib-jdk8-1.8.20.jar;C:\Users\willf\.gradle\caches\modules-2\files-2.1\org.jetbrains.kotlin\kotlin-stdlib-jdk7\1.8.20\3aa51faf20aae8b31e1a4bc54f8370673d7b7df4\kotlin-stdlib-jdk7-1.8.20.jar;C:\Users\willf\.gradle\caches\modules-2\files-2.1\org.jetbrains.kotlin\kotlin-stdlib\1.8.20\e72fc5e03ec6c064c678a6bd0d955c88d55b0c4a\kotlin-stdlib-1.8.20.jar;C:\Users\willf\.gradle\caches\modules-2\files-2.1\org.jetbrains.kotlin\kotlin-stdlib-common\1.8.20\5eddaaf234c8c49d03eebeb6a14feb7f90faca71\kotlin-stdlib-common-1.8.20.jar;C:\Users\willf\.gradle\caches\modules-2\files-2.1\org.jetbrains\annotations\13.0\919f0dfe192fb4e063e7dacadee7f8bb9a2672a9\annotations-13.0.jar
Launcher Type: SUN_STANDARD

[Global flags]
     intx CICompilerCount                          = 12                                        {product} {ergonomic}
     uint ConcGCThreads                            = 3                                         {product} {ergonomic}
     uint G1ConcRefinementThreads                  = 13                                        {product} {ergonomic}
   size_t G1HeapRegionSize                         = 2097152                                   {product} {ergonomic}
   size_t InitialHeapSize                          = 192937984                                 {product} {ergonomic}
   size_t MarkStackSize                            = 4194304                                   {product} {ergonomic}
   size_t MaxHeapSize                              = 3061841920                                {product} {ergonomic}
   size_t MaxNewSize                               = 1837105152                                {product} {ergonomic}
   size_t MinHeapDeltaBytes                        = 2097152                                   {product} {ergonomic}
   size_t MinHeapSize                              = 8388608                                   {product} {ergonomic}
    uintx NonNMethodCodeHeapSize                   = 7602480                                {pd product} {ergonomic}
    uintx NonProfiledCodeHeapSize                  = 122027880                              {pd product} {ergonomic}
    uintx ProfiledCodeHeapSize                     = 122027880                              {pd product} {ergonomic}
    uintx ReservedCodeCacheSize                    = 251658240                              {pd product} {ergonomic}
     bool SegmentedCodeCache                       = true                                      {product} {ergonomic}
   size_t SoftMaxHeapSize                          = 3061841920                             {manageable} {ergonomic}
     bool UseCompressedOops                        = true                           {product lp64_product} {ergonomic}
     bool UseG1GC                                  = true                                      {product} {ergonomic}
     bool UseLargePagesIndividualAllocation        = false                                  {pd product} {ergonomic}

Logging:
Log output configuration:
 #0: stdout all=warning uptime,level,tags foldmultilines=false
 #1: stderr all=off uptime,level,tags foldmultilines=false

Environment Variables:
PATH=C:\Program Files\Common Files\Oracle\Java\javapath;C:\WINDOWS\system32;C:\WINDOWS;C:\WINDOWS\System32\Wbem;C:\WINDOWS\System32\WindowsPowerShell\v1.0\;C:\WINDOWS\System32\OpenSSH\;C:\Program Files\dotnet\;C:\Program Files\Git\cmd;C:\Users\willf\AppData\Local\Microsoft\WindowsApps;C:\Program Files (x86)\Brackets\;C:\Users\willf\.deno\bin;C:\Users\willf\AppData\Local\GitHubDesktop\bin;C:\Users\willf\slack_cli\bin;C:\Users\willf\AppData\Local\Programs\Microsoft VS Code\bin;C:\Users\willf\.dotnet\tools;C:\Users\willf\AppData\Local\JetBrains\IntelliJ IDEA Community Edition 2024.3.5\bin;;C:\Users\willf\AppData\Local\Microsoft\WindowsApps;
USERNAME=willf
OS=Windows_NT
PROCESSOR_IDENTIFIER=AMD64 Family 25 Model 80 Stepping 0, AuthenticAMD
TMP=C:\Users\willf\AppData\Local\Temp
TEMP=C:\Users\willf\AppData\Local\Temp




Periodic native trim disabled

---------------  S Y S T E M  ---------------

OS:
 Windows 11 , 64 bit Build 26100 (10.0.26100.3323)
OS uptime: 11 days 19:30 hours
Hyper-V role detected

CPU: total 16 (initial active 16) (16 cores per cpu, 2 threads per core) family 25 model 80 stepping 0 microcode 0xa50000d, cx8, cmov, fxsr, ht, mmx, 3dnowpref, sse, sse2, sse3, ssse3, sse4a, sse4.1, sse4.2, popcnt, lzcnt, tsc, tscinvbit, avx, avx2, aes, erms, clmul, bmi1, bmi2, adx, sha, fma, vzeroupper, clflush, clflushopt, hv, rdtscp, rdpid, fsrm, f16c, cet_ss
Processor Information for processor 0
  Max Mhz: 3201, Current Mhz: 2555, Mhz Limit: 3201
Processor Information for processor 1
  Max Mhz: 3201, Current Mhz: 2555, Mhz Limit: 3201
Processor Information for processor 2
  Max Mhz: 3201, Current Mhz: 3201, Mhz Limit: 3201
Processor Information for processor 3
  Max Mhz: 3201, Current Mhz: 2555, Mhz Limit: 3201
Processor Information for processor 4
  Max Mhz: 3201, Current Mhz: 2555, Mhz Limit: 3201
Processor Information for processor 5
  Max Mhz: 3201, Current Mhz: 2555, Mhz Limit: 3201
Processor Information for processor 6
  Max Mhz: 3201, Current Mhz: 2555, Mhz Limit: 3201
Processor Information for processor 7
  Max Mhz: 3201, Current Mhz: 2555, Mhz Limit: 3201
Processor Information for processor 8
  Max Mhz: 3201, Current Mhz: 2555, Mhz Limit: 3201
Processor Information for processor 9
  Max Mhz: 3201, Current Mhz: 2555, Mhz Limit: 3201
Processor Information for processor 10
  Max Mhz: 3201, Current Mhz: 2555, Mhz Limit: 3201
Processor Information for processor 11
  Max Mhz: 3201, Current Mhz: 2555, Mhz Limit: 3201
Processor Information for processor 12
  Max Mhz: 3201, Current Mhz: 2555, Mhz Limit: 3201
Processor Information for processor 13
  Max Mhz: 3201, Current Mhz: 2555, Mhz Limit: 3201
Processor Information for processor 14
  Max Mhz: 3201, Current Mhz: 2555, Mhz Limit: 3201
Processor Information for processor 15
  Max Mhz: 3201, Current Mhz: 2555, Mhz Limit: 3201

Memory: 4k page, system-wide physical 11677M (1460M free)
TotalPageFile size 21064M (AvailPageFile size 2248M)
current process WorkingSet (physical memory assigned to process): 111M, peak: 111M
current process commit charge ("private bytes"): 349M, peak: 349M

vm_info: Java HotSpot(TM) 64-Bit Server VM (22+36-2370) for windows-amd64 JRE (22+36-2370), built on 2024-02-15T22:15:19Z by "mach5one" with MS VC++ 17.6 (VS2022)

END.
