#
# A fatal error has been detected by the Java Runtime Environment:
#
#  EXCEPTION_ACCESS_VIOLATION (0xc0000005) at pc=0x00007ffe491d2d10, pid=19168, tid=15132
#
# JRE version: Java(TM) SE Runtime Environment (22.0+36) (build 22+36-2370)
# Java VM: Java HotSpot(TM) 64-Bit Server VM (22+36-2370, mixed mode, sharing, tiered, compressed oops, compressed class ptrs, g1 gc, windows-amd64)
# Problematic frame:
# C  [atio6axx.dll+0x2152d10]
#
# No core dump will be written. Minidumps are not enabled by default on client versions of Windows
#
# If you would like to submit a bug report, please visit:
#   https://bugreport.java.com/bugreport/crash.jsp
# The crash happened outside the Java Virtual Machine in native code.
# See problematic frame for where to report the bug.
#

---------------  S U M M A R Y ------------

Command Line: -Dfile.encoding=UTF-8 -Duser.country=US -Duser.language=en -Duser.variant Main

Host: AMD Ryzen 7 5800HS with Radeon Graphics        , 16 cores, 11G,  Windows 11 , 64 bit Build 26100 (10.0.26100.3323)
Time: Sun Apr  6 17:47:32 2025 Eastern Daylight Time elapsed time: 0.732850 seconds (0d 0h 0m 0s)

---------------  T H R E A D  ---------------

Current thread (0x000002727ecfee30):  JavaThread "main"             [_thread_in_native, id=15132, stack(0x000000ed58300000,0x000000ed58400000) (1024K)]

Stack: [0x000000ed58300000,0x000000ed58400000],  sp=0x000000ed583fe448,  free space=1017k
Native frames: (J=compiled Java code, j=interpreted, Vv=VM code, C=native code)
C  [atio6axx.dll+0x2152d10]  (no source info available)
C  [atio6axx.dll+0x78c234]  (no source info available)
C  [atio6axx.dll+0x78bb6e]  (no source info available)
C  [atio6axx.dll+0x74ed2f]  (no source info available)
C  [atio6axx.dll+0x74eedf]  (no source info available)
C  [atio6axx.dll+0x6d49cc]  (no source info available)
C  [atio6axx.dll+0x464370]  (no source info available)
C  [atio6axx.dll+0x50f2de]  (no source info available)
C  [lwjgl_opengl.dll+0xcc45]  (no source info available)
C  0x000002720f6dcfc7  (no source info available)

The last pc belongs to native method entry point (kind = native) (printed below).
Java frames: (J=compiled Java code, j=interpreted, Vv=VM code)
j  org.lwjgl.opengl.GL11C.nglTexImage2D(IIIIIIIIJ)V+0
j  org.lwjgl.opengl.GL11C.glTexImage2D(IIIIIIIILjava/nio/ByteBuffer;)V+17
j  renderer.Texture.<init>(Ljava/lang/String;)V+132
j  Underworld.LevelEditorScene.init()V+45
j  Underworld.Window.changeScene(I)V+41
j  Underworld.Window.init()V+162
j  Underworld.Window.run()V+15
j  Main.main([Ljava/lang/String;)V+5
v  ~StubRoutines::call_stub 0x000002720f6d100d

siginfo: EXCEPTION_ACCESS_VIOLATION (0xc0000005), reading address 0x000002727460d620


Registers:
RAX=0x000002726fb40000, RBX=0x000000ed583fe560, RCX=0x000002726fb40000, RDX=0x0000027272f2a040
RSP=0x000000ed583fe448, RBP=0x000000ed583fe5c0, RSI=0x0000027272f2a040, RDI=0x0000027272f2a040
R8 =0x00000000016e3600, R9 =0x00000000016e3600, R10=0x00007ffe47080000, R11=0x000000ed583fe050
R12=0x000002726fb40000, R13=0x0000000000000000, R14=0x00000000ffffffff, R15=0x000002726bd8b080
RIP=0x00007ffe491d2d10, EFLAGS=0x0000000000010206


Register to memory mapping:

RAX=0x000002726fb40000 points into unknown readable memory: 0x0000000000000000 | 00 00 00 00 00 00 00 00
RBX=0x000000ed583fe560 is pointing into the stack for thread: 0x000002727ecfee30
RCX=0x000002726fb40000 points into unknown readable memory: 0x0000000000000000 | 00 00 00 00 00 00 00 00
RDX=0x0000027272f2a040 points into unknown readable memory: 0x0000000000000000 | 00 00 00 00 00 00 00 00
RSP=0x000000ed583fe448 is pointing into the stack for thread: 0x000002727ecfee30
RBP=0x000000ed583fe5c0 is pointing into the stack for thread: 0x000002727ecfee30
RSI=0x0000027272f2a040 points into unknown readable memory: 0x0000000000000000 | 00 00 00 00 00 00 00 00
RDI=0x0000027272f2a040 points into unknown readable memory: 0x0000000000000000 | 00 00 00 00 00 00 00 00
R8 =0x00000000016e3600 is an unknown value
R9 =0x00000000016e3600 is an unknown value
R10=0x00007ffe47080000 atio6axx.dll
R11=0x000000ed583fe050 is pointing into the stack for thread: 0x000002727ecfee30
R12=0x000002726fb40000 points into unknown readable memory: 0x0000000000000000 | 00 00 00 00 00 00 00 00
R13=0x0 is null
R14=0x00000000ffffffff is an unknown value
R15=0x000002726bd8b080 points into unknown readable memory: 0x00007ffe4aa8c990 | 90 c9 a8 4a fe 7f 00 00

Top of Stack: (sp=0x000000ed583fe448)
0x000000ed583fe448:   00007ffe4780c234 0000027200000840
0x000000ed583fe458:   00007ffe47954cbd 0000000000000000
0x000000ed583fe468:   00007ffe47954b6d 0000000000000000
0x000000ed583fe478:   00007ffe47954d95 0000b0e29b2c2d53
0x000000ed583fe488:   000000ed583fe7d0 000000ed583fe7d0
0x000000ed583fe498:   000000ed583fe720 000002726becfc60
0x000000ed583fe4a8:   0000000000000000 0000000000000000
0x000000ed583fe4b8:   00007ffe4780bb6e 000002721d87d508
0x000000ed583fe4c8:   000000ed583fe5c0 000000ed583fe500
0x000000ed583fe4d8:   0000000000002ee0 000000ed583fe7d0
0x000000ed583fe4e8:   000000ed583fe560 000000ed583fe510
0x000000ed583fe4f8:   00000001000007d0 000002726b671508
0x000000ed583fe508:   0000000100000001 0000000000000000
0x000000ed583fe518:   000000ed583fe720 0000000000000000
0x000000ed583fe528:   0000000000000000 0000000000000000
0x000000ed583fe538:   0000000000000000 0000000000000000
0x000000ed583fe548:   0000000000000000 0000000000000000
0x000000ed583fe558:   0000000000000000 0000001d00000000
0x000000ed583fe568:   0000000400000001 00000bb800000004
0x000000ed583fe578:   000007d000000004 00002ee000002ee0
0x000000ed583fe588:   00000000016e3600 00000000016e3600
0x000000ed583fe598:   0000000000000000 0000000000000000
0x000000ed583fe5a8:   00000000016e3600 00000000016e3600
0x000000ed583fe5b8:   00000000016e3600 0000000000000004
0x000000ed583fe5c8:   0000000000000004 0000000000000004
0x000000ed583fe5d8:   0000000000002ee0 00000000016e3600
0x000000ed583fe5e8:   0000000000000000 0000000100000001
0x000000ed583fe5f8:   0000000100000001 0000000000000001
0x000000ed583fe608:   0000000000000000 000007d000000bb8
0x000000ed583fe618:   0000000000000001 0000000000000000
0x000000ed583fe628:   0000000000000000 0000000000000000
0x000000ed583fe638:   0000000000000000 0000000000000000 

Instructions: (pc=0x00007ffe491d2d10)
0x00007ffe491d2c10:   89 40 04 44 88 48 06 c3 4c 8b 02 8b 4a 08 44 0f
0x00007ffe491d2c20:   b7 4a 0c 4c 89 00 89 48 08 66 44 89 48 0c c3 0f
0x00007ffe491d2c30:   b7 0a 44 0f b6 42 02 66 89 08 44 88 40 02 c3 90
0x00007ffe491d2c40:   4c 8b 02 8b 4a 08 44 0f b6 4a 0c 4c 89 00 89 48
0x00007ffe491d2c50:   08 44 88 48 0c c3 4c 8b 02 0f b7 4a 08 4c 89 00
0x00007ffe491d2c60:   66 89 48 08 c3 4c 8b 02 0f b6 4a 08 4c 89 00 88
0x00007ffe491d2c70:   48 08 c3 4c 8b 02 8b 4a 08 4c 89 00 89 48 08 c3
0x00007ffe491d2c80:   8b 0a 44 0f b7 42 04 89 08 66 44 89 40 04 c3 8b
0x00007ffe491d2c90:   0a 44 0f b6 42 04 89 08 44 88 40 04 c3 48 8b 0a
0x00007ffe491d2ca0:   48 89 08 c3 0f b6 0a 88 08 c3 8b 0a 89 08 c3 90
0x00007ffe491d2cb0:   49 83 f8 20 77 17 f3 0f 6f 0a f3 42 0f 6f 54 02
0x00007ffe491d2cc0:   f0 f3 0f 7f 09 f3 42 0f 7f 54 01 f0 c3 48 3b d1
0x00007ffe491d2cd0:   73 0e 4e 8d 0c 02 49 3b c9 0f 82 41 04 00 00 90
0x00007ffe491d2ce0:   83 3d 71 13 ef 01 03 0f 82 e3 02 00 00 49 81 f8
0x00007ffe491d2cf0:   00 20 00 00 76 16 49 81 f8 00 00 18 00 77 0d f6
0x00007ffe491d2d00:   05 aa 9c 06 02 02 0f 85 64 fe ff ff c5 fe 6f 02
0x00007ffe491d2d10:   c4 a1 7e 6f 6c 02 e0 49 81 f8 00 01 00 00 0f 86
0x00007ffe491d2d20:   c4 00 00 00 4c 8b c9 49 83 e1 1f 49 83 e9 20 49
0x00007ffe491d2d30:   2b c9 49 2b d1 4d 03 c1 49 81 f8 00 01 00 00 0f
0x00007ffe491d2d40:   86 a3 00 00 00 49 81 f8 00 00 18 00 0f 87 3e 01
0x00007ffe491d2d50:   00 00 66 66 66 66 66 66 0f 1f 84 00 00 00 00 00
0x00007ffe491d2d60:   c5 fe 6f 0a c5 fe 6f 52 20 c5 fe 6f 5a 40 c5 fe
0x00007ffe491d2d70:   6f 62 60 c5 fd 7f 09 c5 fd 7f 51 20 c5 fd 7f 59
0x00007ffe491d2d80:   40 c5 fd 7f 61 60 c5 fe 6f 8a 80 00 00 00 c5 fe
0x00007ffe491d2d90:   6f 92 a0 00 00 00 c5 fe 6f 9a c0 00 00 00 c5 fe
0x00007ffe491d2da0:   6f a2 e0 00 00 00 c5 fd 7f 89 80 00 00 00 c5 fd
0x00007ffe491d2db0:   7f 91 a0 00 00 00 c5 fd 7f 99 c0 00 00 00 c5 fd
0x00007ffe491d2dc0:   7f a1 e0 00 00 00 48 81 c1 00 01 00 00 48 81 c2
0x00007ffe491d2dd0:   00 01 00 00 49 81 e8 00 01 00 00 49 81 f8 00 01
0x00007ffe491d2de0:   00 00 0f 83 78 ff ff ff 4d 8d 48 1f 49 83 e1 e0
0x00007ffe491d2df0:   4d 8b d9 49 c1 eb 05 47 8b 9c 9a 40 70 3c 04 4d
0x00007ffe491d2e00:   03 da 41 ff e3 c4 a1 7e 6f 8c 0a 00 ff ff ff c4 


Stack slot to memory mapping:

stack at sp + 0 slots: 0x00007ffe4780c234 atio6axx.dll
stack at sp + 1 slots: 0x0000027200000840 points into unknown readable memory: 0x0000000001000194 | 94 01 00 01 00 00 00 00
stack at sp + 2 slots: 0x00007ffe47954cbd atio6axx.dll
stack at sp + 3 slots: 0x0 is null
stack at sp + 4 slots: 0x00007ffe47954b6d atio6axx.dll
stack at sp + 5 slots: 0x0 is null
stack at sp + 6 slots: 0x00007ffe47954d95 atio6axx.dll
stack at sp + 7 slots: 0x0000b0e29b2c2d53 is an unknown value

native method entry point (kind = native)  [0x000002720f6dcba0, 0x000002720f6dd6c0]  2848 bytes
[MachCode]
  0x000002720f6dcba0: 488b 4b08 | 0fb7 492e | 584c 8d74 | ccf8 6800 | 0000 0068 | 0000 0000 | 5055 488b | ec41 5568 
  0x000002720f6dcbc0: 0000 0000 | 4c8b 6b08 | 4d8d 6d38 | 5348 8b53 | 0848 8b52 | 0848 8b52 | 1848 8b52 | 7048 8b12 
  0x000002720f6dcbe0: 5248 8b53 | 1048 85d2 | 0f84 0700 | 0000 4881 | c210 0100 | 0052 488b | 5308 488b | 5208 488b 
  0x000002720f6dcc00: 5210 5249 | 8bc6 482b | c548 c1e8 | 0350 6800 | 0000 0068 | f7ff ffff | 41c6 8781 | 0400 0001 
  0x000002720f6dcc20: 488b 4310 | 4885 c074 | 208b 88cc | 0000 0083 | c102 8988 | cc00 0000 | 2388 e000 | 0000 0f84 
  0x000002720f6dcc40: cb09 0000 | e9cf 0000 | 0048 8b43 | 1848 85c0 | 0f85 b000 | 0000 e805 | 0000 00e9 | 9900 0000 
  0x000002720f6dcc60: 488b d348 | 8d44 2408 | 4c89 6dc0 | 498b cfc5 | f877 4989 | afb0 0300 | 0049 8987 | a003 0000 
  0x000002720f6dcc80: 4883 ec20 | 40f6 c40f | 0f84 1900 | 0000 4883 | ec08 48b8 | f0a2 aacf | fe7f 0000 | ffd0 4883 
  0x000002720f6dcca0: c408 e90c | 0000 0048 | b8f0 a2aa | cffe 7f00 | 00ff d048 | 83c4 2049 | c787 a003 | 0000 0000 
  0x000002720f6dccc0: 0000 49c7 | 87b0 0300 | 0000 0000 | 0049 c787 | a803 0000 | 0000 0000 | c5f8 7749 | 837f 0800 
  0x000002720f6dcce0: 0f84 0500 | 0000 e915 | 42ff ff4c | 8b6d c04c | 8b75 c84e | 8d74 f500 | c348 8b43 | 1848 85c0 
  0x000002720f6dcd00: 0f84 1200 | 0000 8b48 | 0883 c102 | 8948 0823 | 481c 0f84 | f708 0000 | 493b a7f0 | 0400 000f 
  0x000002720f6dcd20: 8748 0000 | 0089 8424 | 00f0 ffff | 8984 2400 | e0ff ff89 | 8424 00d0 | ffff 8984 | 2400 c0ff 
  0x000002720f6dcd40: ff89 8424 | 00b0 ffff | 8984 2400 | a0ff ff89 | 8424 0090 | ffff 8984 | 2400 80ff | ff49 3ba7 
  0x000002720f6dcd60: e804 0000 | 7607 4989 | a7f0 0400 | 0041 c687 | 8104 0000 | 0049 baac | 4031 d0fe | 7f00 0041 
  0x000002720f6dcd80: 803a 000f | 843e 0000 | 0048 8b55 | e849 8bcf | 4883 ec20 | 40f6 c40f | 0f84 1900 | 0000 4883 
  0x000002720f6dcda0: ec08 48b8 | 00b6 e1cf | fe7f 0000 | ffd0 4883 | c408 e90c | 0000 0048 | b800 b6e1 | cffe 7f00 
  0x000002720f6dcdc0: 00ff d048 | 83c4 2048 | 8b5d e84c | 8b5b 0845 | 0fb7 5b2e | 41c1 e303 | 492b e348 | 83ec 2048 
  0x000002720f6dcde0: 83e4 f04c | 8b5b 604d | 85db 0f85 | ab00 0000 | e805 0000 | 00e9 9900 | 0000 488b | d348 8d44 
  0x000002720f6dce00: 2408 4c89 | 6dc0 498b | cfc5 f877 | 4989 afb0 | 0300 0049 | 8987 a003 | 0000 4883 | ec20 40f6 
  0x000002720f6dce20: c40f 0f84 | 1900 0000 | 4883 ec08 | 48b8 10ca | aacf fe7f | 0000 ffd0 | 4883 c408 | e90c 0000 
  0x000002720f6dce40: 0048 b810 | caaa cffe | 7f00 00ff | d048 83c4 | 2049 c787 | a003 0000 | 0000 0000 | 49c7 87b0 
  0x000002720f6dce60: 0300 0000 | 0000 0049 | c787 a803 | 0000 0000 | 0000 c5f8 | 7749 837f | 0800 0f84 | 0500 0000 
  0x000002720f6dce80: e97b 40ff | ff4c 8b6d | c04c 8b75 | c84e 8d74 | f500 c348 | 8b5d e84c | 8b5b 6041 | ffd3 488b 
  0x000002720f6dcea0: 5de8 4889 | 4518 448b | 5b28 41f6 | c308 0f84 | 1b00 0000 | 4c8b 5b08 | 4d8b 5b08 | 4d8b 5b18 
  0x000002720f6dcec0: 4d8b 5b70 | 4d8b 1b4c | 895d 1048 | 8d55 1048 | 8b43 5849 | ba00 0de2 | cffe 7f00 | 0049 3bc2 
  0x000002720f6dcee0: 0f85 ab00 | 0000 e805 | 0000 00e9 | 9900 0000 | 488b d348 | 8d44 2408 | 4c89 6dc0 | 498b cfc5 
  0x000002720f6dcf00: f877 4989 | afb0 0300 | 0049 8987 | a003 0000 | 4883 ec20 | 40f6 c40f | 0f84 1900 | 0000 4883 
  0x000002720f6dcf20: ec08 48b8 | 10ca aacf | fe7f 0000 | ffd0 4883 | c408 e90c | 0000 0048 | b810 caaa | cffe 7f00 
  0x000002720f6dcf40: 00ff d048 | 83c4 2049 | c787 a003 | 0000 0000 | 0000 49c7 | 87b0 0300 | 0000 0000 | 0049 c787 
  0x000002720f6dcf60: a803 0000 | 0000 0000 | c5f8 7749 | 837f 0800 | 0f84 0500 | 0000 e985 | 3fff ff4c | 8b6d c04c 
  0x000002720f6dcf80: 8b75 c84e | 8d74 f500 | c348 8b5d | e848 8b43 | 5849 8d8f | c003 0000 | c5f8 7749 | 89af b003 
  0x000002720f6dcfa0: 0000 49ba | 98cf 6d0f | 7202 0000 | 4d89 97a8 | 0300 0049 | 89a7 a003 | 0000 41c7 | 8754 0400 
  0x000002720f6dcfc0: 0004 0000 | 00ff d0c5 | f877 4883 | ec10 c5fb | 1104 2448 | 83ec 1048 | 8904 2448 | c744 2408 
  0x000002720f6dcfe0: 0000 0000 | 41c7 8754 | 0400 0005 | 0000 00f0 | 8344 24c0 | 0049 3baf | 5804 0000 | 0f87 0e00 
  0x000002720f6dd000: 0000 4183 | bf50 0400 | 0000 0f84 | 2000 0000 | 498b cf4c | 8be4 4883 | ec20 4883 | e4f0 48b8 
  0x000002720f6dd020: c01f accf | fe7f 0000 | ffd0 498b | e44d 33e4 | 41c7 8754 | 0400 0008 | 0000 0049 | c787 a003 
  0x000002720f6dd040: 0000 0000 | 0000 49c7 | 87b0 0300 | 0000 0000 | 0049 c787 | a803 0000 | 0000 0000 | c5f8 774d 
  0x000002720f6dd060: 8b9f 3004 | 0000 41c7 | 8300 0100 | 0000 0000 | 0049 bb1a | a56d 0f72 | 0200 004c | 3b5d 180f 
  0x000002720f6dd080: 8524 0200 | 0048 8b04 | 2448 83c4 | 1048 85c0 | 0f84 fe01 | 0000 a803 | 0f85 0800 | 0000 488b 
  0x000002720f6dd0a0: 00e9 ee01 | 0000 a801 | 0f85 0900 | 0000 488b | 40fe e9dd | 0100 0048 | 8b40 ff41 | 807f 3800 
  0x000002720f6dd0c0: 0f84 ce01 | 0000 4883 | f800 0f84 | c401 0000 | 4d8b 5f28 | 4983 fb00 | 0f84 1400 | 0000 4983 
  0x000002720f6dd0e0: eb08 4d89 | 5f28 4d03 | 5f30 4989 | 03e9 a201 | 0000 4881 | ecd0 0000 | 0048 8904 | 2448 894c 
  0x000002720f6dd100: 2408 4889 | 5424 1048 | 8974 2418 | 4889 7c24 | 204c 8944 | 2428 4c89 | 4c24 304c | 8954 2438 
  0x000002720f6dd120: 4c89 5c24 | 40c5 fb11 | 4424 50c5 | fb11 4c24 | 58c5 fb11 | 5424 60c5 | fb11 5c24 | 68c5 fb11 
  0x000002720f6dd140: 6424 70c5 | fb11 6c24 | 78c5 fb11 | b424 8000 | 0000 c5fb | 11bc 2488 | 0000 00c5 | 7b11 8424 
  0x000002720f6dd160: 9000 0000 | c57b 118c | 2498 0000 | 00c5 7b11 | 9424 a000 | 0000 c57b | 119c 24a8 | 0000 00c5 
  0x000002720f6dd180: 7b11 a424 | b000 0000 | c57b 11ac | 24b8 0000 | 00c5 7b11 | b424 c000 | 0000 c57b | 11bc 24c8 
  0x000002720f6dd1a0: 0000 0049 | 8bd7 488b | c848 83ec | 2040 f6c4 | 0f0f 8419 | 0000 0048 | 83ec 0848 | b830 3e9f 
  0x000002720f6dd1c0: cffe 7f00 | 00ff d048 | 83c4 08e9 | 0c00 0000 | 48b8 303e | 9fcf fe7f | 0000 ffd0 | 4883 c420 
  0x000002720f6dd1e0: c57b 10bc | 24c8 0000 | 00c5 7b10 | b424 c000 | 0000 c57b | 10ac 24b8 | 0000 00c5 | 7b10 a424 
  0x000002720f6dd200: b000 0000 | c57b 109c | 24a8 0000 | 00c5 7b10 | 9424 a000 | 0000 c57b | 108c 2498 | 0000 00c5 
  0x000002720f6dd220: 7b10 8424 | 9000 0000 | c5fb 10bc | 2488 0000 | 00c5 fb10 | b424 8000 | 0000 c5fb | 106c 2478 
  0x000002720f6dd240: c5fb 1064 | 2470 c5fb | 105c 2468 | c5fb 1054 | 2460 c5fb | 104c 2458 | c5fb 1044 | 2450 4c8b 
  0x000002720f6dd260: 5c24 404c | 8b54 2438 | 4c8b 4c24 | 304c 8b44 | 2428 488b | 7c24 2048 | 8b74 2418 | 488b 5424 
  0x000002720f6dd280: 1048 8b4c | 2408 488b | 0424 4881 | c4d0 0000 | 00c5 f877 | 4889 4510 | 4883 ec10 | 4889 0424 
  0x000002720f6dd2a0: 48c7 4424 | 0800 0000 | 0041 83bf | d004 0000 | 020f 85bf | 0000 0048 | 81ec 8000 | 0000 4889 
  0x000002720f6dd2c0: 4424 7848 | 894c 2470 | 4889 5424 | 6848 895c | 2460 4889 | 6c24 5048 | 8974 2448 | 4889 7c24 
  0x000002720f6dd2e0: 404c 8944 | 2438 4c89 | 4c24 304c | 8954 2428 | 4c89 5c24 | 204c 8964 | 2418 4c89 | 6c24 104c 
  0x000002720f6dd300: 8974 2408 | 4c89 3c24 | 4c8b e448 | 83ec 2048 | 83e4 f048 | b850 eee1 | cffe 7f00 | 00ff d049 
  0x000002720f6dd320: 8be4 4c8b | 3c24 4c8b | 7424 084c | 8b6c 2410 | 4c8b 6424 | 184c 8b5c | 2420 4c8b | 5424 284c 
  0x000002720f6dd340: 8b4c 2430 | 4c8b 4424 | 3848 8b7c | 2440 488b | 7424 4848 | 8b6c 2450 | 488b 5c24 | 6048 8b54 
  0x000002720f6dd360: 2468 488b | 4c24 7048 | 8b44 2478 | 4881 c480 | 0000 004d | 33e4 488b | 5de8 4c8b | 6b08 4d8d 
  0x000002720f6dd380: 6d38 4983 | 7f08 000f | 84bb 0000 | 00e8 0500 | 0000 e996 | 0000 0048 | 8d44 2408 | 4c89 6dc0 
  0x000002720f6dd3a0: 498b cfc5 | f877 4989 | afb0 0300 | 0049 8987 | a003 0000 | 4883 ec20 | 40f6 c40f | 0f84 1900 
  0x000002720f6dd3c0: 0000 4883 | ec08 48b8 | 50e8 aacf | fe7f 0000 | ffd0 4883 | c408 e90c | 0000 0048 | b850 e8aa 
  0x000002720f6dd3e0: cffe 7f00 | 00ff d048 | 83c4 2049 | c787 a003 | 0000 0000 | 0000 49c7 | 87b0 0300 | 0000 0000 
  0x000002720f6dd400: 0049 c787 | a803 0000 | 0000 0000 | c5f8 7749 | 837f 0800 | 0f84 0500 | 0000 e9e1 | 3aff ff4c 
  0x000002720f6dd420: 8b6d c04c | 8b75 c84e | 8d74 f500 | c348 b9c0 | 2809 d0fe | 7f00 0048 | 83e4 f048 | b890 95d0 
  0x000002720f6dd440: cffe 7f00 | 00ff d0f4 | 448b 5b28 | 41f6 c320 | 0f84 4401 | 0000 488d | 55a8 4c8b | 5a08 4d85 
  0x000002720f6dd460: db0f 85bb | 0000 00e8 | 0500 0000 | e996 0000 | 0048 8d44 | 2408 4c89 | 6dc0 498b | cfc5 f877 
  0x000002720f6dd480: 4989 afb0 | 0300 0049 | 8987 a003 | 0000 4883 | ec20 40f6 | c40f 0f84 | 1900 0000 | 4883 ec08 
  0x000002720f6dd4a0: 48b8 80e7 | aacf fe7f | 0000 ffd0 | 4883 c408 | e90c 0000 | 0048 b880 | e7aa cffe | 7f00 00ff 
  0x000002720f6dd4c0: d048 83c4 | 2049 c787 | a003 0000 | 0000 0000 | 49c7 87b0 | 0300 0000 | 0000 0049 | c787 a803 
  0x000002720f6dd4e0: 0000 0000 | 0000 c5f8 | 7749 837f | 0800 0f84 | 0500 0000 | e907 3aff | ff4c 8b6d | c04c 8b75 
  0x000002720f6dd500: c84e 8d74 | f500 c348 | b9c0 2809 | d0fe 7f00 | 0048 83e4 | f048 b890 | 95d0 cffe | 7f00 00ff 
  0x000002720f6dd520: d0f4 4c89 | 6dc0 488d | 024c 8b4a | 0848 c742 | 0800 0000 | 004c 8b00 | 4d85 c00f | 840b 0000 
  0x000002720f6dd540: 00f0 4d0f | b101 0f85 | 0c00 0000 | 49ff 8f58 | 0500 00e9 | 3e00 0000 | 4c89 4a08 | 488b ca48 
  0x000002720f6dd560: 83ec 2040 | f6c4 0f0f | 8419 0000 | 0048 83ec | 0848 b810 | baaa cffe | 7f00 00ff | d048 83c4 
  0x000002720f6dd580: 08e9 0c00 | 0000 48b8 | 10ba aacf | fe7f 0000 | ffd0 4883 | c420 4c8b | 6dc0 49ba | ac40 31d0 
  0x000002720f6dd5a0: fe7f 0000 | 4180 3a00 | 0f84 3e00 | 0000 488b | 55e8 498b | cf48 83ec | 2040 f6c4 | 0f0f 8419 
  0x000002720f6dd5c0: 0000 0048 | 83ec 0848 | b800 b6e1 | cffe 7f00 | 00ff d048 | 83c4 08e9 | 0c00 0000 | 48b8 00b6 
  0x000002720f6dd5e0: e1cf fe7f | 0000 ffd0 | 4883 c420 | 488b 0424 | 4883 c410 | c5fb 1004 | 2448 83c4 | 104c 8b5d 
  0x000002720f6dd600: 1841 ffd3 | 4c8b 5df8 | c95f 498b | e3ff e7ba | 0000 0000 | e805 0000 | 00e9 9600 | 0000 488d 
  0x000002720f6dd620: 4424 084c | 896d c049 | 8bcf c5f8 | 7749 89af | b003 0000 | 4989 87a0 | 0300 0048 | 83ec 2040 
  0x000002720f6dd640: f6c4 0f0f | 8419 0000 | 0048 83ec | 0848 b8d0 | adaa cffe | 7f00 00ff | d048 83c4 | 08e9 0c00 
  0x000002720f6dd660: 0000 48b8 | d0ad aacf | fe7f 0000 | ffd0 4883 | c420 49c7 | 87a0 0300 | 0000 0000 | 0049 c787 
  0x000002720f6dd680: b003 0000 | 0000 0000 | 49c7 87a8 | 0300 0000 | 0000 00c5 | f877 4983 | 7f08 000f | 8405 0000 
  0x000002720f6dd6a0: 00e9 5a38 | ffff 4c8b | 6dc0 4c8b | 75c8 4e8d | 74f5 00c3 | 488b 5de8 | e95b f6ff | ff66 6690 
[/MachCode]

---------------  P R O C E S S  ---------------

Threads class SMR info:
_java_thread_list=0x000002721d83f850, length=14, elements={
0x000002727ecfee30, 0x000002721d117140, 0x000002721d119cb0, 0x000002721d11f840,
0x000002721d123850, 0x000002721d121010, 0x000002721d121c20, 0x000002721d137da0,
0x000002721d15baf0, 0x000002721d15cf60, 0x000002721d45a2c0, 0x000002721d465180,
0x000002721d15d630, 0x000002726b670760
}

Java Threads: ( => current thread )
=>0x000002727ecfee30 JavaThread "main"                              [_thread_in_native, id=15132, stack(0x000000ed58300000,0x000000ed58400000) (1024K)]
  0x000002721d117140 JavaThread "Reference Handler"          daemon [_thread_blocked, id=13832, stack(0x000000ed58b00000,0x000000ed58c00000) (1024K)]
  0x000002721d119cb0 JavaThread "Finalizer"                  daemon [_thread_blocked, id=29320, stack(0x000000ed58c00000,0x000000ed58d00000) (1024K)]
  0x000002721d11f840 JavaThread "Signal Dispatcher"          daemon [_thread_blocked, id=28772, stack(0x000000ed58d00000,0x000000ed58e00000) (1024K)]
  0x000002721d123850 JavaThread "Attach Listener"            daemon [_thread_blocked, id=7552, stack(0x000000ed58e00000,0x000000ed58f00000) (1024K)]
  0x000002721d121010 JavaThread "Service Thread"             daemon [_thread_blocked, id=12344, stack(0x000000ed58f00000,0x000000ed59000000) (1024K)]
  0x000002721d121c20 JavaThread "Monitor Deflation Thread"   daemon [_thread_blocked, id=20072, stack(0x000000ed59000000,0x000000ed59100000) (1024K)]
  0x000002721d137da0 JavaThread "C2 CompilerThread0"         daemon [_thread_blocked, id=12180, stack(0x000000ed59100000,0x000000ed59200000) (1024K)]
  0x000002721d15baf0 JavaThread "C1 CompilerThread0"         daemon [_thread_blocked, id=3132, stack(0x000000ed59200000,0x000000ed59300000) (1024K)]
  0x000002721d15cf60 JavaThread "C1 CompilerThread1"         daemon [_thread_blocked, id=15536, stack(0x000000ed59300000,0x000000ed59400000) (1024K)]
  0x000002721d45a2c0 JavaThread "Notification Thread"        daemon [_thread_blocked, id=5296, stack(0x000000ed59400000,0x000000ed59500000) (1024K)]
  0x000002721d465180 JavaThread "Common-Cleaner"             daemon [_thread_blocked, id=29164, stack(0x000000ed59500000,0x000000ed59600000) (1024K)]
  0x000002721d15d630 JavaThread "C1 CompilerThread2"         daemon [_thread_blocked, id=8060, stack(0x000000ed59600000,0x000000ed59700000) (1024K)]
  0x000002726b670760 JavaThread "C1 CompilerThread3"         daemon [_thread_blocked, id=24468, stack(0x000000ed59d00000,0x000000ed59e00000) (1024K)]
Total: 14

Other Threads:
  0x000002721d0f5750 VMThread "VM Thread"                           [id=24672, stack(0x000000ed58a00000,0x000000ed58b00000) (1024K)]
  0x000002721d0d9aa0 WatcherThread "VM Periodic Task Thread"        [id=28684, stack(0x000000ed58900000,0x000000ed58a00000) (1024K)]
  0x000002727ed4bd60 WorkerThread "GC Thread#0"                     [id=28248, stack(0x000000ed58400000,0x000000ed58500000) (1024K)]
  0x000002727ed59a90 ConcurrentGCThread "G1 Main Marker"            [id=24968, stack(0x000000ed58500000,0x000000ed58600000) (1024K)]
  0x000002727ed5a4b0 WorkerThread "G1 Conc#0"                       [id=25668, stack(0x000000ed58600000,0x000000ed58700000) (1024K)]
  0x000002727edbe8d0 ConcurrentGCThread "G1 Refine#0"               [id=20020, stack(0x000000ed58700000,0x000000ed58800000) (1024K)]
  0x000002721cfae540 ConcurrentGCThread "G1 Service"                [id=14980, stack(0x000000ed58800000,0x000000ed58900000) (1024K)]
Total: 7

Threads with active compile tasks:
Total: 0

VM state: not at safepoint (normal execution)

VM Mutex/Monitor currently owned by a thread: None

Heap address: 0x0000000749800000, size: 2920 MB, Compressed Oops mode: Zero based, Oop shift amount: 3

CDS archive(s) mapped at: [0x000002721e000000-0x000002721ec60000-0x000002721ec60000), size 12976128, SharedBaseAddress: 0x000002721e000000, ArchiveRelocationMode: 1.
Compressed class space mapped at: 0x000002721f000000-0x000002725f000000, reserved size: 1073741824
Narrow klass base: 0x000002721e000000, Narrow klass shift: 0, Narrow klass range: 0x41000000

GC Precious Log:
 CardTable entry size: 512
 Card Set container configuration: InlinePtr #cards 4 size 8 Array Of Cards #cards 16 size 48 Howl #buckets 8 coarsen threshold 3686 Howl Bitmap #cards 512 size 80 coarsen threshold 460 Card regions per heap region 1 cards per card region 4096
 CPUs: 16 total, 16 available
 Memory: 11677M
 Large Page Support: Disabled
 NUMA Support: Disabled
 Compressed Oops: Enabled (Zero based)
 Heap Region Size: 2M
 Heap Min Capacity: 8M
 Heap Initial Capacity: 184M
 Heap Max Capacity: 2920M
 Pre-touch: Disabled
 Parallel Workers: 13
 Concurrent Workers: 3
 Concurrent Refinement Workers: 13
 Periodic GC: Disabled

Heap:
 garbage-first heap   total reserved 2990080K, committed 188416K, used 8192K [0x0000000749800000, 0x0000000800000000)
  region size 2048K, 6 young (12288K), 0 survivors (0K)
 Metaspace       used 4312K, committed 4480K, reserved 1114112K
  class space    used 239K, committed 320K, reserved 1048576K

Heap Regions: E=young(eden), S=young(survivor), O=old, HS=humongous(starts), HC=humongous(continues), CS=collection set, F=free, TAMS=top-at-mark-start, PB=parsable bottom
|   0|0x0000000749800000, 0x0000000749800000, 0x0000000749a00000|  0%| F|  |TAMS 0x0000000749800000| PB 0x0000000749800000| Untracked |  0
|   1|0x0000000749a00000, 0x0000000749a00000, 0x0000000749c00000|  0%| F|  |TAMS 0x0000000749a00000| PB 0x0000000749a00000| Untracked |  0
|   2|0x0000000749c00000, 0x0000000749c00000, 0x0000000749e00000|  0%| F|  |TAMS 0x0000000749c00000| PB 0x0000000749c00000| Untracked |  0
|   3|0x0000000749e00000, 0x0000000749e00000, 0x000000074a000000|  0%| F|  |TAMS 0x0000000749e00000| PB 0x0000000749e00000| Untracked |  0
|   4|0x000000074a000000, 0x000000074a000000, 0x000000074a200000|  0%| F|  |TAMS 0x000000074a000000| PB 0x000000074a000000| Untracked |  0
|   5|0x000000074a200000, 0x000000074a200000, 0x000000074a400000|  0%| F|  |TAMS 0x000000074a200000| PB 0x000000074a200000| Untracked |  0
|   6|0x000000074a400000, 0x000000074a400000, 0x000000074a600000|  0%| F|  |TAMS 0x000000074a400000| PB 0x000000074a400000| Untracked |  0
|   7|0x000000074a600000, 0x000000074a600000, 0x000000074a800000|  0%| F|  |TAMS 0x000000074a600000| PB 0x000000074a600000| Untracked |  0
|   8|0x000000074a800000, 0x000000074a800000, 0x000000074aa00000|  0%| F|  |TAMS 0x000000074a800000| PB 0x000000074a800000| Untracked |  0
|   9|0x000000074aa00000, 0x000000074aa00000, 0x000000074ac00000|  0%| F|  |TAMS 0x000000074aa00000| PB 0x000000074aa00000| Untracked |  0
|  10|0x000000074ac00000, 0x000000074ac00000, 0x000000074ae00000|  0%| F|  |TAMS 0x000000074ac00000| PB 0x000000074ac00000| Untracked |  0
|  11|0x000000074ae00000, 0x000000074ae00000, 0x000000074b000000|  0%| F|  |TAMS 0x000000074ae00000| PB 0x000000074ae00000| Untracked |  0
|  12|0x000000074b000000, 0x000000074b000000, 0x000000074b200000|  0%| F|  |TAMS 0x000000074b000000| PB 0x000000074b000000| Untracked |  0
|  13|0x000000074b200000, 0x000000074b200000, 0x000000074b400000|  0%| F|  |TAMS 0x000000074b200000| PB 0x000000074b200000| Untracked |  0
|  14|0x000000074b400000, 0x000000074b400000, 0x000000074b600000|  0%| F|  |TAMS 0x000000074b400000| PB 0x000000074b400000| Untracked |  0
|  15|0x000000074b600000, 0x000000074b600000, 0x000000074b800000|  0%| F|  |TAMS 0x000000074b600000| PB 0x000000074b600000| Untracked |  0
|  16|0x000000074b800000, 0x000000074b800000, 0x000000074ba00000|  0%| F|  |TAMS 0x000000074b800000| PB 0x000000074b800000| Untracked |  0
|  17|0x000000074ba00000, 0x000000074ba00000, 0x000000074bc00000|  0%| F|  |TAMS 0x000000074ba00000| PB 0x000000074ba00000| Untracked |  0
|  18|0x000000074bc00000, 0x000000074bc00000, 0x000000074be00000|  0%| F|  |TAMS 0x000000074bc00000| PB 0x000000074bc00000| Untracked |  0
|  19|0x000000074be00000, 0x000000074be00000, 0x000000074c000000|  0%| F|  |TAMS 0x000000074be00000| PB 0x000000074be00000| Untracked |  0
|  20|0x000000074c000000, 0x000000074c000000, 0x000000074c200000|  0%| F|  |TAMS 0x000000074c000000| PB 0x000000074c000000| Untracked |  0
|  21|0x000000074c200000, 0x000000074c200000, 0x000000074c400000|  0%| F|  |TAMS 0x000000074c200000| PB 0x000000074c200000| Untracked |  0
|  22|0x000000074c400000, 0x000000074c400000, 0x000000074c600000|  0%| F|  |TAMS 0x000000074c400000| PB 0x000000074c400000| Untracked |  0
|  23|0x000000074c600000, 0x000000074c600000, 0x000000074c800000|  0%| F|  |TAMS 0x000000074c600000| PB 0x000000074c600000| Untracked |  0
|  24|0x000000074c800000, 0x000000074c800000, 0x000000074ca00000|  0%| F|  |TAMS 0x000000074c800000| PB 0x000000074c800000| Untracked |  0
|  25|0x000000074ca00000, 0x000000074ca00000, 0x000000074cc00000|  0%| F|  |TAMS 0x000000074ca00000| PB 0x000000074ca00000| Untracked |  0
|  26|0x000000074cc00000, 0x000000074cc00000, 0x000000074ce00000|  0%| F|  |TAMS 0x000000074cc00000| PB 0x000000074cc00000| Untracked |  0
|  27|0x000000074ce00000, 0x000000074ce00000, 0x000000074d000000|  0%| F|  |TAMS 0x000000074ce00000| PB 0x000000074ce00000| Untracked |  0
|  28|0x000000074d000000, 0x000000074d000000, 0x000000074d200000|  0%| F|  |TAMS 0x000000074d000000| PB 0x000000074d000000| Untracked |  0
|  29|0x000000074d200000, 0x000000074d200000, 0x000000074d400000|  0%| F|  |TAMS 0x000000074d200000| PB 0x000000074d200000| Untracked |  0
|  30|0x000000074d400000, 0x000000074d400000, 0x000000074d600000|  0%| F|  |TAMS 0x000000074d400000| PB 0x000000074d400000| Untracked |  0
|  31|0x000000074d600000, 0x000000074d600000, 0x000000074d800000|  0%| F|  |TAMS 0x000000074d600000| PB 0x000000074d600000| Untracked |  0
|  32|0x000000074d800000, 0x000000074d800000, 0x000000074da00000|  0%| F|  |TAMS 0x000000074d800000| PB 0x000000074d800000| Untracked |  0
|  33|0x000000074da00000, 0x000000074da00000, 0x000000074dc00000|  0%| F|  |TAMS 0x000000074da00000| PB 0x000000074da00000| Untracked |  0
|  34|0x000000074dc00000, 0x000000074dc00000, 0x000000074de00000|  0%| F|  |TAMS 0x000000074dc00000| PB 0x000000074dc00000| Untracked |  0
|  35|0x000000074de00000, 0x000000074de00000, 0x000000074e000000|  0%| F|  |TAMS 0x000000074de00000| PB 0x000000074de00000| Untracked |  0
|  36|0x000000074e000000, 0x000000074e000000, 0x000000074e200000|  0%| F|  |TAMS 0x000000074e000000| PB 0x000000074e000000| Untracked |  0
|  37|0x000000074e200000, 0x000000074e200000, 0x000000074e400000|  0%| F|  |TAMS 0x000000074e200000| PB 0x000000074e200000| Untracked |  0
|  38|0x000000074e400000, 0x000000074e400000, 0x000000074e600000|  0%| F|  |TAMS 0x000000074e400000| PB 0x000000074e400000| Untracked |  0
|  39|0x000000074e600000, 0x000000074e600000, 0x000000074e800000|  0%| F|  |TAMS 0x000000074e600000| PB 0x000000074e600000| Untracked |  0
|  40|0x000000074e800000, 0x000000074e800000, 0x000000074ea00000|  0%| F|  |TAMS 0x000000074e800000| PB 0x000000074e800000| Untracked |  0
|  41|0x000000074ea00000, 0x000000074ea00000, 0x000000074ec00000|  0%| F|  |TAMS 0x000000074ea00000| PB 0x000000074ea00000| Untracked |  0
|  42|0x000000074ec00000, 0x000000074ec00000, 0x000000074ee00000|  0%| F|  |TAMS 0x000000074ec00000| PB 0x000000074ec00000| Untracked |  0
|  43|0x000000074ee00000, 0x000000074ee00000, 0x000000074f000000|  0%| F|  |TAMS 0x000000074ee00000| PB 0x000000074ee00000| Untracked |  0
|  44|0x000000074f000000, 0x000000074f000000, 0x000000074f200000|  0%| F|  |TAMS 0x000000074f000000| PB 0x000000074f000000| Untracked |  0
|  45|0x000000074f200000, 0x000000074f200000, 0x000000074f400000|  0%| F|  |TAMS 0x000000074f200000| PB 0x000000074f200000| Untracked |  0
|  46|0x000000074f400000, 0x000000074f400000, 0x000000074f600000|  0%| F|  |TAMS 0x000000074f400000| PB 0x000000074f400000| Untracked |  0
|  47|0x000000074f600000, 0x000000074f600000, 0x000000074f800000|  0%| F|  |TAMS 0x000000074f600000| PB 0x000000074f600000| Untracked |  0
|  48|0x000000074f800000, 0x000000074f800000, 0x000000074fa00000|  0%| F|  |TAMS 0x000000074f800000| PB 0x000000074f800000| Untracked |  0
|  49|0x000000074fa00000, 0x000000074fa00000, 0x000000074fc00000|  0%| F|  |TAMS 0x000000074fa00000| PB 0x000000074fa00000| Untracked |  0
|  50|0x000000074fc00000, 0x000000074fc00000, 0x000000074fe00000|  0%| F|  |TAMS 0x000000074fc00000| PB 0x000000074fc00000| Untracked |  0
|  51|0x000000074fe00000, 0x000000074fe00000, 0x0000000750000000|  0%| F|  |TAMS 0x000000074fe00000| PB 0x000000074fe00000| Untracked |  0
|  52|0x0000000750000000, 0x0000000750000000, 0x0000000750200000|  0%| F|  |TAMS 0x0000000750000000| PB 0x0000000750000000| Untracked |  0
|  53|0x0000000750200000, 0x0000000750200000, 0x0000000750400000|  0%| F|  |TAMS 0x0000000750200000| PB 0x0000000750200000| Untracked |  0
|  54|0x0000000750400000, 0x0000000750400000, 0x0000000750600000|  0%| F|  |TAMS 0x0000000750400000| PB 0x0000000750400000| Untracked |  0
|  55|0x0000000750600000, 0x0000000750600000, 0x0000000750800000|  0%| F|  |TAMS 0x0000000750600000| PB 0x0000000750600000| Untracked |  0
|  56|0x0000000750800000, 0x0000000750800000, 0x0000000750a00000|  0%| F|  |TAMS 0x0000000750800000| PB 0x0000000750800000| Untracked |  0
|  57|0x0000000750a00000, 0x0000000750a00000, 0x0000000750c00000|  0%| F|  |TAMS 0x0000000750a00000| PB 0x0000000750a00000| Untracked |  0
|  58|0x0000000750c00000, 0x0000000750c00000, 0x0000000750e00000|  0%| F|  |TAMS 0x0000000750c00000| PB 0x0000000750c00000| Untracked |  0
|  59|0x0000000750e00000, 0x0000000750e00000, 0x0000000751000000|  0%| F|  |TAMS 0x0000000750e00000| PB 0x0000000750e00000| Untracked |  0
|  60|0x0000000751000000, 0x0000000751000000, 0x0000000751200000|  0%| F|  |TAMS 0x0000000751000000| PB 0x0000000751000000| Untracked |  0
|  61|0x0000000751200000, 0x0000000751200000, 0x0000000751400000|  0%| F|  |TAMS 0x0000000751200000| PB 0x0000000751200000| Untracked |  0
|  62|0x0000000751400000, 0x0000000751400000, 0x0000000751600000|  0%| F|  |TAMS 0x0000000751400000| PB 0x0000000751400000| Untracked |  0
|  63|0x0000000751600000, 0x0000000751600000, 0x0000000751800000|  0%| F|  |TAMS 0x0000000751600000| PB 0x0000000751600000| Untracked |  0
|  64|0x0000000751800000, 0x0000000751800000, 0x0000000751a00000|  0%| F|  |TAMS 0x0000000751800000| PB 0x0000000751800000| Untracked |  0
|  65|0x0000000751a00000, 0x0000000751a00000, 0x0000000751c00000|  0%| F|  |TAMS 0x0000000751a00000| PB 0x0000000751a00000| Untracked |  0
|  66|0x0000000751c00000, 0x0000000751c00000, 0x0000000751e00000|  0%| F|  |TAMS 0x0000000751c00000| PB 0x0000000751c00000| Untracked |  0
|  67|0x0000000751e00000, 0x0000000751e00000, 0x0000000752000000|  0%| F|  |TAMS 0x0000000751e00000| PB 0x0000000751e00000| Untracked |  0
|  68|0x0000000752000000, 0x0000000752000000, 0x0000000752200000|  0%| F|  |TAMS 0x0000000752000000| PB 0x0000000752000000| Untracked |  0
|  69|0x0000000752200000, 0x0000000752200000, 0x0000000752400000|  0%| F|  |TAMS 0x0000000752200000| PB 0x0000000752200000| Untracked |  0
|  70|0x0000000752400000, 0x0000000752400000, 0x0000000752600000|  0%| F|  |TAMS 0x0000000752400000| PB 0x0000000752400000| Untracked |  0
|  71|0x0000000752600000, 0x0000000752600000, 0x0000000752800000|  0%| F|  |TAMS 0x0000000752600000| PB 0x0000000752600000| Untracked |  0
|  72|0x0000000752800000, 0x0000000752800000, 0x0000000752a00000|  0%| F|  |TAMS 0x0000000752800000| PB 0x0000000752800000| Untracked |  0
|  73|0x0000000752a00000, 0x0000000752a00000, 0x0000000752c00000|  0%| F|  |TAMS 0x0000000752a00000| PB 0x0000000752a00000| Untracked |  0
|  74|0x0000000752c00000, 0x0000000752c00000, 0x0000000752e00000|  0%| F|  |TAMS 0x0000000752c00000| PB 0x0000000752c00000| Untracked |  0
|  75|0x0000000752e00000, 0x0000000752e00000, 0x0000000753000000|  0%| F|  |TAMS 0x0000000752e00000| PB 0x0000000752e00000| Untracked |  0
|  76|0x0000000753000000, 0x0000000753000000, 0x0000000753200000|  0%| F|  |TAMS 0x0000000753000000| PB 0x0000000753000000| Untracked |  0
|  77|0x0000000753200000, 0x0000000753200000, 0x0000000753400000|  0%| F|  |TAMS 0x0000000753200000| PB 0x0000000753200000| Untracked |  0
|  78|0x0000000753400000, 0x0000000753400000, 0x0000000753600000|  0%| F|  |TAMS 0x0000000753400000| PB 0x0000000753400000| Untracked |  0
|  79|0x0000000753600000, 0x0000000753600000, 0x0000000753800000|  0%| F|  |TAMS 0x0000000753600000| PB 0x0000000753600000| Untracked |  0
|  80|0x0000000753800000, 0x0000000753800000, 0x0000000753a00000|  0%| F|  |TAMS 0x0000000753800000| PB 0x0000000753800000| Untracked |  0
|  81|0x0000000753a00000, 0x0000000753a00000, 0x0000000753c00000|  0%| F|  |TAMS 0x0000000753a00000| PB 0x0000000753a00000| Untracked |  0
|  82|0x0000000753c00000, 0x0000000753c00000, 0x0000000753e00000|  0%| F|  |TAMS 0x0000000753c00000| PB 0x0000000753c00000| Untracked |  0
|  83|0x0000000753e00000, 0x0000000753e00000, 0x0000000754000000|  0%| F|  |TAMS 0x0000000753e00000| PB 0x0000000753e00000| Untracked |  0
|  84|0x0000000754000000, 0x0000000754000000, 0x0000000754200000|  0%| F|  |TAMS 0x0000000754000000| PB 0x0000000754000000| Untracked |  0
|  85|0x0000000754200000, 0x0000000754200000, 0x0000000754400000|  0%| F|  |TAMS 0x0000000754200000| PB 0x0000000754200000| Untracked |  0
|  86|0x0000000754400000, 0x00000007544fe660, 0x0000000754600000| 49%| E|  |TAMS 0x0000000754400000| PB 0x0000000754400000| Complete |  0
|  87|0x0000000754600000, 0x0000000754800000, 0x0000000754800000|100%| E|CS|TAMS 0x0000000754600000| PB 0x0000000754600000| Complete |  0
|  88|0x0000000754800000, 0x0000000754a00000, 0x0000000754a00000|100%| E|CS|TAMS 0x0000000754800000| PB 0x0000000754800000| Complete |  0
|  89|0x0000000754a00000, 0x0000000754c00000, 0x0000000754c00000|100%| E|  |TAMS 0x0000000754a00000| PB 0x0000000754a00000| Complete |  0
|  90|0x0000000754c00000, 0x0000000754e00000, 0x0000000754e00000|100%| E|CS|TAMS 0x0000000754c00000| PB 0x0000000754c00000| Complete |  0
|  91|0x0000000754e00000, 0x0000000755000000, 0x0000000755000000|100%| E|CS|TAMS 0x0000000754e00000| PB 0x0000000754e00000| Complete |  0

Card table byte_map: [0x0000027217280000,0x0000027217840000] _byte_map_base: 0x0000027213834000

Marking Bits: (CMBitMap*) 0x000002727ed4c380
 Bits: [0x0000027217840000, 0x000002721a5e0000)

Polling page: 0x000002727cb70000

Metaspace:

Usage:
  Non-class:      3.98 MB used.
      Class:    239.84 KB used.
       Both:      4.21 MB used.

Virtual space:
  Non-class space:       64.00 MB reserved,       4.06 MB (  6%) committed,  1 nodes.
      Class space:        1.00 GB reserved,     320.00 KB ( <1%) committed,  1 nodes.
             Both:        1.06 GB reserved,       4.38 MB ( <1%) committed. 

Chunk freelists:
   Non-Class:  9.53 MB
       Class:  15.61 MB
        Both:  25.14 MB

MaxMetaspaceSize: unlimited
CompressedClassSpaceSize: 1.00 GB
Initial GC threshold: 21.00 MB
Current GC threshold: 21.00 MB
CDS: on
 - commit_granule_bytes: 65536.
 - commit_granule_words: 8192.
 - virtual_space_node_default_size: 8388608.
 - enlarge_chunks_in_place: 1.
 - use_allocation_guard: 0.


Internal statistics:

num_allocs_failed_limit: 0.
num_arena_births: 94.
num_arena_deaths: 0.
num_vsnodes_births: 2.
num_vsnodes_deaths: 0.
num_space_committed: 69.
num_space_uncommitted: 0.
num_chunks_returned_to_freelist: 0.
num_chunks_taken_from_freelist: 208.
num_chunk_merges: 0.
num_chunk_splits: 146.
num_chunks_enlarged: 101.
num_inconsistent_stats: 0.

CodeHeap 'non-profiled nmethods': size=119168Kb used=222Kb max_used=222Kb free=118946Kb
 bounds [0x000002720fe20000, 0x0000027210090000, 0x0000027217280000]
CodeHeap 'profiled nmethods': size=119104Kb used=1358Kb max_used=1358Kb free=117745Kb
 bounds [0x0000027208280000, 0x00000272084f0000, 0x000002720f6d0000]
CodeHeap 'non-nmethods': size=7488Kb used=3848Kb max_used=3861Kb free=3639Kb
 bounds [0x000002720f6d0000, 0x000002720faa0000, 0x000002720fe20000]
 total_blobs=1986 nmethods=868 adapters=1020
 compilation: enabled
              stopped_count=0, restarted_count=0
 full_count=0

Compilation events (20 events):
Event: 0.637 Thread 0x000002721d15d630  860       3       java.util.zip.ZipFile::ensureOpenOrZipException (19 bytes)
Event: 0.637 Thread 0x000002721d15baf0  861       3       java.util.zip.ZipFile$ZipFileInputStream::initDataOffset (117 bytes)
Event: 0.637 Thread 0x000002721d15d630 nmethod 860 0x00000272083cce10 code [0x00000272083ccfc0, 0x00000272083cd190]
Event: 0.637 Thread 0x000002721d15d630  862   !   3       java.util.zip.ZipFile$Source::readAt (39 bytes)
Event: 0.637 Thread 0x000002721d15cf60 nmethod 858 0x00000272083cd290 code [0x00000272083cd480, 0x00000272083cd818]
Event: 0.637 Thread 0x000002721d15cf60  863   !   3       java.util.zip.Inflater::setInput (56 bytes)
Event: 0.637 Thread 0x000002721d15d630 nmethod 862 0x00000272083cd990 code [0x00000272083cdb60, 0x00000272083cdeb0]
Event: 0.637 Thread 0x000002726b670760 nmethod 859 0x00000272083ce110 code [0x00000272083ce340, 0x00000272083ce9d8]
Event: 0.637 Thread 0x000002721d15baf0 nmethod 861 0x00000272083ced90 code [0x00000272083cefc0, 0x00000272083cf750]
Event: 0.637 Thread 0x000002721d15cf60 nmethod 863 0x00000272083cfa90 code [0x00000272083cfc60, 0x00000272083d0048]
Event: 0.638 Thread 0x000002721d15baf0  864   !   3       sun.nio.ch.IOUtil::read (133 bytes)
Event: 0.638 Thread 0x000002726b670760  865   !   3       sun.nio.ch.NativeThreadSet::remove (90 bytes)
Event: 0.638 Thread 0x000002721d15cf60  866       3       java.nio.ByteBuffer::put (124 bytes)
Event: 0.638 Thread 0x000002726b670760 nmethod 865 0x00000272083d0210 code [0x00000272083d03c0, 0x00000272083d06b0]
Event: 0.638 Thread 0x000002721d15baf0 nmethod 864 0x00000272083d0890 code [0x00000272083d0b00, 0x00000272083d1410]
Event: 0.638 Thread 0x000002721d15cf60 nmethod 866 0x00000272083d1810 code [0x00000272083d1a60, 0x00000272083d22e0]
Event: 0.641 Thread 0x000002721d15baf0  867       3       jdk.internal.jimage.ImageLocation::verify (218 bytes)
Event: 0.641 Thread 0x000002721d137da0  868   !   4       jdk.internal.misc.ScopedMemoryAccess::getByte (16 bytes)
Event: 0.641 Thread 0x000002721d137da0 nmethod 868 0x000002720fe57490 code [0x000002720fe57620, 0x000002720fe576f8]
Event: 0.641 Thread 0x000002721d15baf0 nmethod 867 0x00000272083d2590 code [0x00000272083d2840, 0x00000272083d34f8]

GC Heap History (0 events):
No events

Dll operation events (10 events):
Event: 0.010 Loaded shared library C:\Program Files\Java\jdk-22\bin\java.dll
Event: 0.040 Loaded shared library C:\Program Files\Java\jdk-22\bin\jsvml.dll
Event: 0.070 Loaded shared library C:\Program Files\Java\jdk-22\bin\net.dll
Event: 0.071 Loaded shared library C:\Program Files\Java\jdk-22\bin\nio.dll
Event: 0.074 Loaded shared library C:\Program Files\Java\jdk-22\bin\zip.dll
Event: 0.125 Loaded shared library C:\Program Files\Java\jdk-22\bin\jimage.dll
Event: 0.140 Loaded shared library C:\Users\willf\AppData\Local\Temp\lwjgl_willf\3.3.6+1\x64\lwjgl.dll
Event: 0.370 Loaded shared library C:\Users\willf\AppData\Local\Temp\lwjgl_willf\3.3.6+1\x64\lwjgl_opengl.dll
Event: 0.570 Loaded shared library C:\Program Files\Java\jdk-22\bin\verify.dll
Event: 0.641 Loaded shared library C:\Users\willf\AppData\Local\Temp\lwjgl_willf\3.3.6+1\x64\lwjgl_stb.dll

Deoptimization events (14 events):
Event: 0.089 Thread 0x000002727ecfee30 Uncommon trap: trap_request=0xffffff45 fr.pc=0x000002720fe26d78 relative=0x00000000000002b8
Event: 0.089 Thread 0x000002727ecfee30 Uncommon trap: reason=unstable_if action=reinterpret pc=0x000002720fe26d78 method=java.lang.StringLatin1.hashCode([B)I @ 2 c2
Event: 0.089 Thread 0x000002727ecfee30 DEOPT PACKING pc=0x000002720fe26d78 sp=0x000000ed583fd560
Event: 0.089 Thread 0x000002727ecfee30 DEOPT UNPACKING pc=0x000002720f7246a2 sp=0x000000ed583fd498 mode 2
Event: 0.133 Thread 0x000002727ecfee30 DEOPT PACKING pc=0x000002720829cbfc sp=0x000000ed583fc0a0
Event: 0.133 Thread 0x000002727ecfee30 DEOPT UNPACKING pc=0x000002720f724e42 sp=0x000000ed583fb4c0 mode 0
Event: 0.380 Thread 0x000002727ecfee30 Uncommon trap: trap_request=0xffffff54 fr.pc=0x000002720fe52ff0 relative=0x0000000000000070
Event: 0.380 Thread 0x000002727ecfee30 Uncommon trap: reason=speculate_null_assert action=make_not_entrant pc=0x000002720fe52ff0 method=sun.misc.Unsafe.putLong(Ljava/lang/Object;JJ)V @ 7 c2
Event: 0.380 Thread 0x000002727ecfee30 DEOPT PACKING pc=0x000002720fe52ff0 sp=0x000000ed583fed10
Event: 0.380 Thread 0x000002727ecfee30 DEOPT UNPACKING pc=0x000002720f7246a2 sp=0x000000ed583fec88 mode 2
Event: 0.473 Thread 0x000002727ecfee30 Uncommon trap: trap_request=0xffffff54 fr.pc=0x000002720fe548ec relative=0x000000000000006c
Event: 0.473 Thread 0x000002727ecfee30 Uncommon trap: reason=speculate_null_assert action=make_not_entrant pc=0x000002720fe548ec method=sun.misc.Unsafe.getLong(Ljava/lang/Object;J)J @ 5 c2
Event: 0.473 Thread 0x000002727ecfee30 DEOPT PACKING pc=0x000002720fe548ec sp=0x000000ed583feb60
Event: 0.473 Thread 0x000002727ecfee30 DEOPT UNPACKING pc=0x000002720f7246a2 sp=0x000000ed583feae8 mode 2

Classes loaded (20 events):
Event: 0.186 Loading class java/util/function/LongPredicate
Event: 0.186 Loading class java/util/function/LongPredicate done
Event: 0.187 Loading class java/lang/foreign/MemorySegment
Event: 0.187 Loading class java/lang/foreign/MemorySegment done
Event: 0.190 Loading class java/nio/InvalidMarkException
Event: 0.190 Loading class java/nio/InvalidMarkException done
Event: 0.190 Loading class java/nio/BufferUnderflowException
Event: 0.190 Loading class java/nio/BufferUnderflowException done
Event: 0.196 Loading class java/util/Formatter$FixedString
Event: 0.196 Loading class java/util/Formatter$FixedString done
Event: 0.206 Loading class java/lang/NoSuchFieldError
Event: 0.206 Loading class java/lang/NoSuchFieldError done
Event: 0.210 Loading class jdk/internal/reflect/MethodHandleIntegerFieldAccessorImpl
Event: 0.210 Loading class jdk/internal/reflect/MethodHandleIntegerFieldAccessorImpl done
Event: 0.381 Loading class jdk/internal/foreign/MemorySessionImpl
Event: 0.381 Loading class java/lang/foreign/MemorySegment$Scope
Event: 0.381 Loading class java/lang/foreign/MemorySegment$Scope done
Event: 0.381 Loading class jdk/internal/foreign/MemorySessionImpl done
Event: 0.570 Loading class java/io/Externalizable
Event: 0.570 Loading class java/io/Externalizable done

Classes unloaded (0 events):
No events

Classes redefined (0 events):
No events

Internal exceptions (20 events):
Event: 0.189 Thread 0x000002727ecfee30 Exception <a 'java/lang/NoSuchMethodError'{0x0000000754b90c50}: 'int java.lang.invoke.DirectMethodHandle$Holder.invokeStaticInit(java.lang.Object, java.lang.Object, long, long)'> (0x0000000754b90c50) 
thrown [s\open\src\hotspot\share\interpreter\linkResolver.cpp, line 774]
Event: 0.189 Thread 0x000002727ecfee30 Exception <a 'java/lang/NoSuchMethodError'{0x0000000754b96280}: 'java.lang.Object java.lang.invoke.DirectMethodHandle$Holder.newInvokeSpecial(java.lang.Object, java.lang.Object, long)'> (0x0000000754b96280) 
thrown [s\open\src\hotspot\share\interpreter\linkResolver.cpp, line 774]
Event: 0.189 Thread 0x000002727ecfee30 Exception <a 'java/lang/NoSuchMethodError'{0x0000000754b99bc8}: 'java.lang.Object java.lang.invoke.Invokers$Holder.linkToTargetMethod(java.lang.Object, long, java.lang.Object)'> (0x0000000754b99bc8) 
thrown [s\open\src\hotspot\share\interpreter\linkResolver.cpp, line 774]
Event: 0.190 Thread 0x000002727ecfee30 Exception <a 'java/lang/NoSuchMethodError'{0x0000000754ba0cc0}: 'int java.lang.invoke.DirectMethodHandle$Holder.invokeStaticInit(java.lang.Object, java.lang.Object, java.lang.Object, long)'> (0x0000000754ba0cc0) 
thrown [s\open\src\hotspot\share\interpreter\linkResolver.cpp, line 774]
Event: 0.205 Thread 0x000002727ecfee30 Exception <a 'sun/nio/fs/WindowsException'{0x000000075485f8d0}> (0x000000075485f8d0) 
thrown [s\open\src\hotspot\share\prims\jni.cpp, line 520]
Event: 0.205 Thread 0x000002727ecfee30 Exception <a 'sun/nio/fs/WindowsException'{0x000000075485fc30}> (0x000000075485fc30) 
thrown [s\open\src\hotspot\share\prims\jni.cpp, line 520]
Event: 0.210 Thread 0x000002727ecfee30 Exception <a 'java/lang/NoSuchMethodError'{0x0000000754876448}: 'int java.lang.invoke.Invokers$Holder.invokeExact_MT(java.lang.Object, java.lang.Object)'> (0x0000000754876448) 
thrown [s\open\src\hotspot\share\interpreter\linkResolver.cpp, line 774]
Event: 0.328 Thread 0x000002727ecfee30 Exception <a 'java/lang/NoSuchMethodError'{0x00000007548cb000}: 'void java.lang.invoke.DirectMethodHandle$Holder.invokeStaticInit(java.lang.Object, long, double, double)'> (0x00000007548cb000) 
thrown [s\open\src\hotspot\share\interpreter\linkResolver.cpp, line 774]
Event: 0.329 Thread 0x000002727ecfee30 Exception <a 'java/lang/NoSuchMethodError'{0x00000007548d9488}: 'void java.lang.invoke.DirectMethodHandle$Holder.invokeStaticInit(java.lang.Object, long, int, int, int)'> (0x00000007548d9488) 
thrown [s\open\src\hotspot\share\interpreter\linkResolver.cpp, line 774]
Event: 0.332 Thread 0x000002727ecfee30 Exception <a 'java/lang/NoSuchMethodError'{0x00000007548f02f0}: 'void java.lang.invoke.DirectMethodHandle$Holder.invokeStaticInit(java.lang.Object, long, int, int, int, int)'> (0x00000007548f02f0) 
thrown [s\open\src\hotspot\share\interpreter\linkResolver.cpp, line 774]
Event: 0.363 Thread 0x000002727ecfee30 Exception <a 'java/lang/NoSuchMethodError'{0x0000000754912b70}: 'void java.lang.System.load(java.lang.String, java.lang.Class)'> (0x0000000754912b70) 
thrown [s\open\src\hotspot\share\interpreter\linkResolver.cpp, line 774]
Event: 0.364 Thread 0x000002727ecfee30 Exception <a 'java/lang/NoSuchMethodError'{0x00000007549155c0}: 'void java.lang.System.loadLibrary(java.lang.String, java.lang.Class)'> (0x00000007549155c0) 
thrown [s\open\src\hotspot\share\interpreter\linkResolver.cpp, line 774]
Event: 0.368 Thread 0x000002727ecfee30 Exception <a 'sun/nio/fs/WindowsException'{0x0000000754924918}> (0x0000000754924918) 
thrown [s\open\src\hotspot\share\prims\jni.cpp, line 520]
Event: 0.368 Thread 0x000002727ecfee30 Exception <a 'sun/nio/fs/WindowsException'{0x0000000754924cb8}> (0x0000000754924cb8) 
thrown [s\open\src\hotspot\share\prims\jni.cpp, line 520]
Event: 0.377 Thread 0x000002727ecfee30 Exception <a 'sun/nio/fs/WindowsException'{0x00000007549307a0}> (0x00000007549307a0) 
thrown [s\open\src\hotspot\share\prims\jni.cpp, line 520]
Event: 0.377 Thread 0x000002727ecfee30 Exception <a 'sun/nio/fs/WindowsException'{0x0000000754930a70}> (0x0000000754930a70) 
thrown [s\open\src\hotspot\share\prims\jni.cpp, line 520]
Event: 0.634 Thread 0x000002727ecfee30 Exception <a 'java/lang/NoSuchMethodError'{0x00000007544817b0}: 'void java.lang.System.load(java.lang.String, java.lang.Class)'> (0x00000007544817b0) 
thrown [s\open\src\hotspot\share\interpreter\linkResolver.cpp, line 774]
Event: 0.634 Thread 0x000002727ecfee30 Exception <a 'java/lang/NoSuchMethodError'{0x0000000754484448}: 'void java.lang.System.loadLibrary(java.lang.String, java.lang.Class)'> (0x0000000754484448) 
thrown [s\open\src\hotspot\share\interpreter\linkResolver.cpp, line 774]
Event: 0.639 Thread 0x000002727ecfee30 Exception <a 'sun/nio/fs/WindowsException'{0x0000000754493878}> (0x0000000754493878) 
thrown [s\open\src\hotspot\share\prims\jni.cpp, line 520]
Event: 0.639 Thread 0x000002727ecfee30 Exception <a 'sun/nio/fs/WindowsException'{0x0000000754493bf8}> (0x0000000754493bf8) 
thrown [s\open\src\hotspot\share\prims\jni.cpp, line 520]

ZGC Phase Switch (0 events):
No events

VM Operations (4 events):
Event: 0.074 Executing VM operation: HandshakeAllThreads (Deoptimize)
Event: 0.074 Executing VM operation: HandshakeAllThreads (Deoptimize) done
Event: 0.134 Executing VM operation: HandshakeAllThreads (Deoptimize)
Event: 0.134 Executing VM operation: HandshakeAllThreads (Deoptimize) done

Events (16 events):
Event: 0.027 Thread 0x000002727ecfee30 Thread added: 0x000002727ecfee30
Event: 0.038 Thread 0x000002721d117140 Thread added: 0x000002721d117140
Event: 0.038 Thread 0x000002721d119cb0 Thread added: 0x000002721d119cb0
Event: 0.038 Thread 0x000002721d11f840 Thread added: 0x000002721d11f840
Event: 0.038 Thread 0x000002721d123850 Thread added: 0x000002721d123850
Event: 0.038 Thread 0x000002721d121010 Thread added: 0x000002721d121010
Event: 0.039 Thread 0x000002721d121c20 Thread added: 0x000002721d121c20
Event: 0.039 Thread 0x000002721d137da0 Thread added: 0x000002721d137da0
Event: 0.039 Thread 0x000002721d15baf0 Thread added: 0x000002721d15baf0
Event: 0.044 Thread 0x000002721d15cf60 Thread added: 0x000002721d15cf60
Event: 0.061 Thread 0x000002721d45a2c0 Thread added: 0x000002721d45a2c0
Event: 0.064 Thread 0x000002721d465180 Thread added: 0x000002721d465180
Event: 0.183 Thread 0x000002721d15d630 Thread added: 0x000002721d15d630
Event: 0.327 Thread 0x000002721d15d630 Thread exited: 0x000002721d15d630
Event: 0.375 Thread 0x000002721d15d630 Thread added: 0x000002721d15d630
Event: 0.375 Thread 0x000002726b670760 Thread added: 0x000002726b670760


Dynamic libraries:
0x00007ff710670000 - 0x00007ff710680000 	C:\Program Files\Java\jdk-22\bin\java.exe
0x00007fff25da0000 - 0x00007fff26003000 	C:\WINDOWS\SYSTEM32\ntdll.dll
0x00007fff25140000 - 0x00007fff25207000 	C:\WINDOWS\System32\KERNEL32.DLL
0x00007fff237f0000 - 0x00007fff23bb9000 	C:\WINDOWS\System32\KERNELBASE.dll
0x00007fff22fa0000 - 0x00007fff230ec000 	C:\WINDOWS\System32\ucrtbase.dll
0x00007fff0ee50000 - 0x00007fff0ee67000 	C:\Program Files\Java\jdk-22\bin\jli.dll
0x00007fff0ee30000 - 0x00007fff0ee4b000 	C:\Program Files\Java\jdk-22\bin\VCRUNTIME140.dll
0x00007fff256b0000 - 0x00007fff25762000 	C:\WINDOWS\System32\ADVAPI32.dll
0x00007fff23da0000 - 0x00007fff23e49000 	C:\WINDOWS\System32\msvcrt.dll
0x00007fff25ad0000 - 0x00007fff25b76000 	C:\WINDOWS\System32\sechost.dll
0x00007fff252f0000 - 0x00007fff25406000 	C:\WINDOWS\System32\RPCRT4.dll
0x00007fff25770000 - 0x00007fff2593a000 	C:\WINDOWS\System32\USER32.dll
0x00007fff132e0000 - 0x00007fff13570000 	C:\WINDOWS\WinSxS\amd64_microsoft.windows.common-controls_6595b64144ccf1df_6.0.26100.3323_none_3e088096e3344490\COMCTL32.dll
0x00007fff234a0000 - 0x00007fff234c7000 	C:\WINDOWS\System32\win32u.dll
0x00007fff23cc0000 - 0x00007fff23cea000 	C:\WINDOWS\System32\GDI32.dll
0x00007fff23620000 - 0x00007fff23751000 	C:\WINDOWS\System32\gdi32full.dll
0x00007fff234d0000 - 0x00007fff23573000 	C:\WINDOWS\System32\msvcp_win.dll
0x00007fff14de0000 - 0x00007fff14deb000 	C:\WINDOWS\SYSTEM32\VERSION.dll
0x00007fff25660000 - 0x00007fff2568f000 	C:\WINDOWS\System32\IMM32.DLL
0x00007fff1a330000 - 0x00007fff1a33c000 	C:\Program Files\Java\jdk-22\bin\vcruntime140_1.dll
0x00007fff05f20000 - 0x00007fff05fae000 	C:\Program Files\Java\jdk-22\bin\msvcp140.dll
0x00007ffecf6d0000 - 0x00007ffed0418000 	C:\Program Files\Java\jdk-22\bin\server\jvm.dll
0x00007fff24c40000 - 0x00007fff24cb4000 	C:\WINDOWS\System32\WS2_32.dll
0x00007fff22e30000 - 0x00007fff22e7e000 	C:\WINDOWS\SYSTEM32\POWRPROF.dll
0x00007fff0ffc0000 - 0x00007fff0fff6000 	C:\WINDOWS\SYSTEM32\WINMM.dll
0x00007fff22e10000 - 0x00007fff22e24000 	C:\WINDOWS\SYSTEM32\UMPDC.dll
0x00007fff21da0000 - 0x00007fff21dba000 	C:\WINDOWS\SYSTEM32\kernel.appcore.dll
0x00007fff0eef0000 - 0x00007fff0eefa000 	C:\Program Files\Java\jdk-22\bin\jimage.dll
0x00007fff1a380000 - 0x00007fff1a5c1000 	C:\WINDOWS\SYSTEM32\DBGHELP.DLL
0x00007fff24db0000 - 0x00007fff25132000 	C:\WINDOWS\System32\combase.dll
0x00007fff25210000 - 0x00007fff252e6000 	C:\WINDOWS\System32\OLEAUT32.dll
0x00007fff145c0000 - 0x00007fff145f9000 	C:\WINDOWS\SYSTEM32\dbgcore.DLL
0x00007fff23580000 - 0x00007fff23619000 	C:\WINDOWS\System32\bcryptPrimitives.dll
0x00007fff0ee00000 - 0x00007fff0ee1e000 	C:\Program Files\Java\jdk-22\bin\java.dll
0x00007fff23e50000 - 0x00007fff24565000 	C:\WINDOWS\System32\SHELL32.dll
0x00007fff230f0000 - 0x00007fff23258000 	C:\WINDOWS\System32\wintypes.dll
0x00007fff254c0000 - 0x00007fff25655000 	C:\WINDOWS\System32\ole32.dll
0x00007fff20c50000 - 0x00007fff21495000 	C:\WINDOWS\SYSTEM32\windows.storage.dll
0x00007fff24cc0000 - 0x00007fff24dab000 	C:\WINDOWS\System32\SHCORE.dll
0x00007fff23d40000 - 0x00007fff23d9d000 	C:\WINDOWS\System32\shlwapi.dll
0x00007fff22eb0000 - 0x00007fff22edf000 	C:\WINDOWS\SYSTEM32\profapi.dll
0x00007ffee5c50000 - 0x00007ffee5d27000 	C:\Program Files\Java\jdk-22\bin\jsvml.dll
0x00007fff0ed00000 - 0x00007fff0ed10000 	C:\Program Files\Java\jdk-22\bin\net.dll
0x00007fff222e0000 - 0x00007fff2234a000 	C:\WINDOWS\system32\mswsock.dll
0x00007fff0e900000 - 0x00007fff0e916000 	C:\Program Files\Java\jdk-22\bin\nio.dll
0x00007fff0e940000 - 0x00007fff0e957000 	C:\Program Files\Java\jdk-22\bin\zip.dll
0x00007ffefbac0000 - 0x00007ffefbb3e000 	C:\Users\willf\AppData\Local\Temp\lwjgl_willf\3.3.6+1\x64\lwjgl.dll
0x00007ffee5390000 - 0x00007ffee5419000 	C:\Users\willf\AppData\Local\Temp\lwjgl_willf\3.3.6+1\x64\glfw.dll
0x00007ffef3a30000 - 0x00007ffef3a7b000 	C:\WINDOWS\SYSTEM32\dinput8.dll
0x00007fff0a3b0000 - 0x00007fff0a3c2000 	C:\WINDOWS\SYSTEM32\xinput1_4.dll
0x00007fff22af0000 - 0x00007fff22b4f000 	C:\WINDOWS\SYSTEM32\cfgmgr32.dll
0x00007fff22b60000 - 0x00007fff22b8d000 	C:\WINDOWS\SYSTEM32\DEVOBJ.dll
0x00007fff205a0000 - 0x00007fff205d5000 	C:\WINDOWS\SYSTEM32\dwmapi.dll
0x00007fff070c0000 - 0x00007fff0729f000 	C:\WINDOWS\SYSTEM32\inputhost.dll
0x00007fff1d8e0000 - 0x00007fff1da06000 	C:\WINDOWS\SYSTEM32\CoreMessaging.dll
0x00007fff201d0000 - 0x00007fff2027e000 	C:\WINDOWS\system32\uxtheme.dll
0x00007fff25940000 - 0x00007fff25a9b000 	C:\WINDOWS\System32\MSCTF.dll
0x00007fff225a0000 - 0x00007fff225ac000 	C:\WINDOWS\SYSTEM32\CRYPTBASE.DLL
0x00007ffe9cd10000 - 0x00007ffe9ce1c000 	C:\WINDOWS\SYSTEM32\opengl32.dll
0x00007ffe9c820000 - 0x00007ffe9c84d000 	C:\WINDOWS\SYSTEM32\GLU32.dll
0x00007fff20550000 - 0x00007fff20597000 	C:\WINDOWS\SYSTEM32\dxcore.dll
0x00007fff20370000 - 0x00007fff203cd000 	C:\WINDOWS\SYSTEM32\directxdatabasehelper.dll
0x00007fff16cc0000 - 0x00007fff16cda000 	C:\WINDOWS\SYSTEM32\windows.staterepositorycore.dll
0x00007fff0e330000 - 0x00007fff0e35e000 	C:\WINDOWS\System32\DriverStore\FileRepository\u0405562.inf_amd64_833d6fa62fbc9b88\B405308\atig6pxx.dll
0x00007ffe47080000 - 0x00007ffe4b55d000 	C:\WINDOWS\System32\DriverStore\FileRepository\u0405562.inf_amd64_833d6fa62fbc9b88\B405308\atio6axx.dll
0x00007fff24570000 - 0x00007fff249f6000 	C:\WINDOWS\System32\SETUPAPI.dll
0x00007fff0b160000 - 0x00007fff0b195000 	C:\WINDOWS\SYSTEM32\amdihk64.dll
0x00007fff23760000 - 0x00007fff237df000 	C:\WINDOWS\System32\WINTRUST.dll
0x00007fff23260000 - 0x00007fff233d7000 	C:\WINDOWS\System32\CRYPT32.dll
0x00007fff225f0000 - 0x00007fff22603000 	C:\WINDOWS\SYSTEM32\MSASN1.dll
0x00007fff22750000 - 0x00007fff22776000 	C:\WINDOWS\SYSTEM32\BCrypt.dll
0x00007fff0d500000 - 0x00007fff0d646000 	C:\WINDOWS\SYSTEM32\textinputframework.dll
0x00007fff0d650000 - 0x00007fff0d933000 	C:\WINDOWS\SYSTEM32\CoreUIComponents.dll
0x00007ffeeb900000 - 0x00007ffeeb95d000 	C:\Users\willf\AppData\Local\Temp\lwjgl_willf\3.3.6+1\x64\lwjgl_opengl.dll
0x00007fff0e930000 - 0x00007fff0e940000 	C:\Program Files\Java\jdk-22\bin\verify.dll
0x00007ffee5220000 - 0x00007ffee52b9000 	C:\Users\willf\AppData\Local\Temp\lwjgl_willf\3.3.6+1\x64\lwjgl_stb.dll

dbghelp: loaded successfully - version: 4.0.5 - missing functions: none
symbol engine: initialized successfully - sym options: 0x614 - pdb path: .;C:\Program Files\Java\jdk-22\bin;C:\WINDOWS\SYSTEM32;C:\WINDOWS\WinSxS\amd64_microsoft.windows.common-controls_6595b64144ccf1df_6.0.26100.3323_none_3e088096e3344490;C:\Program Files\Java\jdk-22\bin\server;C:\Users\willf\AppData\Local\Temp\lwjgl_willf\3.3.6+1\x64;C:\WINDOWS\System32\DriverStore\FileRepository\u0405562.inf_amd64_833d6fa62fbc9b88\B405308

VM Arguments:
jvm_args: -Dfile.encoding=UTF-8 -Duser.country=US -Duser.language=en -Duser.variant 
java_command: Main
java_class_path (initial): C:\Users\willf\IdeaProjects\GameEngine\build\classes\java\main;C:\Users\willf\IdeaProjects\GameEngine\build\resources\main;C:\Users\willf\.gradle\caches\modules-2\files-2.1\org.lwjgl\lwjgl-assimp\3.3.6\931a8de55dd5ee546689119c85ed4d4af7fa68f2\lwjgl-assimp-3.3.6.jar;C:\Users\willf\.gradle\caches\modules-2\files-2.1\org.lwjgl\lwjgl-assimp\3.3.6\486fa1e2db9fc903a0cab984604cef1a895b0e28\lwjgl-assimp-3.3.6-natives-windows.jar;C:\Users\willf\.gradle\caches\modules-2\files-2.1\org.lwjgl\lwjgl-glfw\3.3.6\7119f7d0eeb1e5502ff0ca71d2b4d47317da015\lwjgl-glfw-3.3.6.jar;C:\Users\willf\.gradle\caches\modules-2\files-2.1\org.lwjgl\lwjgl-glfw\3.3.6\99ef08056feb9627f90425a4d2a22cd9fae8e39b\lwjgl-glfw-3.3.6-natives-windows.jar;C:\Users\willf\.gradle\caches\modules-2\files-2.1\org.lwjgl\lwjgl-nfd\3.3.6\e8059ffaf90c86b061fd89ddf3092979581ec72b\lwjgl-nfd-3.3.6.jar;C:\Users\willf\.gradle\caches\modules-2\files-2.1\org.lwjgl\lwjgl-nfd\3.3.6\749514157757f81256cf28c029fc3ec0dabe9135\lwjgl-nfd-3.3.6-natives-windows.jar;C:\Users\willf\.gradle\caches\modules-2\files-2.1\org.lwjgl\lwjgl-openal\3.3.6\ad313317ff399fd2a7f4dd74716a68cf3976c6ad\lwjgl-openal-3.3.6.jar;C:\Users\willf\.gradle\caches\modules-2\files-2.1\org.lwjgl\lwjgl-openal\3.3.6\9c2b9b660e085bb0b47a4453dc0e26f24a5475e4\lwjgl-openal-3.3.6-natives-windows.jar;C:\Users\willf\.gradle\caches\modules-2\files-2.1\org.lwjgl\lwjgl-opengl\3.3.6\ac2532612a4df374e9a9282bcf8ce2573018ebbb\lwjgl-opengl-3.3.6.jar;C:\Users\willf\.gradle\caches\modules-2\files-2.1\org.lwjgl\lwjgl-opengl\3.3.6\18dc639ebc94aa5202c2157f7490d28997b697c5\lwjgl-opengl-3.3.6-natives-windows.jar;C:\Users\willf\.gradle\caches\modules-2\files-2.1\org.lwjgl\lwjgl-stb\3.3.6\e2d3739dcfe7b672b626ded66d94f6587083306e\lwjgl-stb-3.3.6.jar;C:\Users\willf\.gradle\caches\modules-2\files-2.1\org.lwjgl\lwjgl-stb\3.3.6\334cf885b39e2db9070c39e70e65efb136435f10\lwjgl-stb-3.3.6-natives-windows.jar;C:\Users\willf\.gradle\caches\modules-2\files-2.1\org.lwjgl\lwjgl\3.3.6\ce7721d30cfaf47feaed10213e0c43eb55c49d68\lwjgl-3.3.6.jar;C:\Users\willf\.gradle\caches\modules-2\files-2.1\org.lwjgl\lwjgl\3.3.6\9a29b6a22fc5184604b8cb434ee5d5ecc4bfcbee\lwjgl-3.3.6-natives-windows.jar;C:\Users\willf\.gradle\caches\modules-2\files-2.1\org.joml\joml\1.10.7\f8c3f2e7db281bde099342dd36133de4bbba390c\joml-1.10.7.jar;C:\Users\willf\.gradle\caches\modules-2\files-2.1\org.jetbrains.kotlin\kotlin-stdlib-jdk8\1.8.20\73576ddf378c5b4f1f6b449fe6b119b8183fc078\kotlin-stdlib-jdk8-1.8.20.jar;C:\Users\willf\.gradle\caches\modules-2\files-2.1\org.jetbrains.kotlin\kotlin-stdlib-jdk7\1.8.20\3aa51faf20aae8b31e1a4bc54f8370673d7b7df4\kotlin-stdlib-jdk7-1.8.20.jar;C:\Users\willf\.gradle\caches\modules-2\files-2.1\org.jetbrains.kotlin\kotlin-stdlib\1.8.20\e72fc5e03ec6c064c678a6bd0d955c88d55b0c4a\kotlin-stdlib-1.8.20.jar;C:\Users\willf\.gradle\caches\modules-2\files-2.1\org.jetbrains.kotlin\kotlin-stdlib-common\1.8.20\5eddaaf234c8c49d03eebeb6a14feb7f90faca71\kotlin-stdlib-common-1.8.20.jar;C:\Users\willf\.gradle\caches\modules-2\files-2.1\org.jetbrains\annotations\13.0\919f0dfe192fb4e063e7dacadee7f8bb9a2672a9\annotations-13.0.jar
Launcher Type: SUN_STANDARD

[Global flags]
     intx CICompilerCount                          = 12                                        {product} {ergonomic}
     uint ConcGCThreads                            = 3                                         {product} {ergonomic}
     uint G1ConcRefinementThreads                  = 13                                        {product} {ergonomic}
   size_t G1HeapRegionSize                         = 2097152                                   {product} {ergonomic}
   size_t InitialHeapSize                          = 192937984                                 {product} {ergonomic}
   size_t MarkStackSize                            = 4194304                                   {product} {ergonomic}
   size_t MaxHeapSize                              = 3061841920                                {product} {ergonomic}
   size_t MaxNewSize                               = 1837105152                                {product} {ergonomic}
   size_t MinHeapDeltaBytes                        = 2097152                                   {product} {ergonomic}
   size_t MinHeapSize                              = 8388608                                   {product} {ergonomic}
    uintx NonNMethodCodeHeapSize                   = 7602480                                {pd product} {ergonomic}
    uintx NonProfiledCodeHeapSize                  = 122027880                              {pd product} {ergonomic}
    uintx ProfiledCodeHeapSize                     = 122027880                              {pd product} {ergonomic}
    uintx ReservedCodeCacheSize                    = 251658240                              {pd product} {ergonomic}
     bool SegmentedCodeCache                       = true                                      {product} {ergonomic}
   size_t SoftMaxHeapSize                          = 3061841920                             {manageable} {ergonomic}
     bool UseCompressedOops                        = true                           {product lp64_product} {ergonomic}
     bool UseG1GC                                  = true                                      {product} {ergonomic}
     bool UseLargePagesIndividualAllocation        = false                                  {pd product} {ergonomic}

Logging:
Log output configuration:
 #0: stdout all=warning uptime,level,tags foldmultilines=false
 #1: stderr all=off uptime,level,tags foldmultilines=false

Environment Variables:
PATH=C:\Program Files\Common Files\Oracle\Java\javapath;C:\WINDOWS\system32;C:\WINDOWS;C:\WINDOWS\System32\Wbem;C:\WINDOWS\System32\WindowsPowerShell\v1.0\;C:\WINDOWS\System32\OpenSSH\;C:\Program Files\dotnet\;C:\Program Files\Git\cmd;C:\Users\willf\AppData\Local\Microsoft\WindowsApps;C:\Program Files (x86)\Brackets\;C:\Users\willf\.deno\bin;C:\Users\willf\AppData\Local\GitHubDesktop\bin;C:\Users\willf\slack_cli\bin;C:\Users\willf\AppData\Local\Programs\Microsoft VS Code\bin;C:\Users\willf\.dotnet\tools;C:\Users\willf\AppData\Local\JetBrains\IntelliJ IDEA Community Edition 2024.3.5\bin;;C:\Users\willf\AppData\Local\Microsoft\WindowsApps;
USERNAME=willf
OS=Windows_NT
PROCESSOR_IDENTIFIER=AMD64 Family 25 Model 80 Stepping 0, AuthenticAMD
TMP=C:\Users\willf\AppData\Local\Temp
TEMP=C:\Users\willf\AppData\Local\Temp




Periodic native trim disabled

---------------  S Y S T E M  ---------------

OS:
 Windows 11 , 64 bit Build 26100 (10.0.26100.3323)
OS uptime: 17 days 16:31 hours
Hyper-V role detected

CPU: total 16 (initial active 16) (16 cores per cpu, 2 threads per core) family 25 model 80 stepping 0 microcode 0xa50000d, cx8, cmov, fxsr, ht, mmx, 3dnowpref, sse, sse2, sse3, ssse3, sse4a, sse4.1, sse4.2, popcnt, lzcnt, tsc, tscinvbit, avx, avx2, aes, erms, clmul, bmi1, bmi2, adx, sha, fma, vzeroupper, clflush, clflushopt, hv, rdtscp, rdpid, fsrm, f16c, cet_ss
Processor Information for processor 0
  Max Mhz: 3201, Current Mhz: 3201, Mhz Limit: 3201
Processor Information for processor 1
  Max Mhz: 3201, Current Mhz: 2555, Mhz Limit: 3201
Processor Information for processor 2
  Max Mhz: 3201, Current Mhz: 2555, Mhz Limit: 3201
Processor Information for processor 3
  Max Mhz: 3201, Current Mhz: 2555, Mhz Limit: 3201
Processor Information for processor 4
  Max Mhz: 3201, Current Mhz: 2555, Mhz Limit: 3201
Processor Information for processor 5
  Max Mhz: 3201, Current Mhz: 2555, Mhz Limit: 3201
Processor Information for processor 6
  Max Mhz: 3201, Current Mhz: 2555, Mhz Limit: 3201
Processor Information for processor 7
  Max Mhz: 3201, Current Mhz: 2555, Mhz Limit: 3201
Processor Information for processor 8
  Max Mhz: 3201, Current Mhz: 2555, Mhz Limit: 3201
Processor Information for processor 9
  Max Mhz: 3201, Current Mhz: 2555, Mhz Limit: 3201
Processor Information for processor 10
  Max Mhz: 3201, Current Mhz: 2555, Mhz Limit: 3201
Processor Information for processor 11
  Max Mhz: 3201, Current Mhz: 2555, Mhz Limit: 3201
Processor Information for processor 12
  Max Mhz: 3201, Current Mhz: 2555, Mhz Limit: 3201
Processor Information for processor 13
  Max Mhz: 3201, Current Mhz: 2555, Mhz Limit: 3201
Processor Information for processor 14
  Max Mhz: 3201, Current Mhz: 2555, Mhz Limit: 3201
Processor Information for processor 15
  Max Mhz: 3201, Current Mhz: 2555, Mhz Limit: 3201

Memory: 4k page, system-wide physical 11677M (1608M free)
TotalPageFile size 26234M (AvailPageFile size 2717M)
current process WorkingSet (physical memory assigned to process): 141M, peak: 191M
current process commit charge ("private bytes"): 441M, peak: 445M

vm_info: Java HotSpot(TM) 64-Bit Server VM (22+36-2370) for windows-amd64 JRE (22+36-2370), built on 2024-02-15T22:15:19Z by "mach5one" with MS VC++ 17.6 (VS2022)

END.
